11:39:30 INFO  : Registering command handlers for SDK TCF services
11:39:31 INFO  : Launching XSCT server: xsct.bat -interactive C:\Users\ASUS\Desktop\project_pl_ps\project_pl_ps.sdk\temp_xsdb_launch_script.tcl
11:39:36 INFO  : XSCT server has started successfully.
11:39:36 INFO  : Successfully done setting XSCT server connection channel  
11:39:38 INFO  : Successfully done setting SDK workspace  
11:39:38 INFO  : Processing command line option -hwspec C:/Users/ASUS/Desktop/project_pl_ps/project_pl_ps.sdk/design_1_wrapper.hdf.
11:45:32 INFO  : Successfully generated C:\Users\ASUS\Desktop\project_pl_ps\project_pl_ps.sdk\project_p1\src\lscript.ld.
11:45:32 INFO  : Applying linker script to all configurations of project project_p1.
11:45:32 INFO  : Setting rebuild state to true for all configurations of project project_p1.
17:14:14 INFO  : Registering command handlers for SDK TCF services
17:14:15 INFO  : Launching XSCT server: xsct.bat -interactive C:\Users\ASUS\Desktop\project_pl_ps\project_pl_ps.sdk\temp_xsdb_launch_script.tcl
17:14:23 INFO  : XSCT server has started successfully.
17:14:23 INFO  : Successfully done setting XSCT server connection channel  
17:14:27 INFO  : Successfully done setting SDK workspace  
17:14:27 INFO  : Processing command line option -hwspec C:/Users/ASUS/Desktop/project_pl_ps/project_pl_ps.sdk/design_1_wrapper.hdf.
17:14:27 INFO  : Checking for hwspec changes in the project design_1_wrapper_hw_platform_0.
17:17:17 INFO  : Inferring section assignments and sizes from elf file: C:\Users\ASUS\Desktop\project_pl_ps\project_pl_ps.sdk\project_p1\Debug\project_p1.elf
17:22:07 WARN  : Given IPC port value is invalid. Using default port 2350
17:22:07 WARN  : Given XMD timeout value is invalid. Using default value of 50000
17:22:10 WARN  : Given XMD transaction timeout value is invalid. Using default value of 60000 milli seconds
17:22:10 WARN  : Given XMD transaction timeout value is invalid. Using default value of 60000 milli seconds
17:22:15 WARN  : Given XMD transaction timeout value is invalid. Using default value of 60000 milli seconds
17:30:13 WARN  : Given XMD transaction timeout value is invalid. Using default value of 60000 milli seconds
17:30:20 WARN  : Given XMD transaction timeout value is invalid. Using default value of 60000 milli seconds
17:30:20 WARN  : Given XMD transaction timeout value is invalid. Using default value of 60000 milli seconds
17:30:21 WARN  : Given XMD transaction timeout value is invalid. Using default value of 60000 milli seconds
17:30:21 WARN  : Given XMD transaction timeout value is invalid. Using default value of 60000 milli seconds
17:30:22 WARN  : Given XMD transaction timeout value is invalid. Using default value of 60000 milli seconds
17:30:22 WARN  : Given XMD transaction timeout value is invalid. Using default value of 60000 milli seconds
17:30:22 INFO  : ps7_init is completed.
17:30:22 WARN  : Given XMD transaction timeout value is invalid. Using default value of 60000 milli seconds
17:30:22 INFO  : ps7_post_config is completed.
17:30:22 WARN  : Given XMD transaction timeout value is invalid. Using default value of 60000 milli seconds
17:30:22 WARN  : Given XMD transaction timeout value is invalid. Using default value of 60000 milli seconds
17:30:22 INFO  : Processor reset is completed for ps7_cortexa9_0
17:30:22 WARN  : Given XMD transaction timeout value is invalid. Using default value of 60000 milli seconds
17:30:22 WARN  : Given XMD transaction timeout value is invalid. Using default value of 60000 milli seconds
17:30:23 WARN  : Given XMD transaction timeout value is invalid. Using default value of 60000 milli seconds
17:30:23 WARN  : Given XMD transaction timeout value is invalid. Using default value of 60000 milli seconds
17:30:23 WARN  : Given XMD transaction timeout value is invalid. Using default value of 60000 milli seconds
17:30:23 WARN  : Given XMD transaction timeout value is invalid. Using default value of 60000 milli seconds
17:30:23 WARN  : Given XMD transaction timeout value is invalid. Using default value of 60000 milli seconds
17:30:48 WARN  : Given XMD transaction timeout value is invalid. Using default value of 60000 milli seconds
17:30:48 WARN  : Given XMD transaction timeout value is invalid. Using default value of 60000 milli seconds
17:31:06 WARN  : Given XMD transaction timeout value is invalid. Using default value of 60000 milli seconds
17:31:06 WARN  : Given XMD transaction timeout value is invalid. Using default value of 60000 milli seconds
17:31:06 WARN  : Given XMD transaction timeout value is invalid. Using default value of 60000 milli seconds
17:31:16 WARN  : Given XMD transaction timeout value is invalid. Using default value of 60000 milli seconds
17:32:33 INFO  : Connected to target on host '127.0.0.1' and port '3121'.
17:32:36 INFO  : 'targets -set -filter {jtag_cable_name =~ "Digilent Zybo 210279653320A" && level==0} -index 1' command is executed.
17:32:37 INFO  : FPGA configured successfully with bitstream "C:/Users/ASUS/Desktop/project_pl_ps/project_pl_ps.sdk/design_1_wrapper_hw_platform_0/design_1_wrapper.bit"
17:32:43 WARN  : Given XMD transaction timeout value is invalid. Using default value of 60000 milli seconds
17:32:44 WARN  : Given XMD transaction timeout value is invalid. Using default value of 60000 milli seconds
17:32:44 WARN  : Given XMD transaction timeout value is invalid. Using default value of 60000 milli seconds
17:32:44 WARN  : Given XMD transaction timeout value is invalid. Using default value of 60000 milli seconds
17:32:44 WARN  : Given XMD transaction timeout value is invalid. Using default value of 60000 milli seconds
17:32:44 WARN  : Given XMD transaction timeout value is invalid. Using default value of 60000 milli seconds
17:32:44 WARN  : Given XMD transaction timeout value is invalid. Using default value of 60000 milli seconds
17:32:44 INFO  : ps7_init is completed.
17:32:44 WARN  : Given XMD transaction timeout value is invalid. Using default value of 60000 milli seconds
17:32:44 INFO  : ps7_post_config is completed.
17:32:44 WARN  : Given XMD transaction timeout value is invalid. Using default value of 60000 milli seconds
17:32:44 WARN  : Given XMD transaction timeout value is invalid. Using default value of 60000 milli seconds
17:32:44 INFO  : Processor reset is completed for ps7_cortexa9_0
17:32:44 WARN  : Given XMD transaction timeout value is invalid. Using default value of 60000 milli seconds
17:32:45 WARN  : Given XMD transaction timeout value is invalid. Using default value of 60000 milli seconds
17:32:45 WARN  : Given XMD transaction timeout value is invalid. Using default value of 60000 milli seconds
17:32:45 WARN  : Given XMD transaction timeout value is invalid. Using default value of 60000 milli seconds
17:32:45 WARN  : Given XMD transaction timeout value is invalid. Using default value of 60000 milli seconds
17:32:45 WARN  : Given XMD transaction timeout value is invalid. Using default value of 60000 milli seconds
17:32:45 WARN  : Given XMD transaction timeout value is invalid. Using default value of 60000 milli seconds
17:32:46 WARN  : Given XMD transaction timeout value is invalid. Using default value of 60000 milli seconds
17:32:46 WARN  : Given XMD transaction timeout value is invalid. Using default value of 60000 milli seconds
17:32:46 WARN  : Given XMD transaction timeout value is invalid. Using default value of 60000 milli seconds
18:09:41 WARN  : Given XMD transaction timeout value is invalid. Using default value of 60000 milli seconds
18:09:41 WARN  : Given XMD transaction timeout value is invalid. Using default value of 60000 milli seconds
18:09:41 WARN  : Given XMD transaction timeout value is invalid. Using default value of 60000 milli seconds
18:09:41 WARN  : Given XMD transaction timeout value is invalid. Using default value of 60000 milli seconds
18:09:41 WARN  : Given XMD transaction timeout value is invalid. Using default value of 60000 milli seconds
18:09:41 WARN  : Given XMD transaction timeout value is invalid. Using default value of 60000 milli seconds
18:09:41 WARN  : Given XMD transaction timeout value is invalid. Using default value of 60000 milli seconds
18:09:41 INFO  : Processor reset is completed for ps7_cortexa9_0
18:09:41 WARN  : Given XMD transaction timeout value is invalid. Using default value of 60000 milli seconds
18:09:41 WARN  : Given XMD transaction timeout value is invalid. Using default value of 60000 milli seconds
18:09:42 WARN  : Given XMD transaction timeout value is invalid. Using default value of 60000 milli seconds
18:09:42 WARN  : Given XMD transaction timeout value is invalid. Using default value of 60000 milli seconds
18:09:42 WARN  : Given XMD transaction timeout value is invalid. Using default value of 60000 milli seconds
18:09:42 WARN  : Given XMD transaction timeout value is invalid. Using default value of 60000 milli seconds
18:09:42 WARN  : Given XMD transaction timeout value is invalid. Using default value of 60000 milli seconds
18:09:42 WARN  : Given XMD transaction timeout value is invalid. Using default value of 60000 milli seconds
18:09:42 WARN  : Given XMD transaction timeout value is invalid. Using default value of 60000 milli seconds
18:09:42 WARN  : Given XMD transaction timeout value is invalid. Using default value of 60000 milli seconds
18:11:01 WARN  : Given XMD transaction timeout value is invalid. Using default value of 60000 milli seconds
18:11:01 WARN  : Given XMD transaction timeout value is invalid. Using default value of 60000 milli seconds
18:11:01 WARN  : Given XMD transaction timeout value is invalid. Using default value of 60000 milli seconds
18:11:01 WARN  : Given XMD transaction timeout value is invalid. Using default value of 60000 milli seconds
18:11:01 WARN  : Given XMD transaction timeout value is invalid. Using default value of 60000 milli seconds
18:11:02 WARN  : Given XMD transaction timeout value is invalid. Using default value of 60000 milli seconds
18:11:02 WARN  : Given XMD transaction timeout value is invalid. Using default value of 60000 milli seconds
18:11:02 INFO  : Processor reset is completed for ps7_cortexa9_0
18:11:02 WARN  : Given XMD transaction timeout value is invalid. Using default value of 60000 milli seconds
18:11:02 WARN  : Given XMD transaction timeout value is invalid. Using default value of 60000 milli seconds
18:11:02 WARN  : Given XMD transaction timeout value is invalid. Using default value of 60000 milli seconds
18:11:02 WARN  : Given XMD transaction timeout value is invalid. Using default value of 60000 milli seconds
18:11:02 WARN  : Given XMD transaction timeout value is invalid. Using default value of 60000 milli seconds
18:11:03 WARN  : Given XMD transaction timeout value is invalid. Using default value of 60000 milli seconds
18:11:03 WARN  : Given XMD transaction timeout value is invalid. Using default value of 60000 milli seconds
18:11:03 WARN  : Given XMD transaction timeout value is invalid. Using default value of 60000 milli seconds
18:11:03 WARN  : Given XMD transaction timeout value is invalid. Using default value of 60000 milli seconds
18:11:03 WARN  : Given XMD transaction timeout value is invalid. Using default value of 60000 milli seconds
18:13:06 WARN  : Given XMD transaction timeout value is invalid. Using default value of 60000 milli seconds
18:13:06 WARN  : Given XMD transaction timeout value is invalid. Using default value of 60000 milli seconds
18:13:06 WARN  : Given XMD transaction timeout value is invalid. Using default value of 60000 milli seconds
18:13:06 WARN  : Given XMD transaction timeout value is invalid. Using default value of 60000 milli seconds
18:13:06 WARN  : Given XMD transaction timeout value is invalid. Using default value of 60000 milli seconds
18:13:06 WARN  : Given XMD transaction timeout value is invalid. Using default value of 60000 milli seconds
18:13:06 WARN  : Given XMD transaction timeout value is invalid. Using default value of 60000 milli seconds
18:13:06 INFO  : Processor reset is completed for ps7_cortexa9_0
18:13:06 WARN  : Given XMD transaction timeout value is invalid. Using default value of 60000 milli seconds
18:13:07 WARN  : Given XMD transaction timeout value is invalid. Using default value of 60000 milli seconds
18:13:07 WARN  : Given XMD transaction timeout value is invalid. Using default value of 60000 milli seconds
18:13:07 WARN  : Given XMD transaction timeout value is invalid. Using default value of 60000 milli seconds
18:13:07 WARN  : Given XMD transaction timeout value is invalid. Using default value of 60000 milli seconds
18:13:07 WARN  : Given XMD transaction timeout value is invalid. Using default value of 60000 milli seconds
18:13:07 WARN  : Given XMD transaction timeout value is invalid. Using default value of 60000 milli seconds
18:13:08 WARN  : Given XMD transaction timeout value is invalid. Using default value of 60000 milli seconds
18:13:08 WARN  : Given XMD transaction timeout value is invalid. Using default value of 60000 milli seconds
18:13:08 WARN  : Given XMD transaction timeout value is invalid. Using default value of 60000 milli seconds
18:14:50 WARN  : Given XMD transaction timeout value is invalid. Using default value of 60000 milli seconds
18:14:50 WARN  : Given XMD transaction timeout value is invalid. Using default value of 60000 milli seconds
18:14:51 WARN  : Given XMD transaction timeout value is invalid. Using default value of 60000 milli seconds
18:14:51 WARN  : Given XMD transaction timeout value is invalid. Using default value of 60000 milli seconds
18:14:51 WARN  : Given XMD transaction timeout value is invalid. Using default value of 60000 milli seconds
18:14:51 WARN  : Given XMD transaction timeout value is invalid. Using default value of 60000 milli seconds
18:14:51 WARN  : Given XMD transaction timeout value is invalid. Using default value of 60000 milli seconds
18:14:51 INFO  : Processor reset is completed for ps7_cortexa9_0
18:14:51 WARN  : Given XMD transaction timeout value is invalid. Using default value of 60000 milli seconds
18:14:51 WARN  : Given XMD transaction timeout value is invalid. Using default value of 60000 milli seconds
18:14:52 WARN  : Given XMD transaction timeout value is invalid. Using default value of 60000 milli seconds
18:14:52 WARN  : Given XMD transaction timeout value is invalid. Using default value of 60000 milli seconds
18:14:52 WARN  : Given XMD transaction timeout value is invalid. Using default value of 60000 milli seconds
18:14:52 WARN  : Given XMD transaction timeout value is invalid. Using default value of 60000 milli seconds
18:14:52 WARN  : Given XMD transaction timeout value is invalid. Using default value of 60000 milli seconds
18:14:52 WARN  : Given XMD transaction timeout value is invalid. Using default value of 60000 milli seconds
18:14:52 WARN  : Given XMD transaction timeout value is invalid. Using default value of 60000 milli seconds
18:14:52 WARN  : Given XMD transaction timeout value is invalid. Using default value of 60000 milli seconds
18:16:34 WARN  : Given XMD transaction timeout value is invalid. Using default value of 60000 milli seconds
18:16:34 WARN  : Given XMD transaction timeout value is invalid. Using default value of 60000 milli seconds
18:16:34 WARN  : Given XMD transaction timeout value is invalid. Using default value of 60000 milli seconds
18:16:34 WARN  : Given XMD transaction timeout value is invalid. Using default value of 60000 milli seconds
18:16:34 WARN  : Given XMD transaction timeout value is invalid. Using default value of 60000 milli seconds
18:16:34 WARN  : Given XMD transaction timeout value is invalid. Using default value of 60000 milli seconds
18:16:34 WARN  : Given XMD transaction timeout value is invalid. Using default value of 60000 milli seconds
18:16:34 INFO  : Processor reset is completed for ps7_cortexa9_0
18:16:34 WARN  : Given XMD transaction timeout value is invalid. Using default value of 60000 milli seconds
18:16:34 WARN  : Given XMD transaction timeout value is invalid. Using default value of 60000 milli seconds
18:16:35 WARN  : Given XMD transaction timeout value is invalid. Using default value of 60000 milli seconds
18:16:35 WARN  : Given XMD transaction timeout value is invalid. Using default value of 60000 milli seconds
18:16:35 WARN  : Given XMD transaction timeout value is invalid. Using default value of 60000 milli seconds
18:16:35 WARN  : Given XMD transaction timeout value is invalid. Using default value of 60000 milli seconds
18:16:35 WARN  : Given XMD transaction timeout value is invalid. Using default value of 60000 milli seconds
18:16:35 WARN  : Given XMD transaction timeout value is invalid. Using default value of 60000 milli seconds
18:16:35 WARN  : Given XMD transaction timeout value is invalid. Using default value of 60000 milli seconds
18:16:35 WARN  : Given XMD transaction timeout value is invalid. Using default value of 60000 milli seconds
18:16:54 WARN  : Given XMD transaction timeout value is invalid. Using default value of 60000 milli seconds
18:16:54 WARN  : Given XMD transaction timeout value is invalid. Using default value of 60000 milli seconds
18:16:54 WARN  : Given XMD transaction timeout value is invalid. Using default value of 60000 milli seconds
18:16:54 WARN  : Given XMD transaction timeout value is invalid. Using default value of 60000 milli seconds
18:16:54 WARN  : Given XMD transaction timeout value is invalid. Using default value of 60000 milli seconds
18:16:54 WARN  : Given XMD transaction timeout value is invalid. Using default value of 60000 milli seconds
18:16:54 WARN  : Given XMD transaction timeout value is invalid. Using default value of 60000 milli seconds
18:16:54 INFO  : Processor reset is completed for ps7_cortexa9_0
18:16:54 WARN  : Given XMD transaction timeout value is invalid. Using default value of 60000 milli seconds
18:16:55 WARN  : Given XMD transaction timeout value is invalid. Using default value of 60000 milli seconds
18:16:55 WARN  : Given XMD transaction timeout value is invalid. Using default value of 60000 milli seconds
18:16:55 WARN  : Given XMD transaction timeout value is invalid. Using default value of 60000 milli seconds
18:16:55 WARN  : Given XMD transaction timeout value is invalid. Using default value of 60000 milli seconds
18:16:55 WARN  : Given XMD transaction timeout value is invalid. Using default value of 60000 milli seconds
18:16:55 WARN  : Given XMD transaction timeout value is invalid. Using default value of 60000 milli seconds
18:16:56 WARN  : Given XMD transaction timeout value is invalid. Using default value of 60000 milli seconds
18:16:56 WARN  : Given XMD transaction timeout value is invalid. Using default value of 60000 milli seconds
18:16:56 WARN  : Given XMD transaction timeout value is invalid. Using default value of 60000 milli seconds
18:18:02 WARN  : Given XMD transaction timeout value is invalid. Using default value of 60000 milli seconds
18:18:02 WARN  : Given XMD transaction timeout value is invalid. Using default value of 60000 milli seconds
18:18:02 WARN  : Given XMD transaction timeout value is invalid. Using default value of 60000 milli seconds
18:18:02 WARN  : Given XMD transaction timeout value is invalid. Using default value of 60000 milli seconds
18:18:02 WARN  : Given XMD transaction timeout value is invalid. Using default value of 60000 milli seconds
18:18:02 WARN  : Given XMD transaction timeout value is invalid. Using default value of 60000 milli seconds
18:18:02 WARN  : Given XMD transaction timeout value is invalid. Using default value of 60000 milli seconds
18:18:02 INFO  : Processor reset is completed for ps7_cortexa9_0
18:18:02 WARN  : Given XMD transaction timeout value is invalid. Using default value of 60000 milli seconds
18:18:02 WARN  : Given XMD transaction timeout value is invalid. Using default value of 60000 milli seconds
18:18:03 WARN  : Given XMD transaction timeout value is invalid. Using default value of 60000 milli seconds
18:18:03 WARN  : Given XMD transaction timeout value is invalid. Using default value of 60000 milli seconds
18:18:03 WARN  : Given XMD transaction timeout value is invalid. Using default value of 60000 milli seconds
18:18:03 WARN  : Given XMD transaction timeout value is invalid. Using default value of 60000 milli seconds
18:18:03 WARN  : Given XMD transaction timeout value is invalid. Using default value of 60000 milli seconds
18:18:03 WARN  : Given XMD transaction timeout value is invalid. Using default value of 60000 milli seconds
18:18:03 WARN  : Given XMD transaction timeout value is invalid. Using default value of 60000 milli seconds
18:18:03 WARN  : Given XMD transaction timeout value is invalid. Using default value of 60000 milli seconds
18:18:19 ERROR : Unexpected error while parsing XMD response ?: com.google.gson.JsonSyntaxException: com.google.gson.stream.MalformedJsonException: invalid number or unquoted string near 
