Vivado Simulator 2017.4
Copyright 1986-1999, 2001-2016 Xilinx, Inc. All Rights Reserved.
Running: C:/Xilinx/Vivado/2017.4/bin/unwrapped/win64.o/xelab.exe -wto 39a68ee14ac14f70a5cee1724ec3c961 --incr --debug typical --relax --mt 2 -L xil_defaultlib -L xilinx_vip -L unisims_ver -L secureip --snapshot tb_stream_mats_func_synth xil_defaultlib.tb_stream_mats xil_defaultlib.glbl -log elaborate.log 
Using 2 slave threads.
Starting static elaboration
Completed static elaboration
Starting simulation data flow analysis
Completed simulation data flow analysis
Time Resolution for simulation is 1ps
Compiling package std.standard
Compiling package std.textio
Compiling package ieee.std_logic_1164
Compiling package ieee.numeric_std
Compiling package unisim.vcomponents
Compiling package ieee.std_logic_arith
Compiling package ieee.std_logic_signed
Compiling package ieee.std_logic_textio
Compiling package ieee.vital_timing
Compiling package ieee.vital_primitives
Compiling package unisim.vpkg
Compiling module xil_defaultlib.glbl
Compiling architecture behavioral of entity xil_defaultlib.vect_prod_dpv [vect_prod_dpv_default]
Compiling architecture gnd_v of entity unisim.GND [gnd_default]
Compiling architecture rb36_internal_vhdl_v of entity unisim.RB36_INTERNAL_VHDL [\RB36_INTERNAL_VHDL(init_a="0000...]
Compiling architecture ramb36e1_v of entity unisim.RAMB36E1 [\RAMB36E1(rdaddr_collision_hwcon...]
Compiling architecture structure of entity xil_defaultlib.\blk_mem_gen_prim_wrapper__parameterized1\ [\blk_mem_gen_prim_wrapper__param...]
Compiling architecture structure of entity xil_defaultlib.\blk_mem_gen_prim_width__parameterized1\ [\blk_mem_gen_prim_width__paramet...]
Compiling architecture structure of entity xil_defaultlib.\blk_mem_gen_generic_cstr__parameterized0\ [\blk_mem_gen_generic_cstr__param...]
Compiling architecture structure of entity xil_defaultlib.\blk_mem_gen_top__parameterized0\ [\blk_mem_gen_top__parameterized0...]
Compiling architecture structure of entity xil_defaultlib.\blk_mem_gen_v8_4_1_synth__parameterized0\ [\blk_mem_gen_v8_4_1_synth__param...]
Compiling architecture structure of entity xil_defaultlib.\blk_mem_gen_v8_4_1__parameterized1\ [\blk_mem_gen_v8_4_1__parameteriz...]
Compiling architecture structure of entity xil_defaultlib.blk_mem_gen_0 [blk_mem_gen_0_default]
Compiling architecture arch_imp of entity xil_defaultlib.my_axis_int_matp_cnt [my_axis_int_matp_cnt_default]
Compiling architecture behavioral of entity xil_defaultlib.tb_stream_mats
Built simulation snapshot tb_stream_mats_func_synth
