INFO: [VRFC 10-163] Analyzing VHDL file "C:/Users/ASUS/Desktop/project_pl_ps/project_pl_ps.sim/sim_1/synth/func/xsim/tb_stream_mats_func_synth.vhd" into library xil_defaultlib
INFO: [VRFC 10-307] analyzing entity axi_protocol_converter_v2_1_15_b2s_incr_cmd
INFO: [VRFC 10-307] analyzing entity axi_protocol_converter_v2_1_15_b2s_incr_cmd_3
INFO: [VRFC 10-307] analyzing entity axi_protocol_converter_v2_1_15_b2s_rd_cmd_fsm
INFO: [VRFC 10-307] analyzing entity axi_protocol_converter_v2_1_15_b2s_simple_fifo
INFO: [VRFC 10-307] analyzing entity \axi_protocol_converter_v2_1_15_b2s_simple_fifo__parameterized0\
INFO: [VRFC 10-307] analyzing entity \axi_protocol_converter_v2_1_15_b2s_simple_fifo__parameterized1\
INFO: [VRFC 10-307] analyzing entity \axi_protocol_converter_v2_1_15_b2s_simple_fifo__parameterized2\
INFO: [VRFC 10-307] analyzing entity axi_protocol_converter_v2_1_15_b2s_wr_cmd_fsm
INFO: [VRFC 10-307] analyzing entity axi_protocol_converter_v2_1_15_b2s_wrap_cmd
INFO: [VRFC 10-307] analyzing entity axi_protocol_converter_v2_1_15_b2s_wrap_cmd_4
INFO: [VRFC 10-307] analyzing entity axi_register_slice_v2_1_15_axic_register_slice
INFO: [VRFC 10-307] analyzing entity axi_register_slice_v2_1_15_axic_register_slice_1
INFO: [VRFC 10-307] analyzing entity \axi_register_slice_v2_1_15_axic_register_slice__parameterized1\
INFO: [VRFC 10-307] analyzing entity \axi_register_slice_v2_1_15_axic_register_slice__parameterized2\
INFO: [VRFC 10-307] analyzing entity cdc_sync
INFO: [VRFC 10-307] analyzing entity cdc_sync_0
INFO: [VRFC 10-307] analyzing entity processing_system7_v5_5_processing_system7
INFO: [VRFC 10-307] analyzing entity pselect_f
INFO: [VRFC 10-307] analyzing entity \pselect_f__parameterized0\
INFO: [VRFC 10-307] analyzing entity \pselect_f__parameterized1\
INFO: [VRFC 10-307] analyzing entity \pselect_f__parameterized10\
INFO: [VRFC 10-307] analyzing entity \pselect_f__parameterized11\
INFO: [VRFC 10-307] analyzing entity \pselect_f__parameterized3\
INFO: [VRFC 10-307] analyzing entity \pselect_f__parameterized4\
INFO: [VRFC 10-307] analyzing entity \pselect_f__parameterized5\
INFO: [VRFC 10-307] analyzing entity \pselect_f__parameterized6\
INFO: [VRFC 10-307] analyzing entity \pselect_f__parameterized7\
INFO: [VRFC 10-307] analyzing entity \pselect_f__parameterized8\
INFO: [VRFC 10-307] analyzing entity \pselect_f__parameterized9\
INFO: [VRFC 10-307] analyzing entity upcnt_n
INFO: [VRFC 10-307] analyzing entity vect_prod_dpv
INFO: [VRFC 10-307] analyzing entity xpm_cdc_async_rst
INFO: [VRFC 10-307] analyzing entity xpm_cdc_sync_rst
INFO: [VRFC 10-307] analyzing entity \xpm_cdc_sync_rst__2\
INFO: [VRFC 10-307] analyzing entity blk_mem_gen_prim_wrapper
INFO: [VRFC 10-307] analyzing entity blk_mem_gen_prim_wrapper_19
INFO: [VRFC 10-307] analyzing entity \blk_mem_gen_prim_wrapper__parameterized0\
INFO: [VRFC 10-307] analyzing entity \blk_mem_gen_prim_wrapper__parameterized0_18\
INFO: [VRFC 10-307] analyzing entity \blk_mem_gen_prim_wrapper__parameterized1\
INFO: [VRFC 10-307] analyzing entity compare
INFO: [VRFC 10-307] analyzing entity compare_21
INFO: [VRFC 10-307] analyzing entity compare_22
INFO: [VRFC 10-307] analyzing entity compare_27
INFO: [VRFC 10-307] analyzing entity compare_28
INFO: [VRFC 10-307] analyzing entity compare_5
INFO: [VRFC 10-307] analyzing entity compare_6
INFO: [VRFC 10-307] analyzing entity compare_7
INFO: [VRFC 10-307] analyzing entity compare_8
INFO: [VRFC 10-307] analyzing entity dmem
INFO: [VRFC 10-307] analyzing entity rd_bin_cntr
INFO: [VRFC 10-307] analyzing entity rd_bin_cntr_26
INFO: [VRFC 10-307] analyzing entity \rd_bin_cntr__parameterized0\
INFO: [VRFC 10-307] analyzing entity rd_fwft
INFO: [VRFC 10-307] analyzing entity rd_fwft_23
INFO: [VRFC 10-307] analyzing entity rd_fwft_9
INFO: [VRFC 10-307] analyzing entity rd_pe_ss
INFO: [VRFC 10-307] analyzing entity rd_pe_ss_24
INFO: [VRFC 10-307] analyzing entity \rd_status_flags_ss__parameterized0\
INFO: [VRFC 10-307] analyzing entity updn_cntr
INFO: [VRFC 10-307] analyzing entity wr_bin_cntr
INFO: [VRFC 10-307] analyzing entity \wr_bin_cntr__parameterized0\
INFO: [VRFC 10-307] analyzing entity \wr_bin_cntr__parameterized1\
INFO: [VRFC 10-307] analyzing entity wr_pf_ss
INFO: [VRFC 10-307] analyzing entity wr_pf_ss_20
INFO: [VRFC 10-307] analyzing entity \wr_status_flags_ss__parameterized1\
INFO: [VRFC 10-307] analyzing entity address_decoder
INFO: [VRFC 10-307] analyzing entity axi_protocol_converter_v2_1_15_b2s_b_channel
INFO: [VRFC 10-307] analyzing entity axi_protocol_converter_v2_1_15_b2s_cmd_translator
INFO: [VRFC 10-307] analyzing entity axi_protocol_converter_v2_1_15_b2s_cmd_translator_2
INFO: [VRFC 10-307] analyzing entity axi_protocol_converter_v2_1_15_b2s_r_channel
INFO: [VRFC 10-307] analyzing entity axi_register_slice_v2_1_15_axi_register_slice
INFO: [VRFC 10-307] analyzing entity design_1_processing_system7_0_0
INFO: [VRFC 10-307] analyzing entity lpf
INFO: [VRFC 10-307] analyzing entity sequence_psr
INFO: [VRFC 10-307] analyzing entity blk_mem_gen_prim_width
INFO: [VRFC 10-307] analyzing entity blk_mem_gen_prim_width_16
INFO: [VRFC 10-307] analyzing entity \blk_mem_gen_prim_width__parameterized0\
INFO: [VRFC 10-307] analyzing entity \blk_mem_gen_prim_width__parameterized0_17\
INFO: [VRFC 10-307] analyzing entity \blk_mem_gen_prim_width__parameterized1\
INFO: [VRFC 10-307] analyzing entity dc_ss_fwft
INFO: [VRFC 10-307] analyzing entity \memory__parameterized0\
INFO: [VRFC 10-307] analyzing entity \rd_logic__parameterized0\
INFO: [VRFC 10-307] analyzing entity rd_status_flags_ss
INFO: [VRFC 10-307] analyzing entity rd_status_flags_ss_25
INFO: [VRFC 10-307] analyzing entity reset_blk_ramfifo
INFO: [VRFC 10-307] analyzing entity \reset_blk_ramfifo__parameterized0\
INFO: [VRFC 10-307] analyzing entity \reset_blk_ramfifo__parameterized0__xdcDup__1\
INFO: [VRFC 10-307] analyzing entity \wr_logic__parameterized1\
INFO: [VRFC 10-307] analyzing entity wr_status_flags_ss
INFO: [VRFC 10-307] analyzing entity \wr_status_flags_ss__parameterized0\
INFO: [VRFC 10-307] analyzing entity axi_protocol_converter_v2_1_15_b2s_ar_channel
INFO: [VRFC 10-307] analyzing entity axi_protocol_converter_v2_1_15_b2s_aw_channel
INFO: [VRFC 10-307] analyzing entity proc_sys_reset
INFO: [VRFC 10-307] analyzing entity slave_attachment
INFO: [VRFC 10-307] analyzing entity blk_mem_gen_generic_cstr
INFO: [VRFC 10-307] analyzing entity blk_mem_gen_generic_cstr_15
INFO: [VRFC 10-307] analyzing entity \blk_mem_gen_generic_cstr__parameterized0\
INFO: [VRFC 10-307] analyzing entity \fifo_generator_ramfifo__parameterized1\
INFO: [VRFC 10-307] analyzing entity rd_logic
INFO: [VRFC 10-307] analyzing entity rd_logic_10
INFO: [VRFC 10-307] analyzing entity wr_logic
INFO: [VRFC 10-307] analyzing entity \wr_logic__parameterized0\
INFO: [VRFC 10-307] analyzing entity axi_lite_ipif
INFO: [VRFC 10-307] analyzing entity axi_protocol_converter_v2_1_15_b2s
INFO: [VRFC 10-307] analyzing entity design_1_rst_ps7_0_100M_2
INFO: [VRFC 10-307] analyzing entity blk_mem_gen_top
INFO: [VRFC 10-307] analyzing entity blk_mem_gen_top_14
INFO: [VRFC 10-307] analyzing entity \blk_mem_gen_top__parameterized0\
INFO: [VRFC 10-307] analyzing entity \fifo_generator_top__parameterized1\
INFO: [VRFC 10-307] analyzing entity axi_protocol_converter_v2_1_15_axi_protocol_converter
INFO: [VRFC 10-307] analyzing entity blk_mem_gen_v8_4_1_synth
INFO: [VRFC 10-307] analyzing entity blk_mem_gen_v8_4_1_synth_13
INFO: [VRFC 10-307] analyzing entity \blk_mem_gen_v8_4_1_synth__parameterized0\
INFO: [VRFC 10-307] analyzing entity \fifo_generator_v13_2_1_synth__parameterized1\
INFO: [VRFC 10-307] analyzing entity design_1_auto_pc_0
INFO: [VRFC 10-307] analyzing entity blk_mem_gen_v8_4_1
INFO: [VRFC 10-307] analyzing entity blk_mem_gen_v8_4_1_12
INFO: [VRFC 10-307] analyzing entity \blk_mem_gen_v8_4_1__parameterized1\
INFO: [VRFC 10-307] analyzing entity \fifo_generator_v13_2_1__parameterized1\
INFO: [VRFC 10-307] analyzing entity blk_mem_gen_0
INFO: [VRFC 10-307] analyzing entity s00_couplers_imp_UYSKKA
INFO: [VRFC 10-307] analyzing entity sync_fifo_fg
INFO: [VRFC 10-307] analyzing entity memory
INFO: [VRFC 10-307] analyzing entity memory_11
INFO: [VRFC 10-307] analyzing entity design_1_ps7_0_axi_periph_2
INFO: [VRFC 10-307] analyzing entity my_axis_int_matp_cnt
INFO: [VRFC 10-307] analyzing entity fifo_generator_ramfifo
INFO: [VRFC 10-307] analyzing entity \fifo_generator_ramfifo__parameterized0\
INFO: [VRFC 10-307] analyzing entity design_1_my_axis_int_matp_cnt_0_1
INFO: [VRFC 10-307] analyzing entity fifo_generator_top
INFO: [VRFC 10-307] analyzing entity \fifo_generator_top__parameterized0\
INFO: [VRFC 10-307] analyzing entity fifo_generator_v13_2_1_synth
INFO: [VRFC 10-307] analyzing entity \fifo_generator_v13_2_1_synth__parameterized0\
INFO: [VRFC 10-307] analyzing entity fifo_generator_v13_2_1
INFO: [VRFC 10-307] analyzing entity \fifo_generator_v13_2_1__parameterized0\
INFO: [VRFC 10-307] analyzing entity axis_fg
INFO: [VRFC 10-307] analyzing entity \axis_fg__parameterized0\
INFO: [VRFC 10-307] analyzing entity fifo
INFO: [VRFC 10-307] analyzing entity \fifo__parameterized0\
INFO: [VRFC 10-307] analyzing entity ipic2axi_s
INFO: [VRFC 10-307] analyzing entity axi_fifo_mm_s
INFO: [VRFC 10-307] analyzing entity design_1_axi_fifo_mm_s_0_1
INFO: [VRFC 10-307] analyzing entity design_1
INFO: [VRFC 10-307] analyzing entity design_1_wrapper
INFO: [VRFC 10-163] Analyzing VHDL file "C:/Users/ASUS/Desktop/project_pl_ps/matpIP/src/my_axis_int_matp_cnt.vhd" into library xil_defaultlib
INFO: [VRFC 10-307] analyzing entity my_axis_int_matp_cnt
WARNING: [VRFC 10-1193] overwriting existing primary unit my_axis_int_matp_cnt [C:/Users/ASUS/Desktop/project_pl_ps/matpIP/src/my_axis_int_matp_cnt.vhd:5]
INFO: [VRFC 10-163] Analyzing VHDL file "C:/Users/ASUS/Desktop/project_pl_ps/matpIP/src/vect_prod_dpv.vhd" into library xil_defaultlib
INFO: [VRFC 10-307] analyzing entity vect_prod_dpv
WARNING: [VRFC 10-1193] overwriting existing primary unit vect_prod_dpv [C:/Users/ASUS/Desktop/project_pl_ps/matpIP/src/vect_prod_dpv.vhd:13]
INFO: [VRFC 10-163] Analyzing VHDL file "C:/Users/ASUS/Desktop/project_pl_ps/matpIP/src/tb_stream_mats.vhd" into library xil_defaultlib
INFO: [VRFC 10-307] analyzing entity tb_stream_mats
