18:00:21 INFO  : Registering command handlers for SDK TCF services
18:00:22 INFO  : Launching XSCT server: xsct.bat -interactive C:\Users\ASUS\Desktop\project_ps_only\project_ps_only.sdk\temp_xsdb_launch_script.tcl
18:00:27 INFO  : XSCT server has started successfully.
18:00:27 INFO  : Successfully done setting XSCT server connection channel  
18:00:27 INFO  : Successfully done setting SDK workspace  
18:00:27 INFO  : Processing command line option -hwspec C:/Users/ASUS/Desktop/project_ps_only/project_ps_only.sdk/design_1_wrapper.hdf.
18:29:29 INFO  : Inferring section assignments and sizes from elf file: C:\Users\ASUS\Desktop\project_ps_only\project_ps_only.sdk\ps_only\Debug\ps_only.elf
18:29:59 INFO  : Successfully generated C:\Users\ASUS\Desktop\project_ps_only\project_ps_only.sdk\ps_only\src\lscript.ld.
18:29:59 INFO  : Applying linker script to all configurations of project ps_only.
18:29:59 INFO  : Setting rebuild state to true for all configurations of project ps_only.
17:08:51 INFO  : Registering command handlers for SDK TCF services
17:08:53 INFO  : Launching XSCT server: xsct.bat -interactive C:\Users\ASUS\Desktop\project_ps_only\project_ps_only.sdk\temp_xsdb_launch_script.tcl
17:09:02 INFO  : XSCT server has started successfully.
17:09:10 INFO  : Successfully done setting XSCT server connection channel  
17:09:10 INFO  : Processing command line option -hwspec C:/Users/ASUS/Desktop/project_ps_only/project_ps_only.sdk/design_1_wrapper.hdf.
17:09:16 INFO  : Successfully done setting SDK workspace  
17:09:16 INFO  : Checking for hwspec changes in the project design_1_wrapper_hw_platform_0.
17:11:24 WARN  : Given IPC port value is invalid. Using default port 2350
17:11:24 WARN  : Given XMD timeout value is invalid. Using default value of 50000
17:11:27 WARN  : Given XMD transaction timeout value is invalid. Using default value of 60000 milli seconds
17:11:27 WARN  : Given XMD transaction timeout value is invalid. Using default value of 60000 milli seconds
17:11:32 WARN  : Given XMD transaction timeout value is invalid. Using default value of 60000 milli seconds
17:11:32 WARN  : Given XMD transaction timeout value is invalid. Using default value of 60000 milli seconds
17:11:36 WARN  : Given XMD transaction timeout value is invalid. Using default value of 60000 milli seconds
17:11:37 WARN  : Given XMD transaction timeout value is invalid. Using default value of 60000 milli seconds
17:11:37 WARN  : Given XMD transaction timeout value is invalid. Using default value of 60000 milli seconds
17:11:37 WARN  : Given XMD transaction timeout value is invalid. Using default value of 60000 milli seconds
17:11:37 INFO  : ps7_init is completed.
17:11:37 WARN  : Given XMD transaction timeout value is invalid. Using default value of 60000 milli seconds
17:11:37 WARN  : Given XMD transaction timeout value is invalid. Using default value of 60000 milli seconds
17:11:37 INFO  : Processor reset is completed for ps7_cortexa9_0
17:11:37 WARN  : Given XMD transaction timeout value is invalid. Using default value of 60000 milli seconds
17:11:38 WARN  : Given XMD transaction timeout value is invalid. Using default value of 60000 milli seconds
17:11:38 WARN  : Given XMD transaction timeout value is invalid. Using default value of 60000 milli seconds
17:11:38 WARN  : Given XMD transaction timeout value is invalid. Using default value of 60000 milli seconds
17:11:38 WARN  : Given XMD transaction timeout value is invalid. Using default value of 60000 milli seconds
17:11:38 WARN  : Given XMD transaction timeout value is invalid. Using default value of 60000 milli seconds
17:11:38 WARN  : Given XMD transaction timeout value is invalid. Using default value of 60000 milli seconds
17:11:38 WARN  : Given XMD transaction timeout value is invalid. Using default value of 60000 milli seconds
17:11:38 WARN  : Given XMD transaction timeout value is invalid. Using default value of 60000 milli seconds
17:11:43 WARN  : Given XMD transaction timeout value is invalid. Using default value of 60000 milli seconds
17:11:43 WARN  : Given XMD transaction timeout value is invalid. Using default value of 60000 milli seconds
17:11:44 WARN  : Given XMD transaction timeout value is invalid. Using default value of 60000 milli seconds
17:11:44 WARN  : Given XMD transaction timeout value is invalid. Using default value of 60000 milli seconds
17:11:44 WARN  : Given XMD transaction timeout value is invalid. Using default value of 60000 milli seconds
17:11:44 WARN  : Given XMD transaction timeout value is invalid. Using default value of 60000 milli seconds
17:11:44 INFO  : Processor reset is completed for ps7_cortexa9_0
17:11:44 WARN  : Given XMD transaction timeout value is invalid. Using default value of 60000 milli seconds
17:11:44 WARN  : Given XMD transaction timeout value is invalid. Using default value of 60000 milli seconds
17:11:44 WARN  : Given XMD transaction timeout value is invalid. Using default value of 60000 milli seconds
17:11:45 WARN  : Given XMD transaction timeout value is invalid. Using default value of 60000 milli seconds
17:11:45 WARN  : Given XMD transaction timeout value is invalid. Using default value of 60000 milli seconds
17:11:45 WARN  : Given XMD transaction timeout value is invalid. Using default value of 60000 milli seconds
17:11:45 WARN  : Given XMD transaction timeout value is invalid. Using default value of 60000 milli seconds
17:11:45 WARN  : Given XMD transaction timeout value is invalid. Using default value of 60000 milli seconds
17:11:45 WARN  : Given XMD transaction timeout value is invalid. Using default value of 60000 milli seconds
17:13:14 WARN  : Given XMD transaction timeout value is invalid. Using default value of 60000 milli seconds
17:13:14 WARN  : Given XMD transaction timeout value is invalid. Using default value of 60000 milli seconds
17:13:16 WARN  : Given XMD transaction timeout value is invalid. Using default value of 60000 milli seconds
17:13:17 WARN  : Given XMD transaction timeout value is invalid. Using default value of 60000 milli seconds
17:13:17 WARN  : Given XMD transaction timeout value is invalid. Using default value of 60000 milli seconds
17:13:17 WARN  : Given XMD transaction timeout value is invalid. Using default value of 60000 milli seconds
17:13:17 INFO  : Processor reset is completed for ps7_cortexa9_0
17:13:17 WARN  : Given XMD transaction timeout value is invalid. Using default value of 60000 milli seconds
17:13:17 WARN  : Given XMD transaction timeout value is invalid. Using default value of 60000 milli seconds
17:13:17 WARN  : Given XMD transaction timeout value is invalid. Using default value of 60000 milli seconds
17:13:17 WARN  : Given XMD transaction timeout value is invalid. Using default value of 60000 milli seconds
17:13:18 WARN  : Given XMD transaction timeout value is invalid. Using default value of 60000 milli seconds
17:13:18 WARN  : Given XMD transaction timeout value is invalid. Using default value of 60000 milli seconds
17:14:28 WARN  : Given XMD transaction timeout value is invalid. Using default value of 60000 milli seconds
17:14:28 WARN  : Given XMD transaction timeout value is invalid. Using default value of 60000 milli seconds
17:14:28 WARN  : Given XMD transaction timeout value is invalid. Using default value of 60000 milli seconds
17:14:31 WARN  : Given XMD transaction timeout value is invalid. Using default value of 60000 milli seconds
17:14:31 WARN  : Given XMD transaction timeout value is invalid. Using default value of 60000 milli seconds
17:14:31 ERROR : Unexpected error while launching program.
com.xilinx.sdk.targetmanager.TMException: 
    Unknown Error Occured
    Cable is not connected to the host

	at com.xilinx.sdk.targetmanager.internal.TM.connectToProcessor(TM.java:478)
	at com.xilinx.sdk.debug.core.XilinxAppLaunchConfigurationDelegate.runTargetSetup(XilinxAppLaunchConfigurationDelegate.java:503)
	at com.xilinx.sdk.debug.core.XilinxAppLaunchConfigurationDelegate.runApplication(XilinxAppLaunchConfigurationDelegate.java:616)
	at com.xilinx.sdk.debug.core.XilinxAppLaunchConfigurationDelegate.launch(XilinxAppLaunchConfigurationDelegate.java:309)
	at com.xilinx.sdk.debug.ui.XilinxAppLaunchDelegateWrapper.launch(XilinxAppLaunchDelegateWrapper.java:31)
	at org.eclipse.debug.internal.core.LaunchConfiguration.launch(LaunchConfiguration.java:885)
	at org.eclipse.debug.internal.core.LaunchConfiguration.launch(LaunchConfiguration.java:739)
	at org.eclipse.debug.internal.ui.DebugUIPlugin.buildAndLaunch(DebugUIPlugin.java:1039)
	at org.eclipse.debug.internal.ui.DebugUIPlugin$8.run(DebugUIPlugin.java:1256)
	at org.eclipse.core.internal.jobs.Worker.run(Worker.java:55)
17:14:46 WARN  : Given XMD transaction timeout value is invalid. Using default value of 60000 milli seconds
17:14:46 WARN  : Given XMD transaction timeout value is invalid. Using default value of 60000 milli seconds
17:14:46 WARN  : Given XMD transaction timeout value is invalid. Using default value of 60000 milli seconds
17:14:46 WARN  : Given XMD transaction timeout value is invalid. Using default value of 60000 milli seconds
17:14:47 WARN  : Given XMD transaction timeout value is invalid. Using default value of 60000 milli seconds
17:14:47 WARN  : Given XMD transaction timeout value is invalid. Using default value of 60000 milli seconds
17:14:47 INFO  : ps7_init is completed.
17:14:47 WARN  : Given XMD transaction timeout value is invalid. Using default value of 60000 milli seconds
17:14:47 WARN  : Given XMD transaction timeout value is invalid. Using default value of 60000 milli seconds
17:14:47 INFO  : Processor reset is completed for ps7_cortexa9_0
17:14:47 ERROR : Port COM8 is already in use.
17:14:47 WARN  : Given XMD transaction timeout value is invalid. Using default value of 60000 milli seconds
17:14:48 WARN  : Given XMD transaction timeout value is invalid. Using default value of 60000 milli seconds
17:14:48 WARN  : Given XMD transaction timeout value is invalid. Using default value of 60000 milli seconds
17:14:48 WARN  : Given XMD transaction timeout value is invalid. Using default value of 60000 milli seconds
17:14:48 WARN  : Given XMD transaction timeout value is invalid. Using default value of 60000 milli seconds
17:14:48 WARN  : Given XMD transaction timeout value is invalid. Using default value of 60000 milli seconds
17:14:56 WARN  : Given XMD transaction timeout value is invalid. Using default value of 60000 milli seconds
17:14:56 WARN  : Given XMD transaction timeout value is invalid. Using default value of 60000 milli seconds
17:14:56 WARN  : Given XMD transaction timeout value is invalid. Using default value of 60000 milli seconds
17:15:12 WARN  : Given XMD transaction timeout value is invalid. Using default value of 60000 milli seconds
17:15:12 WARN  : Given XMD transaction timeout value is invalid. Using default value of 60000 milli seconds
17:15:16 WARN  : Given XMD transaction timeout value is invalid. Using default value of 60000 milli seconds
17:15:16 WARN  : Given XMD transaction timeout value is invalid. Using default value of 60000 milli seconds
17:15:16 WARN  : Given XMD transaction timeout value is invalid. Using default value of 60000 milli seconds
17:15:16 WARN  : Given XMD transaction timeout value is invalid. Using default value of 60000 milli seconds
17:15:16 INFO  : ps7_init is completed.
17:15:16 WARN  : Given XMD transaction timeout value is invalid. Using default value of 60000 milli seconds
17:15:16 WARN  : Given XMD transaction timeout value is invalid. Using default value of 60000 milli seconds
17:15:16 INFO  : Processor reset is completed for ps7_cortexa9_0
17:15:16 WARN  : Given XMD transaction timeout value is invalid. Using default value of 60000 milli seconds
17:15:17 WARN  : Given XMD transaction timeout value is invalid. Using default value of 60000 milli seconds
17:15:17 WARN  : Given XMD transaction timeout value is invalid. Using default value of 60000 milli seconds
17:15:17 WARN  : Given XMD transaction timeout value is invalid. Using default value of 60000 milli seconds
17:15:17 WARN  : Given XMD transaction timeout value is invalid. Using default value of 60000 milli seconds
17:15:17 WARN  : Given XMD transaction timeout value is invalid. Using default value of 60000 milli seconds
17:15:27 INFO  : ps7_cortexa9_0 Processor is in use. Please stop existing Run or Debug sessions before launching.
17:15:34 WARN  : Given XMD transaction timeout value is invalid. Using default value of 60000 milli seconds
17:15:35 WARN  : Given XMD transaction timeout value is invalid. Using default value of 60000 milli seconds
17:15:35 WARN  : Given XMD transaction timeout value is invalid. Using default value of 60000 milli seconds
17:15:35 WARN  : Given XMD transaction timeout value is invalid. Using default value of 60000 milli seconds
17:15:35 WARN  : Given XMD transaction timeout value is invalid. Using default value of 60000 milli seconds
17:15:35 INFO  : Processor reset is completed for ps7_cortexa9_0
17:15:35 WARN  : Given XMD transaction timeout value is invalid. Using default value of 60000 milli seconds
17:15:35 WARN  : Given XMD transaction timeout value is invalid. Using default value of 60000 milli seconds
17:15:36 WARN  : Given XMD transaction timeout value is invalid. Using default value of 60000 milli seconds
17:15:36 WARN  : Given XMD transaction timeout value is invalid. Using default value of 60000 milli seconds
17:15:36 WARN  : Given XMD transaction timeout value is invalid. Using default value of 60000 milli seconds
17:15:36 WARN  : Given XMD transaction timeout value is invalid. Using default value of 60000 milli seconds
17:16:32 INFO  : ps7_cortexa9_0 Processor is in use. Please stop existing Run or Debug sessions before launching.
17:16:34 WARN  : Given XMD transaction timeout value is invalid. Using default value of 60000 milli seconds
17:16:34 WARN  : Given XMD transaction timeout value is invalid. Using default value of 60000 milli seconds
17:16:34 WARN  : Given XMD transaction timeout value is invalid. Using default value of 60000 milli seconds
17:16:34 WARN  : Given XMD transaction timeout value is invalid. Using default value of 60000 milli seconds
17:16:34 WARN  : Given XMD transaction timeout value is invalid. Using default value of 60000 milli seconds
17:16:34 INFO  : Processor reset is completed for ps7_cortexa9_0
17:16:34 WARN  : Given XMD transaction timeout value is invalid. Using default value of 60000 milli seconds
17:16:35 WARN  : Given XMD transaction timeout value is invalid. Using default value of 60000 milli seconds
17:16:35 WARN  : Given XMD transaction timeout value is invalid. Using default value of 60000 milli seconds
17:16:35 WARN  : Given XMD transaction timeout value is invalid. Using default value of 60000 milli seconds
17:16:35 WARN  : Given XMD transaction timeout value is invalid. Using default value of 60000 milli seconds
17:16:35 WARN  : Given XMD transaction timeout value is invalid. Using default value of 60000 milli seconds
17:16:36 WARN  : Given XMD transaction timeout value is invalid. Using default value of 60000 milli seconds
17:16:36 WARN  : Given XMD transaction timeout value is invalid. Using default value of 60000 milli seconds
17:16:36 WARN  : Given XMD transaction timeout value is invalid. Using default value of 60000 milli seconds
17:17:12 WARN  : Given XMD transaction timeout value is invalid. Using default value of 60000 milli seconds
17:17:13 WARN  : Given XMD transaction timeout value is invalid. Using default value of 60000 milli seconds
17:17:16 WARN  : Given XMD transaction timeout value is invalid. Using default value of 60000 milli seconds
17:17:16 WARN  : Given XMD transaction timeout value is invalid. Using default value of 60000 milli seconds
17:17:16 WARN  : Given XMD transaction timeout value is invalid. Using default value of 60000 milli seconds
17:17:16 WARN  : Given XMD transaction timeout value is invalid. Using default value of 60000 milli seconds
17:17:16 INFO  : Processor reset is completed for ps7_cortexa9_0
17:17:17 WARN  : Given XMD transaction timeout value is invalid. Using default value of 60000 milli seconds
17:17:17 WARN  : Given XMD transaction timeout value is invalid. Using default value of 60000 milli seconds
17:17:17 WARN  : Given XMD transaction timeout value is invalid. Using default value of 60000 milli seconds
17:17:17 WARN  : Given XMD transaction timeout value is invalid. Using default value of 60000 milli seconds
17:17:17 WARN  : Given XMD transaction timeout value is invalid. Using default value of 60000 milli seconds
17:17:17 WARN  : Given XMD transaction timeout value is invalid. Using default value of 60000 milli seconds
17:17:18 WARN  : Given XMD transaction timeout value is invalid. Using default value of 60000 milli seconds
17:17:18 WARN  : Given XMD transaction timeout value is invalid. Using default value of 60000 milli seconds
17:17:18 WARN  : Given XMD transaction timeout value is invalid. Using default value of 60000 milli seconds
17:17:27 WARN  : Given XMD transaction timeout value is invalid. Using default value of 60000 milli seconds
17:17:27 WARN  : Given XMD transaction timeout value is invalid. Using default value of 60000 milli seconds
17:17:28 WARN  : Given XMD transaction timeout value is invalid. Using default value of 60000 milli seconds
17:17:28 WARN  : Given XMD transaction timeout value is invalid. Using default value of 60000 milli seconds
17:17:28 WARN  : Given XMD transaction timeout value is invalid. Using default value of 60000 milli seconds
17:17:28 WARN  : Given XMD transaction timeout value is invalid. Using default value of 60000 milli seconds
17:17:28 INFO  : Processor reset is completed for ps7_cortexa9_0
17:17:28 WARN  : Given XMD transaction timeout value is invalid. Using default value of 60000 milli seconds
17:17:28 WARN  : Given XMD transaction timeout value is invalid. Using default value of 60000 milli seconds
17:17:28 WARN  : Given XMD transaction timeout value is invalid. Using default value of 60000 milli seconds
17:17:29 WARN  : Given XMD transaction timeout value is invalid. Using default value of 60000 milli seconds
17:17:29 WARN  : Given XMD transaction timeout value is invalid. Using default value of 60000 milli seconds
17:17:29 WARN  : Given XMD transaction timeout value is invalid. Using default value of 60000 milli seconds
17:17:29 WARN  : Given XMD transaction timeout value is invalid. Using default value of 60000 milli seconds
17:17:29 WARN  : Given XMD transaction timeout value is invalid. Using default value of 60000 milli seconds
17:17:29 WARN  : Given XMD transaction timeout value is invalid. Using default value of 60000 milli seconds
17:17:37 WARN  : Given XMD transaction timeout value is invalid. Using default value of 60000 milli seconds
17:17:37 WARN  : Given XMD transaction timeout value is invalid. Using default value of 60000 milli seconds
17:17:38 WARN  : Given XMD transaction timeout value is invalid. Using default value of 60000 milli seconds
17:17:38 WARN  : Given XMD transaction timeout value is invalid. Using default value of 60000 milli seconds
17:17:38 WARN  : Given XMD transaction timeout value is invalid. Using default value of 60000 milli seconds
17:17:38 WARN  : Given XMD transaction timeout value is invalid. Using default value of 60000 milli seconds
17:17:38 INFO  : Processor reset is completed for ps7_cortexa9_0
17:17:38 WARN  : Given XMD transaction timeout value is invalid. Using default value of 60000 milli seconds
17:17:38 WARN  : Given XMD transaction timeout value is invalid. Using default value of 60000 milli seconds
17:17:39 WARN  : Given XMD transaction timeout value is invalid. Using default value of 60000 milli seconds
17:17:39 WARN  : Given XMD transaction timeout value is invalid. Using default value of 60000 milli seconds
17:17:39 WARN  : Given XMD transaction timeout value is invalid. Using default value of 60000 milli seconds
17:17:39 WARN  : Given XMD transaction timeout value is invalid. Using default value of 60000 milli seconds
17:17:39 WARN  : Given XMD transaction timeout value is invalid. Using default value of 60000 milli seconds
17:17:40 WARN  : Given XMD transaction timeout value is invalid. Using default value of 60000 milli seconds
17:17:40 WARN  : Given XMD transaction timeout value is invalid. Using default value of 60000 milli seconds
17:17:55 WARN  : Given XMD transaction timeout value is invalid. Using default value of 60000 milli seconds
17:17:55 WARN  : Given XMD transaction timeout value is invalid. Using default value of 60000 milli seconds
17:17:57 WARN  : Given XMD transaction timeout value is invalid. Using default value of 60000 milli seconds
17:17:57 WARN  : Given XMD transaction timeout value is invalid. Using default value of 60000 milli seconds
17:17:58 WARN  : Given XMD transaction timeout value is invalid. Using default value of 60000 milli seconds
17:17:58 WARN  : Given XMD transaction timeout value is invalid. Using default value of 60000 milli seconds
17:17:58 INFO  : Processor reset is completed for ps7_cortexa9_0
17:17:58 WARN  : Given XMD transaction timeout value is invalid. Using default value of 60000 milli seconds
17:17:58 WARN  : Given XMD transaction timeout value is invalid. Using default value of 60000 milli seconds
17:17:58 WARN  : Given XMD transaction timeout value is invalid. Using default value of 60000 milli seconds
17:17:58 WARN  : Given XMD transaction timeout value is invalid. Using default value of 60000 milli seconds
17:17:59 WARN  : Given XMD transaction timeout value is invalid. Using default value of 60000 milli seconds
17:17:59 WARN  : Given XMD transaction timeout value is invalid. Using default value of 60000 milli seconds
17:17:59 WARN  : Given XMD transaction timeout value is invalid. Using default value of 60000 milli seconds
17:17:59 WARN  : Given XMD transaction timeout value is invalid. Using default value of 60000 milli seconds
17:17:59 WARN  : Given XMD transaction timeout value is invalid. Using default value of 60000 milli seconds
17:18:24 WARN  : Given XMD transaction timeout value is invalid. Using default value of 60000 milli seconds
17:18:24 WARN  : Given XMD transaction timeout value is invalid. Using default value of 60000 milli seconds
17:18:27 WARN  : Given XMD transaction timeout value is invalid. Using default value of 60000 milli seconds
17:18:28 WARN  : Given XMD transaction timeout value is invalid. Using default value of 60000 milli seconds
17:18:28 WARN  : Given XMD transaction timeout value is invalid. Using default value of 60000 milli seconds
17:18:28 WARN  : Given XMD transaction timeout value is invalid. Using default value of 60000 milli seconds
17:18:28 INFO  : Processor reset is completed for ps7_cortexa9_0
17:18:28 WARN  : Given XMD transaction timeout value is invalid. Using default value of 60000 milli seconds
17:18:28 WARN  : Given XMD transaction timeout value is invalid. Using default value of 60000 milli seconds
17:18:28 WARN  : Given XMD transaction timeout value is invalid. Using default value of 60000 milli seconds
17:18:28 WARN  : Given XMD transaction timeout value is invalid. Using default value of 60000 milli seconds
17:18:29 WARN  : Given XMD transaction timeout value is invalid. Using default value of 60000 milli seconds
17:18:29 WARN  : Given XMD transaction timeout value is invalid. Using default value of 60000 milli seconds
17:19:04 WARN  : Given XMD transaction timeout value is invalid. Using default value of 60000 milli seconds
17:19:04 WARN  : Given XMD transaction timeout value is invalid. Using default value of 60000 milli seconds
17:19:04 WARN  : Given XMD transaction timeout value is invalid. Using default value of 60000 milli seconds
17:34:14 WARN  : Given XMD transaction timeout value is invalid. Using default value of 60000 milli seconds
17:34:14 WARN  : Given XMD transaction timeout value is invalid. Using default value of 60000 milli seconds
17:34:17 WARN  : Given XMD transaction timeout value is invalid. Using default value of 60000 milli seconds
17:34:18 WARN  : Given XMD transaction timeout value is invalid. Using default value of 60000 milli seconds
17:34:18 WARN  : Given XMD transaction timeout value is invalid. Using default value of 60000 milli seconds
17:34:18 WARN  : Given XMD transaction timeout value is invalid. Using default value of 60000 milli seconds
17:34:18 INFO  : ps7_init is completed.
17:34:18 WARN  : Given XMD transaction timeout value is invalid. Using default value of 60000 milli seconds
17:34:18 WARN  : Given XMD transaction timeout value is invalid. Using default value of 60000 milli seconds
17:34:18 INFO  : Processor reset is completed for ps7_cortexa9_0
17:34:18 WARN  : Given XMD transaction timeout value is invalid. Using default value of 60000 milli seconds
17:34:19 WARN  : Given XMD transaction timeout value is invalid. Using default value of 60000 milli seconds
17:34:19 WARN  : Given XMD transaction timeout value is invalid. Using default value of 60000 milli seconds
17:34:19 WARN  : Given XMD transaction timeout value is invalid. Using default value of 60000 milli seconds
17:34:19 WARN  : Given XMD transaction timeout value is invalid. Using default value of 60000 milli seconds
17:34:19 WARN  : Given XMD transaction timeout value is invalid. Using default value of 60000 milli seconds
17:34:34 INFO  : ps7_cortexa9_0 Processor is in use. Please stop existing Run or Debug sessions before launching.
17:34:35 WARN  : Given XMD transaction timeout value is invalid. Using default value of 60000 milli seconds
17:34:35 WARN  : Given XMD transaction timeout value is invalid. Using default value of 60000 milli seconds
17:34:35 WARN  : Given XMD transaction timeout value is invalid. Using default value of 60000 milli seconds
17:34:35 WARN  : Given XMD transaction timeout value is invalid. Using default value of 60000 milli seconds
17:34:35 WARN  : Given XMD transaction timeout value is invalid. Using default value of 60000 milli seconds
17:34:35 INFO  : Processor reset is completed for ps7_cortexa9_0
17:34:36 WARN  : Given XMD transaction timeout value is invalid. Using default value of 60000 milli seconds
17:34:36 WARN  : Given XMD transaction timeout value is invalid. Using default value of 60000 milli seconds
17:34:36 WARN  : Given XMD transaction timeout value is invalid. Using default value of 60000 milli seconds
17:34:36 WARN  : Given XMD transaction timeout value is invalid. Using default value of 60000 milli seconds
17:34:36 WARN  : Given XMD transaction timeout value is invalid. Using default value of 60000 milli seconds
17:34:36 WARN  : Given XMD transaction timeout value is invalid. Using default value of 60000 milli seconds
17:34:36 WARN  : Given XMD transaction timeout value is invalid. Using default value of 60000 milli seconds
17:34:36 WARN  : Given XMD transaction timeout value is invalid. Using default value of 60000 milli seconds
17:34:36 WARN  : Given XMD transaction timeout value is invalid. Using default value of 60000 milli seconds
17:54:12 ERROR : Unexpected error while parsing XMD response ?: com.google.gson.JsonSyntaxException: com.google.gson.stream.MalformedJsonException: invalid number or unquoted string near 
18:18:58 INFO  : Registering command handlers for SDK TCF services
18:18:59 INFO  : Launching XSCT server: xsct.bat -interactive C:\Users\ASUS\Desktop\project_ps_only\project_ps_only.sdk\temp_xsdb_launch_script.tcl
18:19:06 INFO  : XSCT server has started successfully.
18:19:06 INFO  : Successfully done setting XSCT server connection channel  
18:19:12 INFO  : Successfully done setting SDK workspace  
18:19:12 INFO  : Processing command line option -hwspec C:/Users/ASUS/Desktop/project_ps_only/project_ps_only.sdk/design_1_wrapper.hdf.
18:19:12 INFO  : Checking for hwspec changes in the project design_1_wrapper_hw_platform_0.
18:53:06 WARN  : Given IPC port value is invalid. Using default port 2350
18:53:06 WARN  : Given XMD timeout value is invalid. Using default value of 50000
18:53:08 WARN  : Given XMD transaction timeout value is invalid. Using default value of 60000 milli seconds
18:53:08 WARN  : Given XMD transaction timeout value is invalid. Using default value of 60000 milli seconds
18:53:13 WARN  : Given XMD transaction timeout value is invalid. Using default value of 60000 milli seconds
18:53:13 WARN  : Given XMD transaction timeout value is invalid. Using default value of 60000 milli seconds
18:53:17 WARN  : Given XMD transaction timeout value is invalid. Using default value of 60000 milli seconds
18:53:17 WARN  : Given XMD transaction timeout value is invalid. Using default value of 60000 milli seconds
18:53:17 WARN  : Given XMD transaction timeout value is invalid. Using default value of 60000 milli seconds
18:53:17 WARN  : Given XMD transaction timeout value is invalid. Using default value of 60000 milli seconds
18:53:17 INFO  : Processor reset is completed for ps7_cortexa9_0
18:53:17 WARN  : Given XMD transaction timeout value is invalid. Using default value of 60000 milli seconds
18:53:17 WARN  : Given XMD transaction timeout value is invalid. Using default value of 60000 milli seconds
18:53:18 WARN  : Given XMD transaction timeout value is invalid. Using default value of 60000 milli seconds
18:53:18 WARN  : Given XMD transaction timeout value is invalid. Using default value of 60000 milli seconds
18:53:18 WARN  : Given XMD transaction timeout value is invalid. Using default value of 60000 milli seconds
18:53:18 WARN  : Given XMD transaction timeout value is invalid. Using default value of 60000 milli seconds
18:53:18 WARN  : Given XMD transaction timeout value is invalid. Using default value of 60000 milli seconds
18:53:18 WARN  : Given XMD transaction timeout value is invalid. Using default value of 60000 milli seconds
18:53:18 WARN  : Given XMD transaction timeout value is invalid. Using default value of 60000 milli seconds
18:53:18 WARN  : Given XMD transaction timeout value is invalid. Using default value of 60000 milli seconds
18:53:19 WARN  : Given XMD transaction timeout value is invalid. Using default value of 60000 milli seconds
18:53:19 WARN  : Given XMD transaction timeout value is invalid. Using default value of 60000 milli seconds
18:58:15 WARN  : Given XMD transaction timeout value is invalid. Using default value of 60000 milli seconds
18:58:15 WARN  : Given XMD transaction timeout value is invalid. Using default value of 60000 milli seconds
18:58:17 WARN  : Given XMD transaction timeout value is invalid. Using default value of 60000 milli seconds
18:58:18 WARN  : Given XMD transaction timeout value is invalid. Using default value of 60000 milli seconds
18:58:18 WARN  : Given XMD transaction timeout value is invalid. Using default value of 60000 milli seconds
18:58:18 WARN  : Given XMD transaction timeout value is invalid. Using default value of 60000 milli seconds
18:58:18 INFO  : Processor reset is completed for ps7_cortexa9_0
18:58:18 WARN  : Given XMD transaction timeout value is invalid. Using default value of 60000 milli seconds
18:58:18 WARN  : Given XMD transaction timeout value is invalid. Using default value of 60000 milli seconds
18:58:18 WARN  : Given XMD transaction timeout value is invalid. Using default value of 60000 milli seconds
18:58:18 WARN  : Given XMD transaction timeout value is invalid. Using default value of 60000 milli seconds
18:58:18 WARN  : Given XMD transaction timeout value is invalid. Using default value of 60000 milli seconds
18:58:19 WARN  : Given XMD transaction timeout value is invalid. Using default value of 60000 milli seconds
18:58:19 WARN  : Given XMD transaction timeout value is invalid. Using default value of 60000 milli seconds
18:58:19 WARN  : Given XMD transaction timeout value is invalid. Using default value of 60000 milli seconds
18:58:19 WARN  : Given XMD transaction timeout value is invalid. Using default value of 60000 milli seconds
18:58:19 WARN  : Given XMD transaction timeout value is invalid. Using default value of 60000 milli seconds
18:58:19 WARN  : Given XMD transaction timeout value is invalid. Using default value of 60000 milli seconds
18:58:19 WARN  : Given XMD transaction timeout value is invalid. Using default value of 60000 milli seconds
18:59:28 WARN  : Given XMD transaction timeout value is invalid. Using default value of 60000 milli seconds
18:59:28 WARN  : Given XMD transaction timeout value is invalid. Using default value of 60000 milli seconds
18:59:30 WARN  : Given XMD transaction timeout value is invalid. Using default value of 60000 milli seconds
18:59:30 WARN  : Given XMD transaction timeout value is invalid. Using default value of 60000 milli seconds
18:59:31 WARN  : Given XMD transaction timeout value is invalid. Using default value of 60000 milli seconds
18:59:31 WARN  : Given XMD transaction timeout value is invalid. Using default value of 60000 milli seconds
18:59:31 INFO  : Processor reset is completed for ps7_cortexa9_0
18:59:31 WARN  : Given XMD transaction timeout value is invalid. Using default value of 60000 milli seconds
18:59:31 WARN  : Given XMD transaction timeout value is invalid. Using default value of 60000 milli seconds
18:59:31 WARN  : Given XMD transaction timeout value is invalid. Using default value of 60000 milli seconds
18:59:31 WARN  : Given XMD transaction timeout value is invalid. Using default value of 60000 milli seconds
18:59:31 WARN  : Given XMD transaction timeout value is invalid. Using default value of 60000 milli seconds
18:59:32 WARN  : Given XMD transaction timeout value is invalid. Using default value of 60000 milli seconds
18:59:32 WARN  : Given XMD transaction timeout value is invalid. Using default value of 60000 milli seconds
18:59:32 WARN  : Given XMD transaction timeout value is invalid. Using default value of 60000 milli seconds
18:59:32 WARN  : Given XMD transaction timeout value is invalid. Using default value of 60000 milli seconds
18:59:32 WARN  : Given XMD transaction timeout value is invalid. Using default value of 60000 milli seconds
18:59:32 WARN  : Given XMD transaction timeout value is invalid. Using default value of 60000 milli seconds
18:59:32 WARN  : Given XMD transaction timeout value is invalid. Using default value of 60000 milli seconds
18:59:55 WARN  : Given XMD transaction timeout value is invalid. Using default value of 60000 milli seconds
18:59:55 WARN  : Given XMD transaction timeout value is invalid. Using default value of 60000 milli seconds
18:59:58 WARN  : Given XMD transaction timeout value is invalid. Using default value of 60000 milli seconds
18:59:58 WARN  : Given XMD transaction timeout value is invalid. Using default value of 60000 milli seconds
18:59:58 WARN  : Given XMD transaction timeout value is invalid. Using default value of 60000 milli seconds
18:59:59 WARN  : Given XMD transaction timeout value is invalid. Using default value of 60000 milli seconds
18:59:59 INFO  : Processor reset is completed for ps7_cortexa9_0
18:59:59 WARN  : Given XMD transaction timeout value is invalid. Using default value of 60000 milli seconds
18:59:59 WARN  : Given XMD transaction timeout value is invalid. Using default value of 60000 milli seconds
18:59:59 WARN  : Given XMD transaction timeout value is invalid. Using default value of 60000 milli seconds
18:59:59 WARN  : Given XMD transaction timeout value is invalid. Using default value of 60000 milli seconds
18:59:59 WARN  : Given XMD transaction timeout value is invalid. Using default value of 60000 milli seconds
18:59:59 WARN  : Given XMD transaction timeout value is invalid. Using default value of 60000 milli seconds
19:00:00 WARN  : Given XMD transaction timeout value is invalid. Using default value of 60000 milli seconds
19:00:00 WARN  : Given XMD transaction timeout value is invalid. Using default value of 60000 milli seconds
19:00:00 WARN  : Given XMD transaction timeout value is invalid. Using default value of 60000 milli seconds
19:01:24 INFO  : ps7_cortexa9_0 Processor is in use. Please stop existing Run or Debug sessions before launching.
19:01:27 WARN  : Given XMD transaction timeout value is invalid. Using default value of 60000 milli seconds
19:01:27 WARN  : Given XMD transaction timeout value is invalid. Using default value of 60000 milli seconds
19:01:27 WARN  : Given XMD transaction timeout value is invalid. Using default value of 60000 milli seconds
19:01:27 WARN  : Given XMD transaction timeout value is invalid. Using default value of 60000 milli seconds
19:01:28 WARN  : Given XMD transaction timeout value is invalid. Using default value of 60000 milli seconds
19:01:28 INFO  : Processor reset is completed for ps7_cortexa9_0
19:01:28 WARN  : Given XMD transaction timeout value is invalid. Using default value of 60000 milli seconds
19:01:28 WARN  : Given XMD transaction timeout value is invalid. Using default value of 60000 milli seconds
19:01:28 WARN  : Given XMD transaction timeout value is invalid. Using default value of 60000 milli seconds
19:01:28 WARN  : Given XMD transaction timeout value is invalid. Using default value of 60000 milli seconds
19:01:28 WARN  : Given XMD transaction timeout value is invalid. Using default value of 60000 milli seconds
19:01:28 WARN  : Given XMD transaction timeout value is invalid. Using default value of 60000 milli seconds
19:01:29 WARN  : Given XMD transaction timeout value is invalid. Using default value of 60000 milli seconds
19:01:29 WARN  : Given XMD transaction timeout value is invalid. Using default value of 60000 milli seconds
19:01:29 WARN  : Given XMD transaction timeout value is invalid. Using default value of 60000 milli seconds
19:01:29 WARN  : Given XMD transaction timeout value is invalid. Using default value of 60000 milli seconds
19:01:29 WARN  : Given XMD transaction timeout value is invalid. Using default value of 60000 milli seconds
19:01:29 WARN  : Given XMD transaction timeout value is invalid. Using default value of 60000 milli seconds
19:02:05 WARN  : Given XMD transaction timeout value is invalid. Using default value of 60000 milli seconds
19:02:05 WARN  : Given XMD transaction timeout value is invalid. Using default value of 60000 milli seconds
19:02:08 WARN  : Given XMD transaction timeout value is invalid. Using default value of 60000 milli seconds
19:02:09 WARN  : Given XMD transaction timeout value is invalid. Using default value of 60000 milli seconds
19:02:09 WARN  : Given XMD transaction timeout value is invalid. Using default value of 60000 milli seconds
19:02:09 WARN  : Given XMD transaction timeout value is invalid. Using default value of 60000 milli seconds
19:02:09 INFO  : Processor reset is completed for ps7_cortexa9_0
19:02:09 WARN  : Given XMD transaction timeout value is invalid. Using default value of 60000 milli seconds
19:02:09 WARN  : Given XMD transaction timeout value is invalid. Using default value of 60000 milli seconds
19:02:09 WARN  : Given XMD transaction timeout value is invalid. Using default value of 60000 milli seconds
19:02:09 WARN  : Given XMD transaction timeout value is invalid. Using default value of 60000 milli seconds
19:02:10 WARN  : Given XMD transaction timeout value is invalid. Using default value of 60000 milli seconds
19:02:10 WARN  : Given XMD transaction timeout value is invalid. Using default value of 60000 milli seconds
19:02:10 WARN  : Given XMD transaction timeout value is invalid. Using default value of 60000 milli seconds
19:02:10 WARN  : Given XMD transaction timeout value is invalid. Using default value of 60000 milli seconds
19:02:10 WARN  : Given XMD transaction timeout value is invalid. Using default value of 60000 milli seconds
19:02:10 WARN  : Given XMD transaction timeout value is invalid. Using default value of 60000 milli seconds
19:02:10 WARN  : Given XMD transaction timeout value is invalid. Using default value of 60000 milli seconds
19:02:10 WARN  : Given XMD transaction timeout value is invalid. Using default value of 60000 milli seconds
19:02:52 WARN  : Given XMD transaction timeout value is invalid. Using default value of 60000 milli seconds
19:02:52 WARN  : Given XMD transaction timeout value is invalid. Using default value of 60000 milli seconds
19:02:54 WARN  : Given XMD transaction timeout value is invalid. Using default value of 60000 milli seconds
19:02:55 WARN  : Given XMD transaction timeout value is invalid. Using default value of 60000 milli seconds
19:02:55 WARN  : Given XMD transaction timeout value is invalid. Using default value of 60000 milli seconds
19:02:55 WARN  : Given XMD transaction timeout value is invalid. Using default value of 60000 milli seconds
19:02:55 INFO  : Processor reset is completed for ps7_cortexa9_0
19:02:55 WARN  : Given XMD transaction timeout value is invalid. Using default value of 60000 milli seconds
19:02:55 WARN  : Given XMD transaction timeout value is invalid. Using default value of 60000 milli seconds
19:02:55 WARN  : Given XMD transaction timeout value is invalid. Using default value of 60000 milli seconds
19:02:55 WARN  : Given XMD transaction timeout value is invalid. Using default value of 60000 milli seconds
19:02:56 WARN  : Given XMD transaction timeout value is invalid. Using default value of 60000 milli seconds
19:02:56 WARN  : Given XMD transaction timeout value is invalid. Using default value of 60000 milli seconds
19:02:56 WARN  : Given XMD transaction timeout value is invalid. Using default value of 60000 milli seconds
19:02:56 WARN  : Given XMD transaction timeout value is invalid. Using default value of 60000 milli seconds
19:02:56 WARN  : Given XMD transaction timeout value is invalid. Using default value of 60000 milli seconds
19:02:56 WARN  : Given XMD transaction timeout value is invalid. Using default value of 60000 milli seconds
19:02:56 WARN  : Given XMD transaction timeout value is invalid. Using default value of 60000 milli seconds
19:02:56 WARN  : Given XMD transaction timeout value is invalid. Using default value of 60000 milli seconds
19:03:35 WARN  : Given XMD transaction timeout value is invalid. Using default value of 60000 milli seconds
19:03:35 WARN  : Given XMD transaction timeout value is invalid. Using default value of 60000 milli seconds
19:03:37 WARN  : Given XMD transaction timeout value is invalid. Using default value of 60000 milli seconds
19:03:38 WARN  : Given XMD transaction timeout value is invalid. Using default value of 60000 milli seconds
19:03:38 WARN  : Given XMD transaction timeout value is invalid. Using default value of 60000 milli seconds
19:03:38 WARN  : Given XMD transaction timeout value is invalid. Using default value of 60000 milli seconds
19:03:38 INFO  : Processor reset is completed for ps7_cortexa9_0
19:03:38 WARN  : Given XMD transaction timeout value is invalid. Using default value of 60000 milli seconds
19:03:38 WARN  : Given XMD transaction timeout value is invalid. Using default value of 60000 milli seconds
19:03:38 WARN  : Given XMD transaction timeout value is invalid. Using default value of 60000 milli seconds
19:03:38 WARN  : Given XMD transaction timeout value is invalid. Using default value of 60000 milli seconds
19:03:38 WARN  : Given XMD transaction timeout value is invalid. Using default value of 60000 milli seconds
19:03:39 WARN  : Given XMD transaction timeout value is invalid. Using default value of 60000 milli seconds
19:03:39 WARN  : Given XMD transaction timeout value is invalid. Using default value of 60000 milli seconds
19:03:39 WARN  : Given XMD transaction timeout value is invalid. Using default value of 60000 milli seconds
19:03:39 WARN  : Given XMD transaction timeout value is invalid. Using default value of 60000 milli seconds
19:03:39 WARN  : Given XMD transaction timeout value is invalid. Using default value of 60000 milli seconds
19:03:39 WARN  : Given XMD transaction timeout value is invalid. Using default value of 60000 milli seconds
19:03:39 WARN  : Given XMD transaction timeout value is invalid. Using default value of 60000 milli seconds
19:04:16 WARN  : Given XMD transaction timeout value is invalid. Using default value of 60000 milli seconds
19:04:16 WARN  : Given XMD transaction timeout value is invalid. Using default value of 60000 milli seconds
19:04:19 WARN  : Given XMD transaction timeout value is invalid. Using default value of 60000 milli seconds
19:04:19 WARN  : Given XMD transaction timeout value is invalid. Using default value of 60000 milli seconds
19:04:20 WARN  : Given XMD transaction timeout value is invalid. Using default value of 60000 milli seconds
19:04:20 WARN  : Given XMD transaction timeout value is invalid. Using default value of 60000 milli seconds
19:04:20 INFO  : Processor reset is completed for ps7_cortexa9_0
19:04:20 WARN  : Given XMD transaction timeout value is invalid. Using default value of 60000 milli seconds
19:04:20 WARN  : Given XMD transaction timeout value is invalid. Using default value of 60000 milli seconds
19:04:20 WARN  : Given XMD transaction timeout value is invalid. Using default value of 60000 milli seconds
19:04:20 WARN  : Given XMD transaction timeout value is invalid. Using default value of 60000 milli seconds
19:04:21 WARN  : Given XMD transaction timeout value is invalid. Using default value of 60000 milli seconds
19:04:21 WARN  : Given XMD transaction timeout value is invalid. Using default value of 60000 milli seconds
19:04:21 WARN  : Given XMD transaction timeout value is invalid. Using default value of 60000 milli seconds
19:04:21 WARN  : Given XMD transaction timeout value is invalid. Using default value of 60000 milli seconds
19:04:21 WARN  : Given XMD transaction timeout value is invalid. Using default value of 60000 milli seconds
19:04:21 WARN  : Given XMD transaction timeout value is invalid. Using default value of 60000 milli seconds
19:04:21 WARN  : Given XMD transaction timeout value is invalid. Using default value of 60000 milli seconds
19:04:21 WARN  : Given XMD transaction timeout value is invalid. Using default value of 60000 milli seconds
19:04:33 ERROR : Unexpected error while parsing XMD response ?: com.google.gson.JsonSyntaxException: com.google.gson.stream.MalformedJsonException: invalid number or unquoted string near 
19:58:21 INFO  : Registering command handlers for SDK TCF services
19:58:22 INFO  : Launching XSCT server: xsct.bat -interactive C:\Users\ASUS\Desktop\project_ps_only\project_ps_only.sdk\temp_xsdb_launch_script.tcl
19:58:28 INFO  : XSCT server has started successfully.
19:58:28 INFO  : Successfully done setting XSCT server connection channel  
19:58:33 INFO  : Successfully done setting SDK workspace  
19:58:33 INFO  : Processing command line option -hwspec C:/Users/ASUS/Desktop/project_ps_only/project_ps_only.sdk/design_1_wrapper.hdf.
19:58:33 INFO  : Checking for hwspec changes in the project design_1_wrapper_hw_platform_0.
19:59:03 WARN  : Given IPC port value is invalid. Using default port 2350
19:59:03 WARN  : Given XMD timeout value is invalid. Using default value of 50000
19:59:06 WARN  : Given XMD transaction timeout value is invalid. Using default value of 60000 milli seconds
19:59:06 WARN  : Given XMD transaction timeout value is invalid. Using default value of 60000 milli seconds
19:59:09 WARN  : Given XMD transaction timeout value is invalid. Using default value of 60000 milli seconds
19:59:09 WARN  : Given XMD transaction timeout value is invalid. Using default value of 60000 milli seconds
19:59:11 ERROR : Unexpected error while launching program.
com.xilinx.sdk.targetmanager.TMException: 
    Unknown Error Occured
    Cable is not connected to the host

	at com.xilinx.sdk.targetmanager.internal.TM.connectToProcessor(TM.java:478)
	at com.xilinx.sdk.debug.core.XilinxAppLaunchConfigurationDelegate.runTargetSetup(XilinxAppLaunchConfigurationDelegate.java:503)
	at com.xilinx.sdk.debug.core.XilinxAppLaunchConfigurationDelegate.runApplication(XilinxAppLaunchConfigurationDelegate.java:616)
	at com.xilinx.sdk.debug.core.XilinxAppLaunchConfigurationDelegate.launch(XilinxAppLaunchConfigurationDelegate.java:309)
	at com.xilinx.sdk.debug.ui.XilinxAppLaunchDelegateWrapper.launch(XilinxAppLaunchDelegateWrapper.java:31)
	at org.eclipse.debug.internal.core.LaunchConfiguration.launch(LaunchConfiguration.java:885)
	at org.eclipse.debug.internal.core.LaunchConfiguration.launch(LaunchConfiguration.java:739)
	at org.eclipse.debug.internal.ui.DebugUIPlugin.buildAndLaunch(DebugUIPlugin.java:1039)
	at org.eclipse.debug.internal.ui.DebugUIPlugin$8.run(DebugUIPlugin.java:1256)
	at org.eclipse.core.internal.jobs.Worker.run(Worker.java:55)
20:11:24 ERROR : Unexpected error while parsing XMD response ?: com.google.gson.JsonSyntaxException: com.google.gson.stream.MalformedJsonException: invalid number or unquoted string near 
21:45:40 INFO  : Registering command handlers for SDK TCF services
21:45:41 INFO  : Launching XSCT server: xsct.bat -interactive C:\Users\ASUS\Desktop\project_ps_only\project_ps_only.sdk\temp_xsdb_launch_script.tcl
21:45:50 INFO  : XSCT server has started successfully.
21:45:50 INFO  : Successfully done setting XSCT server connection channel  
21:45:54 INFO  : Successfully done setting SDK workspace  
21:45:54 INFO  : Processing command line option -hwspec C:/Users/ASUS/Desktop/project_ps_only/project_ps_only.sdk/design_1_wrapper.hdf.
21:45:54 INFO  : Checking for hwspec changes in the project design_1_wrapper_hw_platform_0.
15:28:59 INFO  : Registering command handlers for SDK TCF services
15:29:02 INFO  : Launching XSCT server: xsct.bat -interactive C:\Users\ASUS\Desktop\project_ps_only\project_ps_only.sdk\temp_xsdb_launch_script.tcl
15:29:07 INFO  : XSCT server has started successfully.
15:29:16 INFO  : Successfully done setting XSCT server connection channel  
15:29:16 INFO  : Successfully done setting SDK workspace  
15:29:16 INFO  : Processing command line option -hwspec C:/Users/ASUS/Desktop/project_ps_only/project_ps_only.sdk/design_1_wrapper.hdf.
15:29:16 INFO  : Checking for hwspec changes in the project design_1_wrapper_hw_platform_0.
15:31:23 WARN  : Given IPC port value is invalid. Using default port 2350
15:31:23 WARN  : Given XMD timeout value is invalid. Using default value of 50000
15:31:27 WARN  : Given XMD transaction timeout value is invalid. Using default value of 60000 milli seconds
15:31:28 WARN  : Given XMD transaction timeout value is invalid. Using default value of 60000 milli seconds
15:31:30 WARN  : Given XMD transaction timeout value is invalid. Using default value of 60000 milli seconds
15:31:30 WARN  : Given XMD transaction timeout value is invalid. Using default value of 60000 milli seconds
15:31:36 WARN  : Given XMD transaction timeout value is invalid. Using default value of 60000 milli seconds
15:31:37 WARN  : Given XMD transaction timeout value is invalid. Using default value of 60000 milli seconds
15:31:37 WARN  : Given XMD transaction timeout value is invalid. Using default value of 60000 milli seconds
15:31:37 WARN  : Given XMD transaction timeout value is invalid. Using default value of 60000 milli seconds
15:31:37 INFO  : ps7_init is completed.
15:31:37 WARN  : Given XMD transaction timeout value is invalid. Using default value of 60000 milli seconds
15:31:37 WARN  : Given XMD transaction timeout value is invalid. Using default value of 60000 milli seconds
15:31:37 INFO  : Processor reset is completed for ps7_cortexa9_0
15:31:37 WARN  : Given XMD transaction timeout value is invalid. Using default value of 60000 milli seconds
15:31:37 WARN  : Given XMD transaction timeout value is invalid. Using default value of 60000 milli seconds
15:31:37 WARN  : Given XMD transaction timeout value is invalid. Using default value of 60000 milli seconds
15:31:38 WARN  : Given XMD transaction timeout value is invalid. Using default value of 60000 milli seconds
15:31:38 WARN  : Given XMD transaction timeout value is invalid. Using default value of 60000 milli seconds
15:31:38 WARN  : Given XMD transaction timeout value is invalid. Using default value of 60000 milli seconds
15:31:38 WARN  : Given XMD transaction timeout value is invalid. Using default value of 60000 milli seconds
15:31:38 WARN  : Given XMD transaction timeout value is invalid. Using default value of 60000 milli seconds
15:31:38 WARN  : Given XMD transaction timeout value is invalid. Using default value of 60000 milli seconds
15:31:38 WARN  : Given XMD transaction timeout value is invalid. Using default value of 60000 milli seconds
15:31:39 WARN  : Given XMD transaction timeout value is invalid. Using default value of 60000 milli seconds
15:31:39 WARN  : Given XMD transaction timeout value is invalid. Using default value of 60000 milli seconds
15:32:55 WARN  : Given XMD transaction timeout value is invalid. Using default value of 60000 milli seconds
15:32:55 WARN  : Given XMD transaction timeout value is invalid. Using default value of 60000 milli seconds
15:32:58 WARN  : Given XMD transaction timeout value is invalid. Using default value of 60000 milli seconds
15:32:58 WARN  : Given XMD transaction timeout value is invalid. Using default value of 60000 milli seconds
15:32:58 WARN  : Given XMD transaction timeout value is invalid. Using default value of 60000 milli seconds
15:32:59 WARN  : Given XMD transaction timeout value is invalid. Using default value of 60000 milli seconds
15:32:59 INFO  : Processor reset is completed for ps7_cortexa9_0
15:32:59 WARN  : Given XMD transaction timeout value is invalid. Using default value of 60000 milli seconds
15:32:59 WARN  : Given XMD transaction timeout value is invalid. Using default value of 60000 milli seconds
15:32:59 WARN  : Given XMD transaction timeout value is invalid. Using default value of 60000 milli seconds
15:32:59 WARN  : Given XMD transaction timeout value is invalid. Using default value of 60000 milli seconds
15:32:59 WARN  : Given XMD transaction timeout value is invalid. Using default value of 60000 milli seconds
15:33:00 WARN  : Given XMD transaction timeout value is invalid. Using default value of 60000 milli seconds
15:33:00 WARN  : Given XMD transaction timeout value is invalid. Using default value of 60000 milli seconds
15:33:00 WARN  : Given XMD transaction timeout value is invalid. Using default value of 60000 milli seconds
15:33:00 WARN  : Given XMD transaction timeout value is invalid. Using default value of 60000 milli seconds
15:33:00 WARN  : Given XMD transaction timeout value is invalid. Using default value of 60000 milli seconds
15:33:00 WARN  : Given XMD transaction timeout value is invalid. Using default value of 60000 milli seconds
15:33:00 WARN  : Given XMD transaction timeout value is invalid. Using default value of 60000 milli seconds
15:34:38 WARN  : Given XMD transaction timeout value is invalid. Using default value of 60000 milli seconds
15:34:38 WARN  : Given XMD transaction timeout value is invalid. Using default value of 60000 milli seconds
15:34:41 WARN  : Given XMD transaction timeout value is invalid. Using default value of 60000 milli seconds
15:34:41 WARN  : Given XMD transaction timeout value is invalid. Using default value of 60000 milli seconds
15:34:41 WARN  : Given XMD transaction timeout value is invalid. Using default value of 60000 milli seconds
15:34:42 WARN  : Given XMD transaction timeout value is invalid. Using default value of 60000 milli seconds
15:34:42 INFO  : Processor reset is completed for ps7_cortexa9_0
15:34:42 WARN  : Given XMD transaction timeout value is invalid. Using default value of 60000 milli seconds
15:34:42 WARN  : Given XMD transaction timeout value is invalid. Using default value of 60000 milli seconds
15:34:42 WARN  : Given XMD transaction timeout value is invalid. Using default value of 60000 milli seconds
15:34:42 WARN  : Given XMD transaction timeout value is invalid. Using default value of 60000 milli seconds
15:34:42 WARN  : Given XMD transaction timeout value is invalid. Using default value of 60000 milli seconds
15:34:42 WARN  : Given XMD transaction timeout value is invalid. Using default value of 60000 milli seconds
15:34:43 WARN  : Given XMD transaction timeout value is invalid. Using default value of 60000 milli seconds
15:34:43 WARN  : Given XMD transaction timeout value is invalid. Using default value of 60000 milli seconds
15:34:43 WARN  : Given XMD transaction timeout value is invalid. Using default value of 60000 milli seconds
15:34:43 WARN  : Given XMD transaction timeout value is invalid. Using default value of 60000 milli seconds
15:34:43 WARN  : Given XMD transaction timeout value is invalid. Using default value of 60000 milli seconds
15:34:43 WARN  : Given XMD transaction timeout value is invalid. Using default value of 60000 milli seconds
15:36:32 WARN  : Given XMD transaction timeout value is invalid. Using default value of 60000 milli seconds
15:36:32 WARN  : Given XMD transaction timeout value is invalid. Using default value of 60000 milli seconds
15:36:35 WARN  : Given XMD transaction timeout value is invalid. Using default value of 60000 milli seconds
15:36:35 WARN  : Given XMD transaction timeout value is invalid. Using default value of 60000 milli seconds
15:36:35 WARN  : Given XMD transaction timeout value is invalid. Using default value of 60000 milli seconds
15:36:35 WARN  : Given XMD transaction timeout value is invalid. Using default value of 60000 milli seconds
15:36:35 INFO  : Processor reset is completed for ps7_cortexa9_0
15:36:35 WARN  : Given XMD transaction timeout value is invalid. Using default value of 60000 milli seconds
15:36:35 WARN  : Given XMD transaction timeout value is invalid. Using default value of 60000 milli seconds
15:36:35 WARN  : Given XMD transaction timeout value is invalid. Using default value of 60000 milli seconds
15:36:35 WARN  : Given XMD transaction timeout value is invalid. Using default value of 60000 milli seconds
15:36:36 WARN  : Given XMD transaction timeout value is invalid. Using default value of 60000 milli seconds
15:36:36 WARN  : Given XMD transaction timeout value is invalid. Using default value of 60000 milli seconds
15:36:36 WARN  : Given XMD transaction timeout value is invalid. Using default value of 60000 milli seconds
15:36:36 WARN  : Given XMD transaction timeout value is invalid. Using default value of 60000 milli seconds
15:36:36 WARN  : Given XMD transaction timeout value is invalid. Using default value of 60000 milli seconds
15:36:36 WARN  : Given XMD transaction timeout value is invalid. Using default value of 60000 milli seconds
15:36:36 WARN  : Given XMD transaction timeout value is invalid. Using default value of 60000 milli seconds
15:36:36 WARN  : Given XMD transaction timeout value is invalid. Using default value of 60000 milli seconds
15:37:21 WARN  : Given XMD transaction timeout value is invalid. Using default value of 60000 milli seconds
15:37:21 WARN  : Given XMD transaction timeout value is invalid. Using default value of 60000 milli seconds
15:37:24 WARN  : Given XMD transaction timeout value is invalid. Using default value of 60000 milli seconds
15:37:25 WARN  : Given XMD transaction timeout value is invalid. Using default value of 60000 milli seconds
15:37:25 WARN  : Given XMD transaction timeout value is invalid. Using default value of 60000 milli seconds
15:37:25 WARN  : Given XMD transaction timeout value is invalid. Using default value of 60000 milli seconds
15:37:25 INFO  : Processor reset is completed for ps7_cortexa9_0
15:37:25 WARN  : Given XMD transaction timeout value is invalid. Using default value of 60000 milli seconds
15:37:25 WARN  : Given XMD transaction timeout value is invalid. Using default value of 60000 milli seconds
15:37:25 WARN  : Given XMD transaction timeout value is invalid. Using default value of 60000 milli seconds
15:37:25 WARN  : Given XMD transaction timeout value is invalid. Using default value of 60000 milli seconds
15:37:26 WARN  : Given XMD transaction timeout value is invalid. Using default value of 60000 milli seconds
15:37:26 WARN  : Given XMD transaction timeout value is invalid. Using default value of 60000 milli seconds
15:37:26 WARN  : Given XMD transaction timeout value is invalid. Using default value of 60000 milli seconds
15:37:26 WARN  : Given XMD transaction timeout value is invalid. Using default value of 60000 milli seconds
15:37:26 WARN  : Given XMD transaction timeout value is invalid. Using default value of 60000 milli seconds
15:37:26 WARN  : Given XMD transaction timeout value is invalid. Using default value of 60000 milli seconds
15:37:26 WARN  : Given XMD transaction timeout value is invalid. Using default value of 60000 milli seconds
15:37:26 WARN  : Given XMD transaction timeout value is invalid. Using default value of 60000 milli seconds
15:38:08 WARN  : Given XMD transaction timeout value is invalid. Using default value of 60000 milli seconds
15:38:08 WARN  : Given XMD transaction timeout value is invalid. Using default value of 60000 milli seconds
15:38:11 WARN  : Given XMD transaction timeout value is invalid. Using default value of 60000 milli seconds
15:38:12 WARN  : Given XMD transaction timeout value is invalid. Using default value of 60000 milli seconds
15:38:12 WARN  : Given XMD transaction timeout value is invalid. Using default value of 60000 milli seconds
15:38:12 WARN  : Given XMD transaction timeout value is invalid. Using default value of 60000 milli seconds
15:38:12 INFO  : Processor reset is completed for ps7_cortexa9_0
15:38:12 WARN  : Given XMD transaction timeout value is invalid. Using default value of 60000 milli seconds
15:38:12 WARN  : Given XMD transaction timeout value is invalid. Using default value of 60000 milli seconds
15:38:12 WARN  : Given XMD transaction timeout value is invalid. Using default value of 60000 milli seconds
15:38:12 WARN  : Given XMD transaction timeout value is invalid. Using default value of 60000 milli seconds
15:38:12 WARN  : Given XMD transaction timeout value is invalid. Using default value of 60000 milli seconds
15:38:13 WARN  : Given XMD transaction timeout value is invalid. Using default value of 60000 milli seconds
15:38:13 WARN  : Given XMD transaction timeout value is invalid. Using default value of 60000 milli seconds
15:38:13 WARN  : Given XMD transaction timeout value is invalid. Using default value of 60000 milli seconds
15:38:13 WARN  : Given XMD transaction timeout value is invalid. Using default value of 60000 milli seconds
15:38:13 WARN  : Given XMD transaction timeout value is invalid. Using default value of 60000 milli seconds
15:38:13 WARN  : Given XMD transaction timeout value is invalid. Using default value of 60000 milli seconds
15:38:13 WARN  : Given XMD transaction timeout value is invalid. Using default value of 60000 milli seconds
15:38:33 WARN  : Given XMD transaction timeout value is invalid. Using default value of 60000 milli seconds
15:38:33 WARN  : Given XMD transaction timeout value is invalid. Using default value of 60000 milli seconds
15:38:35 WARN  : Given XMD transaction timeout value is invalid. Using default value of 60000 milli seconds
15:38:36 WARN  : Given XMD transaction timeout value is invalid. Using default value of 60000 milli seconds
15:38:36 WARN  : Given XMD transaction timeout value is invalid. Using default value of 60000 milli seconds
15:38:36 WARN  : Given XMD transaction timeout value is invalid. Using default value of 60000 milli seconds
15:38:36 INFO  : Processor reset is completed for ps7_cortexa9_0
15:38:36 WARN  : Given XMD transaction timeout value is invalid. Using default value of 60000 milli seconds
15:38:36 WARN  : Given XMD transaction timeout value is invalid. Using default value of 60000 milli seconds
15:38:36 WARN  : Given XMD transaction timeout value is invalid. Using default value of 60000 milli seconds
15:38:36 WARN  : Given XMD transaction timeout value is invalid. Using default value of 60000 milli seconds
15:38:37 WARN  : Given XMD transaction timeout value is invalid. Using default value of 60000 milli seconds
15:38:37 WARN  : Given XMD transaction timeout value is invalid. Using default value of 60000 milli seconds
15:38:37 WARN  : Given XMD transaction timeout value is invalid. Using default value of 60000 milli seconds
15:38:37 WARN  : Given XMD transaction timeout value is invalid. Using default value of 60000 milli seconds
15:38:37 WARN  : Given XMD transaction timeout value is invalid. Using default value of 60000 milli seconds
15:38:37 WARN  : Given XMD transaction timeout value is invalid. Using default value of 60000 milli seconds
15:38:37 WARN  : Given XMD transaction timeout value is invalid. Using default value of 60000 milli seconds
15:38:37 WARN  : Given XMD transaction timeout value is invalid. Using default value of 60000 milli seconds
15:38:51 WARN  : Given XMD transaction timeout value is invalid. Using default value of 60000 milli seconds
15:38:51 WARN  : Given XMD transaction timeout value is invalid. Using default value of 60000 milli seconds
15:38:55 WARN  : Given XMD transaction timeout value is invalid. Using default value of 60000 milli seconds
15:38:55 WARN  : Given XMD transaction timeout value is invalid. Using default value of 60000 milli seconds
15:38:55 WARN  : Given XMD transaction timeout value is invalid. Using default value of 60000 milli seconds
15:38:55 WARN  : Given XMD transaction timeout value is invalid. Using default value of 60000 milli seconds
15:38:55 INFO  : Processor reset is completed for ps7_cortexa9_0
15:38:55 WARN  : Given XMD transaction timeout value is invalid. Using default value of 60000 milli seconds
15:38:55 WARN  : Given XMD transaction timeout value is invalid. Using default value of 60000 milli seconds
15:38:55 WARN  : Given XMD transaction timeout value is invalid. Using default value of 60000 milli seconds
15:38:55 WARN  : Given XMD transaction timeout value is invalid. Using default value of 60000 milli seconds
15:38:56 WARN  : Given XMD transaction timeout value is invalid. Using default value of 60000 milli seconds
15:38:56 WARN  : Given XMD transaction timeout value is invalid. Using default value of 60000 milli seconds
15:38:56 WARN  : Given XMD transaction timeout value is invalid. Using default value of 60000 milli seconds
15:38:56 WARN  : Given XMD transaction timeout value is invalid. Using default value of 60000 milli seconds
15:38:56 WARN  : Given XMD transaction timeout value is invalid. Using default value of 60000 milli seconds
15:38:56 WARN  : Given XMD transaction timeout value is invalid. Using default value of 60000 milli seconds
15:38:56 WARN  : Given XMD transaction timeout value is invalid. Using default value of 60000 milli seconds
15:38:56 WARN  : Given XMD transaction timeout value is invalid. Using default value of 60000 milli seconds
15:40:05 WARN  : Given XMD transaction timeout value is invalid. Using default value of 60000 milli seconds
15:40:05 WARN  : Given XMD transaction timeout value is invalid. Using default value of 60000 milli seconds
15:40:08 WARN  : Given XMD transaction timeout value is invalid. Using default value of 60000 milli seconds
15:40:08 WARN  : Given XMD transaction timeout value is invalid. Using default value of 60000 milli seconds
15:40:09 WARN  : Given XMD transaction timeout value is invalid. Using default value of 60000 milli seconds
15:40:09 WARN  : Given XMD transaction timeout value is invalid. Using default value of 60000 milli seconds
15:40:09 INFO  : Processor reset is completed for ps7_cortexa9_0
15:40:09 WARN  : Given XMD transaction timeout value is invalid. Using default value of 60000 milli seconds
15:40:09 WARN  : Given XMD transaction timeout value is invalid. Using default value of 60000 milli seconds
15:40:09 WARN  : Given XMD transaction timeout value is invalid. Using default value of 60000 milli seconds
15:40:09 WARN  : Given XMD transaction timeout value is invalid. Using default value of 60000 milli seconds
15:40:09 WARN  : Given XMD transaction timeout value is invalid. Using default value of 60000 milli seconds
15:40:10 WARN  : Given XMD transaction timeout value is invalid. Using default value of 60000 milli seconds
15:40:10 WARN  : Given XMD transaction timeout value is invalid. Using default value of 60000 milli seconds
15:40:10 WARN  : Given XMD transaction timeout value is invalid. Using default value of 60000 milli seconds
15:40:10 WARN  : Given XMD transaction timeout value is invalid. Using default value of 60000 milli seconds
15:40:10 WARN  : Given XMD transaction timeout value is invalid. Using default value of 60000 milli seconds
15:40:10 WARN  : Given XMD transaction timeout value is invalid. Using default value of 60000 milli seconds
15:40:10 WARN  : Given XMD transaction timeout value is invalid. Using default value of 60000 milli seconds
15:40:57 WARN  : Given XMD transaction timeout value is invalid. Using default value of 60000 milli seconds
15:40:57 WARN  : Given XMD transaction timeout value is invalid. Using default value of 60000 milli seconds
15:41:00 WARN  : Given XMD transaction timeout value is invalid. Using default value of 60000 milli seconds
15:41:00 WARN  : Given XMD transaction timeout value is invalid. Using default value of 60000 milli seconds
15:41:01 WARN  : Given XMD transaction timeout value is invalid. Using default value of 60000 milli seconds
15:41:01 WARN  : Given XMD transaction timeout value is invalid. Using default value of 60000 milli seconds
15:41:01 INFO  : Processor reset is completed for ps7_cortexa9_0
15:41:01 WARN  : Given XMD transaction timeout value is invalid. Using default value of 60000 milli seconds
15:41:01 WARN  : Given XMD transaction timeout value is invalid. Using default value of 60000 milli seconds
15:41:01 WARN  : Given XMD transaction timeout value is invalid. Using default value of 60000 milli seconds
15:41:01 WARN  : Given XMD transaction timeout value is invalid. Using default value of 60000 milli seconds
15:41:01 WARN  : Given XMD transaction timeout value is invalid. Using default value of 60000 milli seconds
15:41:01 WARN  : Given XMD transaction timeout value is invalid. Using default value of 60000 milli seconds
15:41:01 WARN  : Given XMD transaction timeout value is invalid. Using default value of 60000 milli seconds
15:41:02 WARN  : Given XMD transaction timeout value is invalid. Using default value of 60000 milli seconds
15:41:02 WARN  : Given XMD transaction timeout value is invalid. Using default value of 60000 milli seconds
15:41:02 WARN  : Given XMD transaction timeout value is invalid. Using default value of 60000 milli seconds
15:41:02 WARN  : Given XMD transaction timeout value is invalid. Using default value of 60000 milli seconds
15:41:02 WARN  : Given XMD transaction timeout value is invalid. Using default value of 60000 milli seconds
15:41:14 WARN  : Given XMD transaction timeout value is invalid. Using default value of 60000 milli seconds
15:41:14 WARN  : Given XMD transaction timeout value is invalid. Using default value of 60000 milli seconds
15:41:16 WARN  : Given XMD transaction timeout value is invalid. Using default value of 60000 milli seconds
15:41:16 WARN  : Given XMD transaction timeout value is invalid. Using default value of 60000 milli seconds
15:41:16 WARN  : Given XMD transaction timeout value is invalid. Using default value of 60000 milli seconds
15:41:17 WARN  : Given XMD transaction timeout value is invalid. Using default value of 60000 milli seconds
15:41:17 INFO  : Processor reset is completed for ps7_cortexa9_0
15:41:17 WARN  : Given XMD transaction timeout value is invalid. Using default value of 60000 milli seconds
15:41:17 WARN  : Given XMD transaction timeout value is invalid. Using default value of 60000 milli seconds
15:41:17 WARN  : Given XMD transaction timeout value is invalid. Using default value of 60000 milli seconds
15:41:17 WARN  : Given XMD transaction timeout value is invalid. Using default value of 60000 milli seconds
15:41:17 WARN  : Given XMD transaction timeout value is invalid. Using default value of 60000 milli seconds
15:41:17 WARN  : Given XMD transaction timeout value is invalid. Using default value of 60000 milli seconds
15:41:17 WARN  : Given XMD transaction timeout value is invalid. Using default value of 60000 milli seconds
15:41:18 WARN  : Given XMD transaction timeout value is invalid. Using default value of 60000 milli seconds
15:41:18 WARN  : Given XMD transaction timeout value is invalid. Using default value of 60000 milli seconds
15:41:18 WARN  : Given XMD transaction timeout value is invalid. Using default value of 60000 milli seconds
15:41:18 WARN  : Given XMD transaction timeout value is invalid. Using default value of 60000 milli seconds
15:41:18 WARN  : Given XMD transaction timeout value is invalid. Using default value of 60000 milli seconds
15:42:06 WARN  : Given XMD transaction timeout value is invalid. Using default value of 60000 milli seconds
15:42:06 WARN  : Given XMD transaction timeout value is invalid. Using default value of 60000 milli seconds
15:42:09 WARN  : Given XMD transaction timeout value is invalid. Using default value of 60000 milli seconds
15:42:09 WARN  : Given XMD transaction timeout value is invalid. Using default value of 60000 milli seconds
15:42:09 WARN  : Given XMD transaction timeout value is invalid. Using default value of 60000 milli seconds
15:42:09 WARN  : Given XMD transaction timeout value is invalid. Using default value of 60000 milli seconds
15:42:10 INFO  : Processor reset is completed for ps7_cortexa9_0
15:42:10 WARN  : Given XMD transaction timeout value is invalid. Using default value of 60000 milli seconds
15:42:10 WARN  : Given XMD transaction timeout value is invalid. Using default value of 60000 milli seconds
15:42:10 WARN  : Given XMD transaction timeout value is invalid. Using default value of 60000 milli seconds
15:42:10 WARN  : Given XMD transaction timeout value is invalid. Using default value of 60000 milli seconds
15:42:10 WARN  : Given XMD transaction timeout value is invalid. Using default value of 60000 milli seconds
15:42:10 WARN  : Given XMD transaction timeout value is invalid. Using default value of 60000 milli seconds
15:42:10 WARN  : Given XMD transaction timeout value is invalid. Using default value of 60000 milli seconds
15:42:10 WARN  : Given XMD transaction timeout value is invalid. Using default value of 60000 milli seconds
15:42:11 WARN  : Given XMD transaction timeout value is invalid. Using default value of 60000 milli seconds
15:42:11 WARN  : Given XMD transaction timeout value is invalid. Using default value of 60000 milli seconds
15:42:11 WARN  : Given XMD transaction timeout value is invalid. Using default value of 60000 milli seconds
15:42:11 WARN  : Given XMD transaction timeout value is invalid. Using default value of 60000 milli seconds
15:42:58 WARN  : Given XMD transaction timeout value is invalid. Using default value of 60000 milli seconds
15:42:58 WARN  : Given XMD transaction timeout value is invalid. Using default value of 60000 milli seconds
15:43:01 WARN  : Given XMD transaction timeout value is invalid. Using default value of 60000 milli seconds
15:43:02 WARN  : Given XMD transaction timeout value is invalid. Using default value of 60000 milli seconds
15:43:02 WARN  : Given XMD transaction timeout value is invalid. Using default value of 60000 milli seconds
15:43:02 WARN  : Given XMD transaction timeout value is invalid. Using default value of 60000 milli seconds
15:43:02 INFO  : Processor reset is completed for ps7_cortexa9_0
15:43:02 WARN  : Given XMD transaction timeout value is invalid. Using default value of 60000 milli seconds
15:43:02 WARN  : Given XMD transaction timeout value is invalid. Using default value of 60000 milli seconds
15:43:02 WARN  : Given XMD transaction timeout value is invalid. Using default value of 60000 milli seconds
15:43:02 WARN  : Given XMD transaction timeout value is invalid. Using default value of 60000 milli seconds
15:43:03 WARN  : Given XMD transaction timeout value is invalid. Using default value of 60000 milli seconds
15:43:03 WARN  : Given XMD transaction timeout value is invalid. Using default value of 60000 milli seconds
15:43:03 WARN  : Given XMD transaction timeout value is invalid. Using default value of 60000 milli seconds
15:43:03 WARN  : Given XMD transaction timeout value is invalid. Using default value of 60000 milli seconds
15:43:03 WARN  : Given XMD transaction timeout value is invalid. Using default value of 60000 milli seconds
15:43:03 WARN  : Given XMD transaction timeout value is invalid. Using default value of 60000 milli seconds
15:43:03 WARN  : Given XMD transaction timeout value is invalid. Using default value of 60000 milli seconds
15:43:03 WARN  : Given XMD transaction timeout value is invalid. Using default value of 60000 milli seconds
15:43:27 WARN  : Given XMD transaction timeout value is invalid. Using default value of 60000 milli seconds
15:43:27 WARN  : Given XMD transaction timeout value is invalid. Using default value of 60000 milli seconds
15:43:29 WARN  : Given XMD transaction timeout value is invalid. Using default value of 60000 milli seconds
15:43:30 WARN  : Given XMD transaction timeout value is invalid. Using default value of 60000 milli seconds
15:43:30 WARN  : Given XMD transaction timeout value is invalid. Using default value of 60000 milli seconds
15:43:30 WARN  : Given XMD transaction timeout value is invalid. Using default value of 60000 milli seconds
15:43:30 INFO  : Processor reset is completed for ps7_cortexa9_0
15:43:30 WARN  : Given XMD transaction timeout value is invalid. Using default value of 60000 milli seconds
15:43:30 WARN  : Given XMD transaction timeout value is invalid. Using default value of 60000 milli seconds
15:43:30 WARN  : Given XMD transaction timeout value is invalid. Using default value of 60000 milli seconds
15:43:30 WARN  : Given XMD transaction timeout value is invalid. Using default value of 60000 milli seconds
15:43:31 WARN  : Given XMD transaction timeout value is invalid. Using default value of 60000 milli seconds
15:43:31 WARN  : Given XMD transaction timeout value is invalid. Using default value of 60000 milli seconds
15:43:31 WARN  : Given XMD transaction timeout value is invalid. Using default value of 60000 milli seconds
15:43:31 WARN  : Given XMD transaction timeout value is invalid. Using default value of 60000 milli seconds
15:43:31 WARN  : Given XMD transaction timeout value is invalid. Using default value of 60000 milli seconds
15:43:31 WARN  : Given XMD transaction timeout value is invalid. Using default value of 60000 milli seconds
15:43:31 WARN  : Given XMD transaction timeout value is invalid. Using default value of 60000 milli seconds
15:43:31 WARN  : Given XMD transaction timeout value is invalid. Using default value of 60000 milli seconds
15:46:08 WARN  : Given XMD transaction timeout value is invalid. Using default value of 60000 milli seconds
15:46:08 WARN  : Given XMD transaction timeout value is invalid. Using default value of 60000 milli seconds
15:46:11 WARN  : Given XMD transaction timeout value is invalid. Using default value of 60000 milli seconds
15:46:11 WARN  : Given XMD transaction timeout value is invalid. Using default value of 60000 milli seconds
15:46:11 WARN  : Given XMD transaction timeout value is invalid. Using default value of 60000 milli seconds
15:46:11 WARN  : Given XMD transaction timeout value is invalid. Using default value of 60000 milli seconds
15:46:11 INFO  : Processor reset is completed for ps7_cortexa9_0
15:46:11 WARN  : Given XMD transaction timeout value is invalid. Using default value of 60000 milli seconds
15:46:11 WARN  : Given XMD transaction timeout value is invalid. Using default value of 60000 milli seconds
15:46:11 WARN  : Given XMD transaction timeout value is invalid. Using default value of 60000 milli seconds
15:46:11 WARN  : Given XMD transaction timeout value is invalid. Using default value of 60000 milli seconds
15:46:12 WARN  : Given XMD transaction timeout value is invalid. Using default value of 60000 milli seconds
15:46:12 WARN  : Given XMD transaction timeout value is invalid. Using default value of 60000 milli seconds
15:46:12 WARN  : Given XMD transaction timeout value is invalid. Using default value of 60000 milli seconds
15:46:12 WARN  : Given XMD transaction timeout value is invalid. Using default value of 60000 milli seconds
15:46:12 WARN  : Given XMD transaction timeout value is invalid. Using default value of 60000 milli seconds
15:46:12 WARN  : Given XMD transaction timeout value is invalid. Using default value of 60000 milli seconds
15:46:12 WARN  : Given XMD transaction timeout value is invalid. Using default value of 60000 milli seconds
15:46:12 WARN  : Given XMD transaction timeout value is invalid. Using default value of 60000 milli seconds
15:46:40 WARN  : Given XMD transaction timeout value is invalid. Using default value of 60000 milli seconds
15:46:40 WARN  : Given XMD transaction timeout value is invalid. Using default value of 60000 milli seconds
15:46:43 WARN  : Given XMD transaction timeout value is invalid. Using default value of 60000 milli seconds
15:46:43 WARN  : Given XMD transaction timeout value is invalid. Using default value of 60000 milli seconds
15:46:43 WARN  : Given XMD transaction timeout value is invalid. Using default value of 60000 milli seconds
15:46:43 WARN  : Given XMD transaction timeout value is invalid. Using default value of 60000 milli seconds
15:46:44 INFO  : Processor reset is completed for ps7_cortexa9_0
15:46:44 WARN  : Given XMD transaction timeout value is invalid. Using default value of 60000 milli seconds
15:46:44 WARN  : Given XMD transaction timeout value is invalid. Using default value of 60000 milli seconds
15:46:44 WARN  : Given XMD transaction timeout value is invalid. Using default value of 60000 milli seconds
15:46:44 WARN  : Given XMD transaction timeout value is invalid. Using default value of 60000 milli seconds
15:46:44 WARN  : Given XMD transaction timeout value is invalid. Using default value of 60000 milli seconds
15:46:44 WARN  : Given XMD transaction timeout value is invalid. Using default value of 60000 milli seconds
15:46:45 WARN  : Given XMD transaction timeout value is invalid. Using default value of 60000 milli seconds
15:46:45 WARN  : Given XMD transaction timeout value is invalid. Using default value of 60000 milli seconds
15:46:45 WARN  : Given XMD transaction timeout value is invalid. Using default value of 60000 milli seconds
15:46:45 WARN  : Given XMD transaction timeout value is invalid. Using default value of 60000 milli seconds
15:46:45 WARN  : Given XMD transaction timeout value is invalid. Using default value of 60000 milli seconds
15:46:45 WARN  : Given XMD transaction timeout value is invalid. Using default value of 60000 milli seconds
15:47:40 WARN  : Given XMD transaction timeout value is invalid. Using default value of 60000 milli seconds
15:47:40 WARN  : Given XMD transaction timeout value is invalid. Using default value of 60000 milli seconds
15:47:43 WARN  : Given XMD transaction timeout value is invalid. Using default value of 60000 milli seconds
15:47:43 WARN  : Given XMD transaction timeout value is invalid. Using default value of 60000 milli seconds
15:47:43 WARN  : Given XMD transaction timeout value is invalid. Using default value of 60000 milli seconds
15:47:43 WARN  : Given XMD transaction timeout value is invalid. Using default value of 60000 milli seconds
15:47:43 INFO  : Processor reset is completed for ps7_cortexa9_0
15:47:43 WARN  : Given XMD transaction timeout value is invalid. Using default value of 60000 milli seconds
15:47:43 WARN  : Given XMD transaction timeout value is invalid. Using default value of 60000 milli seconds
15:47:43 WARN  : Given XMD transaction timeout value is invalid. Using default value of 60000 milli seconds
15:47:43 WARN  : Given XMD transaction timeout value is invalid. Using default value of 60000 milli seconds
15:47:44 WARN  : Given XMD transaction timeout value is invalid. Using default value of 60000 milli seconds
15:47:44 WARN  : Given XMD transaction timeout value is invalid. Using default value of 60000 milli seconds
15:47:44 WARN  : Given XMD transaction timeout value is invalid. Using default value of 60000 milli seconds
15:47:44 WARN  : Given XMD transaction timeout value is invalid. Using default value of 60000 milli seconds
15:47:44 WARN  : Given XMD transaction timeout value is invalid. Using default value of 60000 milli seconds
15:47:44 WARN  : Given XMD transaction timeout value is invalid. Using default value of 60000 milli seconds
15:47:44 WARN  : Given XMD transaction timeout value is invalid. Using default value of 60000 milli seconds
15:47:44 WARN  : Given XMD transaction timeout value is invalid. Using default value of 60000 milli seconds
15:50:22 WARN  : Given XMD transaction timeout value is invalid. Using default value of 60000 milli seconds
15:50:22 WARN  : Given XMD transaction timeout value is invalid. Using default value of 60000 milli seconds
15:50:25 WARN  : Given XMD transaction timeout value is invalid. Using default value of 60000 milli seconds
15:50:25 WARN  : Given XMD transaction timeout value is invalid. Using default value of 60000 milli seconds
15:50:25 WARN  : Given XMD transaction timeout value is invalid. Using default value of 60000 milli seconds
15:50:25 WARN  : Given XMD transaction timeout value is invalid. Using default value of 60000 milli seconds
15:50:25 INFO  : Processor reset is completed for ps7_cortexa9_0
15:50:25 WARN  : Given XMD transaction timeout value is invalid. Using default value of 60000 milli seconds
15:50:25 WARN  : Given XMD transaction timeout value is invalid. Using default value of 60000 milli seconds
15:50:26 WARN  : Given XMD transaction timeout value is invalid. Using default value of 60000 milli seconds
15:50:26 WARN  : Given XMD transaction timeout value is invalid. Using default value of 60000 milli seconds
15:50:26 WARN  : Given XMD transaction timeout value is invalid. Using default value of 60000 milli seconds
15:50:26 WARN  : Given XMD transaction timeout value is invalid. Using default value of 60000 milli seconds
15:50:26 WARN  : Given XMD transaction timeout value is invalid. Using default value of 60000 milli seconds
15:50:26 WARN  : Given XMD transaction timeout value is invalid. Using default value of 60000 milli seconds
15:50:26 WARN  : Given XMD transaction timeout value is invalid. Using default value of 60000 milli seconds
15:50:27 WARN  : Given XMD transaction timeout value is invalid. Using default value of 60000 milli seconds
15:50:27 WARN  : Given XMD transaction timeout value is invalid. Using default value of 60000 milli seconds
15:50:27 WARN  : Given XMD transaction timeout value is invalid. Using default value of 60000 milli seconds
16:01:50 WARN  : Given XMD transaction timeout value is invalid. Using default value of 60000 milli seconds
16:01:50 WARN  : Given XMD transaction timeout value is invalid. Using default value of 60000 milli seconds
16:01:52 WARN  : Given XMD transaction timeout value is invalid. Using default value of 60000 milli seconds
16:01:52 WARN  : Given XMD transaction timeout value is invalid. Using default value of 60000 milli seconds
16:01:53 WARN  : Given XMD transaction timeout value is invalid. Using default value of 60000 milli seconds
16:01:53 WARN  : Given XMD transaction timeout value is invalid. Using default value of 60000 milli seconds
16:01:53 INFO  : Processor reset is completed for ps7_cortexa9_0
16:01:53 WARN  : Given XMD transaction timeout value is invalid. Using default value of 60000 milli seconds
16:01:53 WARN  : Given XMD transaction timeout value is invalid. Using default value of 60000 milli seconds
16:01:53 WARN  : Given XMD transaction timeout value is invalid. Using default value of 60000 milli seconds
16:01:53 WARN  : Given XMD transaction timeout value is invalid. Using default value of 60000 milli seconds
16:01:54 WARN  : Given XMD transaction timeout value is invalid. Using default value of 60000 milli seconds
16:01:54 WARN  : Given XMD transaction timeout value is invalid. Using default value of 60000 milli seconds
16:01:54 WARN  : Given XMD transaction timeout value is invalid. Using default value of 60000 milli seconds
16:01:54 WARN  : Given XMD transaction timeout value is invalid. Using default value of 60000 milli seconds
16:01:54 WARN  : Given XMD transaction timeout value is invalid. Using default value of 60000 milli seconds
16:01:54 WARN  : Given XMD transaction timeout value is invalid. Using default value of 60000 milli seconds
16:01:54 WARN  : Given XMD transaction timeout value is invalid. Using default value of 60000 milli seconds
16:01:54 WARN  : Given XMD transaction timeout value is invalid. Using default value of 60000 milli seconds
16:02:25 WARN  : Given XMD transaction timeout value is invalid. Using default value of 60000 milli seconds
16:02:25 WARN  : Given XMD transaction timeout value is invalid. Using default value of 60000 milli seconds
16:02:28 WARN  : Given XMD transaction timeout value is invalid. Using default value of 60000 milli seconds
16:02:28 WARN  : Given XMD transaction timeout value is invalid. Using default value of 60000 milli seconds
16:02:29 WARN  : Given XMD transaction timeout value is invalid. Using default value of 60000 milli seconds
16:02:29 WARN  : Given XMD transaction timeout value is invalid. Using default value of 60000 milli seconds
16:02:29 INFO  : Processor reset is completed for ps7_cortexa9_0
16:02:29 WARN  : Given XMD transaction timeout value is invalid. Using default value of 60000 milli seconds
16:02:29 WARN  : Given XMD transaction timeout value is invalid. Using default value of 60000 milli seconds
16:02:29 WARN  : Given XMD transaction timeout value is invalid. Using default value of 60000 milli seconds
16:02:29 WARN  : Given XMD transaction timeout value is invalid. Using default value of 60000 milli seconds
16:02:30 WARN  : Given XMD transaction timeout value is invalid. Using default value of 60000 milli seconds
16:02:30 WARN  : Given XMD transaction timeout value is invalid. Using default value of 60000 milli seconds
16:02:30 WARN  : Given XMD transaction timeout value is invalid. Using default value of 60000 milli seconds
16:02:30 WARN  : Given XMD transaction timeout value is invalid. Using default value of 60000 milli seconds
16:02:30 WARN  : Given XMD transaction timeout value is invalid. Using default value of 60000 milli seconds
16:02:30 WARN  : Given XMD transaction timeout value is invalid. Using default value of 60000 milli seconds
16:02:30 WARN  : Given XMD transaction timeout value is invalid. Using default value of 60000 milli seconds
16:02:30 WARN  : Given XMD transaction timeout value is invalid. Using default value of 60000 milli seconds
16:02:40 WARN  : Given XMD transaction timeout value is invalid. Using default value of 60000 milli seconds
16:02:40 WARN  : Given XMD transaction timeout value is invalid. Using default value of 60000 milli seconds
16:02:41 WARN  : Given XMD transaction timeout value is invalid. Using default value of 60000 milli seconds
16:02:41 WARN  : Given XMD transaction timeout value is invalid. Using default value of 60000 milli seconds
16:02:41 WARN  : Given XMD transaction timeout value is invalid. Using default value of 60000 milli seconds
16:02:41 WARN  : Given XMD transaction timeout value is invalid. Using default value of 60000 milli seconds
16:02:41 INFO  : Processor reset is completed for ps7_cortexa9_0
16:02:41 WARN  : Given XMD transaction timeout value is invalid. Using default value of 60000 milli seconds
16:02:41 WARN  : Given XMD transaction timeout value is invalid. Using default value of 60000 milli seconds
16:02:41 WARN  : Given XMD transaction timeout value is invalid. Using default value of 60000 milli seconds
16:02:42 WARN  : Given XMD transaction timeout value is invalid. Using default value of 60000 milli seconds
16:02:42 WARN  : Given XMD transaction timeout value is invalid. Using default value of 60000 milli seconds
16:02:42 WARN  : Given XMD transaction timeout value is invalid. Using default value of 60000 milli seconds
16:02:42 WARN  : Given XMD transaction timeout value is invalid. Using default value of 60000 milli seconds
16:02:42 WARN  : Given XMD transaction timeout value is invalid. Using default value of 60000 milli seconds
16:02:42 WARN  : Given XMD transaction timeout value is invalid. Using default value of 60000 milli seconds
16:02:42 WARN  : Given XMD transaction timeout value is invalid. Using default value of 60000 milli seconds
16:02:42 WARN  : Given XMD transaction timeout value is invalid. Using default value of 60000 milli seconds
16:02:43 WARN  : Given XMD transaction timeout value is invalid. Using default value of 60000 milli seconds
16:02:47 WARN  : Given XMD transaction timeout value is invalid. Using default value of 60000 milli seconds
16:02:47 WARN  : Given XMD transaction timeout value is invalid. Using default value of 60000 milli seconds
16:02:48 WARN  : Given XMD transaction timeout value is invalid. Using default value of 60000 milli seconds
16:02:48 WARN  : Given XMD transaction timeout value is invalid. Using default value of 60000 milli seconds
16:02:48 WARN  : Given XMD transaction timeout value is invalid. Using default value of 60000 milli seconds
16:02:48 WARN  : Given XMD transaction timeout value is invalid. Using default value of 60000 milli seconds
16:02:48 INFO  : Processor reset is completed for ps7_cortexa9_0
16:02:48 WARN  : Given XMD transaction timeout value is invalid. Using default value of 60000 milli seconds
16:02:49 WARN  : Given XMD transaction timeout value is invalid. Using default value of 60000 milli seconds
16:02:49 WARN  : Given XMD transaction timeout value is invalid. Using default value of 60000 milli seconds
16:02:49 WARN  : Given XMD transaction timeout value is invalid. Using default value of 60000 milli seconds
16:02:49 WARN  : Given XMD transaction timeout value is invalid. Using default value of 60000 milli seconds
16:02:49 WARN  : Given XMD transaction timeout value is invalid. Using default value of 60000 milli seconds
16:02:49 WARN  : Given XMD transaction timeout value is invalid. Using default value of 60000 milli seconds
16:02:50 WARN  : Given XMD transaction timeout value is invalid. Using default value of 60000 milli seconds
16:02:50 WARN  : Given XMD transaction timeout value is invalid. Using default value of 60000 milli seconds
16:02:50 WARN  : Given XMD transaction timeout value is invalid. Using default value of 60000 milli seconds
16:02:50 WARN  : Given XMD transaction timeout value is invalid. Using default value of 60000 milli seconds
16:02:50 WARN  : Given XMD transaction timeout value is invalid. Using default value of 60000 milli seconds
16:03:10 WARN  : Given XMD transaction timeout value is invalid. Using default value of 60000 milli seconds
16:03:10 WARN  : Given XMD transaction timeout value is invalid. Using default value of 60000 milli seconds
16:03:13 WARN  : Given XMD transaction timeout value is invalid. Using default value of 60000 milli seconds
16:03:13 WARN  : Given XMD transaction timeout value is invalid. Using default value of 60000 milli seconds
16:03:14 WARN  : Given XMD transaction timeout value is invalid. Using default value of 60000 milli seconds
16:03:14 WARN  : Given XMD transaction timeout value is invalid. Using default value of 60000 milli seconds
16:03:14 INFO  : Processor reset is completed for ps7_cortexa9_0
16:03:14 WARN  : Given XMD transaction timeout value is invalid. Using default value of 60000 milli seconds
16:03:14 WARN  : Given XMD transaction timeout value is invalid. Using default value of 60000 milli seconds
16:03:14 WARN  : Given XMD transaction timeout value is invalid. Using default value of 60000 milli seconds
16:03:14 WARN  : Given XMD transaction timeout value is invalid. Using default value of 60000 milli seconds
16:03:15 WARN  : Given XMD transaction timeout value is invalid. Using default value of 60000 milli seconds
16:03:15 WARN  : Given XMD transaction timeout value is invalid. Using default value of 60000 milli seconds
16:03:15 WARN  : Given XMD transaction timeout value is invalid. Using default value of 60000 milli seconds
16:03:15 WARN  : Given XMD transaction timeout value is invalid. Using default value of 60000 milli seconds
16:03:15 WARN  : Given XMD transaction timeout value is invalid. Using default value of 60000 milli seconds
16:03:15 WARN  : Given XMD transaction timeout value is invalid. Using default value of 60000 milli seconds
16:03:15 WARN  : Given XMD transaction timeout value is invalid. Using default value of 60000 milli seconds
16:03:15 WARN  : Given XMD transaction timeout value is invalid. Using default value of 60000 milli seconds
16:03:52 ERROR : Unexpected error while parsing XMD response ?: com.google.gson.JsonSyntaxException: com.google.gson.stream.MalformedJsonException: invalid number or unquoted string near 
17:14:55 INFO  : Registering command handlers for SDK TCF services
17:14:57 INFO  : Launching XSCT server: xsct.bat -interactive C:\Users\ASUS\Desktop\project_ps_only\project_ps_only.sdk\temp_xsdb_launch_script.tcl
17:15:07 INFO  : XSCT server has started successfully.
17:15:19 INFO  : Successfully done setting XSCT server connection channel  
17:15:19 INFO  : Successfully done setting SDK workspace  
17:15:19 INFO  : Processing command line option -hwspec C:/Users/ASUS/Desktop/project_ps_only/project_ps_only.sdk/design_1_wrapper.hdf.
17:15:19 INFO  : Checking for hwspec changes in the project design_1_wrapper_hw_platform_0.
