17:05:42 INFO  : Registering command handlers for SDK TCF services
17:05:42 INFO  : Launching XSCT server: xsct.bat -interactive C:\Users\ASUS\Desktop\final_project\final_project.sdk\temp_xsdb_launch_script.tcl
17:05:45 INFO  : XSCT server has started successfully.
17:05:45 INFO  : Successfully done setting XSCT server connection channel  
17:05:45 INFO  : Processing command line option -hwspec C:/Users/ASUS/Desktop/final_project/final_project.sdk/design_1_wrapper.hdf.
17:05:45 INFO  : Successfully done setting SDK workspace  
17:07:16 INFO  : Successfully generated C:\Users\ASUS\Desktop\final_project\final_project.sdk\final_project\src\lscript.ld.
17:07:16 INFO  : Applying linker script to all configurations of project final_project.
17:07:16 INFO  : Setting rebuild state to true for all configurations of project final_project.
17:10:20 WARN  : Given IPC port value is invalid. Using default port 2350
17:10:20 WARN  : Given XMD timeout value is invalid. Using default value of 50000
17:10:21 WARN  : Given XMD transaction timeout value is invalid. Using default value of 60000 milli seconds
17:10:21 WARN  : Given XMD transaction timeout value is invalid. Using default value of 60000 milli seconds
17:10:29 WARN  : Given XMD transaction timeout value is invalid. Using default value of 60000 milli seconds
17:10:33 WARN  : Given XMD transaction timeout value is invalid. Using default value of 60000 milli seconds
17:10:33 WARN  : Given XMD transaction timeout value is invalid. Using default value of 60000 milli seconds
17:10:33 WARN  : Given XMD transaction timeout value is invalid. Using default value of 60000 milli seconds
17:10:33 WARN  : Given XMD transaction timeout value is invalid. Using default value of 60000 milli seconds
17:10:33 WARN  : Given XMD transaction timeout value is invalid. Using default value of 60000 milli seconds
17:10:33 WARN  : Given XMD transaction timeout value is invalid. Using default value of 60000 milli seconds
17:10:34 INFO  : Processor reset is completed for ps7_cortexa9_0
17:10:34 WARN  : Given XMD transaction timeout value is invalid. Using default value of 60000 milli seconds
17:10:34 WARN  : Given XMD transaction timeout value is invalid. Using default value of 60000 milli seconds
17:10:34 WARN  : Given XMD transaction timeout value is invalid. Using default value of 60000 milli seconds
17:10:34 WARN  : Given XMD transaction timeout value is invalid. Using default value of 60000 milli seconds
17:10:34 WARN  : Given XMD transaction timeout value is invalid. Using default value of 60000 milli seconds
17:10:34 WARN  : Given XMD transaction timeout value is invalid. Using default value of 60000 milli seconds
17:10:35 WARN  : Given XMD transaction timeout value is invalid. Using default value of 60000 milli seconds
17:10:35 WARN  : Given XMD transaction timeout value is invalid. Using default value of 60000 milli seconds
17:10:35 WARN  : Given XMD transaction timeout value is invalid. Using default value of 60000 milli seconds
17:10:35 WARN  : Given XMD transaction timeout value is invalid. Using default value of 60000 milli seconds
17:10:35 WARN  : Given XMD transaction timeout value is invalid. Using default value of 60000 milli seconds
17:10:35 WARN  : Given XMD transaction timeout value is invalid. Using default value of 60000 milli seconds
17:14:33 WARN  : Given XMD transaction timeout value is invalid. Using default value of 60000 milli seconds
17:14:36 WARN  : Given XMD transaction timeout value is invalid. Using default value of 60000 milli seconds
17:14:37 WARN  : Given XMD transaction timeout value is invalid. Using default value of 60000 milli seconds
17:14:37 WARN  : Given XMD transaction timeout value is invalid. Using default value of 60000 milli seconds
17:14:37 WARN  : Given XMD transaction timeout value is invalid. Using default value of 60000 milli seconds
17:14:37 WARN  : Given XMD transaction timeout value is invalid. Using default value of 60000 milli seconds
17:14:37 WARN  : Given XMD transaction timeout value is invalid. Using default value of 60000 milli seconds
17:14:37 INFO  : Processor reset is completed for ps7_cortexa9_0
17:14:37 WARN  : Given XMD transaction timeout value is invalid. Using default value of 60000 milli seconds
17:14:37 WARN  : Given XMD transaction timeout value is invalid. Using default value of 60000 milli seconds
17:14:37 WARN  : Given XMD transaction timeout value is invalid. Using default value of 60000 milli seconds
17:14:37 WARN  : Given XMD transaction timeout value is invalid. Using default value of 60000 milli seconds
17:14:38 WARN  : Given XMD transaction timeout value is invalid. Using default value of 60000 milli seconds
17:14:38 WARN  : Given XMD transaction timeout value is invalid. Using default value of 60000 milli seconds
17:14:38 WARN  : Given XMD transaction timeout value is invalid. Using default value of 60000 milli seconds
17:14:38 WARN  : Given XMD transaction timeout value is invalid. Using default value of 60000 milli seconds
17:14:38 WARN  : Given XMD transaction timeout value is invalid. Using default value of 60000 milli seconds
17:14:38 WARN  : Given XMD transaction timeout value is invalid. Using default value of 60000 milli seconds
17:14:38 WARN  : Given XMD transaction timeout value is invalid. Using default value of 60000 milli seconds
17:14:38 WARN  : Given XMD transaction timeout value is invalid. Using default value of 60000 milli seconds
17:17:07 WARN  : Given XMD transaction timeout value is invalid. Using default value of 60000 milli seconds
17:17:10 WARN  : Given XMD transaction timeout value is invalid. Using default value of 60000 milli seconds
17:17:10 WARN  : Given XMD transaction timeout value is invalid. Using default value of 60000 milli seconds
17:17:10 WARN  : Given XMD transaction timeout value is invalid. Using default value of 60000 milli seconds
17:17:11 WARN  : Given XMD transaction timeout value is invalid. Using default value of 60000 milli seconds
17:17:11 WARN  : Given XMD transaction timeout value is invalid. Using default value of 60000 milli seconds
17:17:11 WARN  : Given XMD transaction timeout value is invalid. Using default value of 60000 milli seconds
17:17:11 INFO  : Processor reset is completed for ps7_cortexa9_0
17:17:11 WARN  : Given XMD transaction timeout value is invalid. Using default value of 60000 milli seconds
17:17:11 WARN  : Given XMD transaction timeout value is invalid. Using default value of 60000 milli seconds
17:17:11 WARN  : Given XMD transaction timeout value is invalid. Using default value of 60000 milli seconds
17:17:11 WARN  : Given XMD transaction timeout value is invalid. Using default value of 60000 milli seconds
17:17:12 WARN  : Given XMD transaction timeout value is invalid. Using default value of 60000 milli seconds
17:17:12 WARN  : Given XMD transaction timeout value is invalid. Using default value of 60000 milli seconds
17:17:12 WARN  : Given XMD transaction timeout value is invalid. Using default value of 60000 milli seconds
17:17:12 WARN  : Given XMD transaction timeout value is invalid. Using default value of 60000 milli seconds
17:17:12 WARN  : Given XMD transaction timeout value is invalid. Using default value of 60000 milli seconds
17:17:12 WARN  : Given XMD transaction timeout value is invalid. Using default value of 60000 milli seconds
17:17:12 WARN  : Given XMD transaction timeout value is invalid. Using default value of 60000 milli seconds
17:17:12 WARN  : Given XMD transaction timeout value is invalid. Using default value of 60000 milli seconds
17:17:35 WARN  : Given XMD transaction timeout value is invalid. Using default value of 60000 milli seconds
17:17:38 WARN  : Given XMD transaction timeout value is invalid. Using default value of 60000 milli seconds
17:17:38 WARN  : Given XMD transaction timeout value is invalid. Using default value of 60000 milli seconds
17:17:38 WARN  : Given XMD transaction timeout value is invalid. Using default value of 60000 milli seconds
17:17:39 WARN  : Given XMD transaction timeout value is invalid. Using default value of 60000 milli seconds
17:17:39 WARN  : Given XMD transaction timeout value is invalid. Using default value of 60000 milli seconds
17:17:39 WARN  : Given XMD transaction timeout value is invalid. Using default value of 60000 milli seconds
17:17:39 INFO  : Processor reset is completed for ps7_cortexa9_0
17:17:39 WARN  : Given XMD transaction timeout value is invalid. Using default value of 60000 milli seconds
17:17:39 WARN  : Given XMD transaction timeout value is invalid. Using default value of 60000 milli seconds
17:17:39 WARN  : Given XMD transaction timeout value is invalid. Using default value of 60000 milli seconds
17:17:39 WARN  : Given XMD transaction timeout value is invalid. Using default value of 60000 milli seconds
17:17:40 WARN  : Given XMD transaction timeout value is invalid. Using default value of 60000 milli seconds
17:17:40 WARN  : Given XMD transaction timeout value is invalid. Using default value of 60000 milli seconds
17:17:40 WARN  : Given XMD transaction timeout value is invalid. Using default value of 60000 milli seconds
17:17:40 WARN  : Given XMD transaction timeout value is invalid. Using default value of 60000 milli seconds
17:17:40 WARN  : Given XMD transaction timeout value is invalid. Using default value of 60000 milli seconds
17:17:40 WARN  : Given XMD transaction timeout value is invalid. Using default value of 60000 milli seconds
17:17:40 WARN  : Given XMD transaction timeout value is invalid. Using default value of 60000 milli seconds
17:17:40 WARN  : Given XMD transaction timeout value is invalid. Using default value of 60000 milli seconds
17:22:41 WARN  : Given XMD transaction timeout value is invalid. Using default value of 60000 milli seconds
17:22:44 WARN  : Given XMD transaction timeout value is invalid. Using default value of 60000 milli seconds
17:22:44 WARN  : Given XMD transaction timeout value is invalid. Using default value of 60000 milli seconds
17:22:44 WARN  : Given XMD transaction timeout value is invalid. Using default value of 60000 milli seconds
17:22:44 WARN  : Given XMD transaction timeout value is invalid. Using default value of 60000 milli seconds
17:22:45 WARN  : Given XMD transaction timeout value is invalid. Using default value of 60000 milli seconds
17:22:45 WARN  : Given XMD transaction timeout value is invalid. Using default value of 60000 milli seconds
17:22:45 INFO  : Processor reset is completed for ps7_cortexa9_0
17:22:45 WARN  : Given XMD transaction timeout value is invalid. Using default value of 60000 milli seconds
17:22:45 WARN  : Given XMD transaction timeout value is invalid. Using default value of 60000 milli seconds
17:22:45 WARN  : Given XMD transaction timeout value is invalid. Using default value of 60000 milli seconds
17:22:45 WARN  : Given XMD transaction timeout value is invalid. Using default value of 60000 milli seconds
17:22:46 WARN  : Given XMD transaction timeout value is invalid. Using default value of 60000 milli seconds
17:22:46 WARN  : Given XMD transaction timeout value is invalid. Using default value of 60000 milli seconds
17:22:46 WARN  : Given XMD transaction timeout value is invalid. Using default value of 60000 milli seconds
17:22:46 WARN  : Given XMD transaction timeout value is invalid. Using default value of 60000 milli seconds
17:22:46 WARN  : Given XMD transaction timeout value is invalid. Using default value of 60000 milli seconds
17:22:46 WARN  : Given XMD transaction timeout value is invalid. Using default value of 60000 milli seconds
17:22:46 WARN  : Given XMD transaction timeout value is invalid. Using default value of 60000 milli seconds
17:22:46 WARN  : Given XMD transaction timeout value is invalid. Using default value of 60000 milli seconds
17:24:10 WARN  : Given XMD transaction timeout value is invalid. Using default value of 60000 milli seconds
17:24:13 WARN  : Given XMD transaction timeout value is invalid. Using default value of 60000 milli seconds
17:24:13 WARN  : Given XMD transaction timeout value is invalid. Using default value of 60000 milli seconds
17:24:13 WARN  : Given XMD transaction timeout value is invalid. Using default value of 60000 milli seconds
17:24:14 WARN  : Given XMD transaction timeout value is invalid. Using default value of 60000 milli seconds
17:24:14 WARN  : Given XMD transaction timeout value is invalid. Using default value of 60000 milli seconds
17:24:14 WARN  : Given XMD transaction timeout value is invalid. Using default value of 60000 milli seconds
17:24:14 INFO  : Processor reset is completed for ps7_cortexa9_0
17:24:14 WARN  : Given XMD transaction timeout value is invalid. Using default value of 60000 milli seconds
17:24:14 WARN  : Given XMD transaction timeout value is invalid. Using default value of 60000 milli seconds
17:24:14 WARN  : Given XMD transaction timeout value is invalid. Using default value of 60000 milli seconds
17:24:14 WARN  : Given XMD transaction timeout value is invalid. Using default value of 60000 milli seconds
17:24:15 WARN  : Given XMD transaction timeout value is invalid. Using default value of 60000 milli seconds
17:24:15 WARN  : Given XMD transaction timeout value is invalid. Using default value of 60000 milli seconds
17:24:15 WARN  : Given XMD transaction timeout value is invalid. Using default value of 60000 milli seconds
17:24:15 WARN  : Given XMD transaction timeout value is invalid. Using default value of 60000 milli seconds
17:24:15 WARN  : Given XMD transaction timeout value is invalid. Using default value of 60000 milli seconds
17:24:15 WARN  : Given XMD transaction timeout value is invalid. Using default value of 60000 milli seconds
17:24:15 WARN  : Given XMD transaction timeout value is invalid. Using default value of 60000 milli seconds
17:24:15 WARN  : Given XMD transaction timeout value is invalid. Using default value of 60000 milli seconds
17:25:48 WARN  : Given XMD transaction timeout value is invalid. Using default value of 60000 milli seconds
17:25:50 WARN  : Given XMD transaction timeout value is invalid. Using default value of 60000 milli seconds
17:25:51 WARN  : Given XMD transaction timeout value is invalid. Using default value of 60000 milli seconds
17:25:51 WARN  : Given XMD transaction timeout value is invalid. Using default value of 60000 milli seconds
17:25:51 WARN  : Given XMD transaction timeout value is invalid. Using default value of 60000 milli seconds
17:25:51 WARN  : Given XMD transaction timeout value is invalid. Using default value of 60000 milli seconds
17:25:51 WARN  : Given XMD transaction timeout value is invalid. Using default value of 60000 milli seconds
17:25:51 INFO  : Processor reset is completed for ps7_cortexa9_0
17:25:51 WARN  : Given XMD transaction timeout value is invalid. Using default value of 60000 milli seconds
17:25:51 WARN  : Given XMD transaction timeout value is invalid. Using default value of 60000 milli seconds
17:25:51 WARN  : Given XMD transaction timeout value is invalid. Using default value of 60000 milli seconds
17:25:51 WARN  : Given XMD transaction timeout value is invalid. Using default value of 60000 milli seconds
17:25:52 WARN  : Given XMD transaction timeout value is invalid. Using default value of 60000 milli seconds
17:25:52 WARN  : Given XMD transaction timeout value is invalid. Using default value of 60000 milli seconds
17:25:52 WARN  : Given XMD transaction timeout value is invalid. Using default value of 60000 milli seconds
17:25:52 WARN  : Given XMD transaction timeout value is invalid. Using default value of 60000 milli seconds
17:25:52 WARN  : Given XMD transaction timeout value is invalid. Using default value of 60000 milli seconds
17:25:52 WARN  : Given XMD transaction timeout value is invalid. Using default value of 60000 milli seconds
17:25:52 WARN  : Given XMD transaction timeout value is invalid. Using default value of 60000 milli seconds
17:25:52 WARN  : Given XMD transaction timeout value is invalid. Using default value of 60000 milli seconds
17:26:14 WARN  : Given XMD transaction timeout value is invalid. Using default value of 60000 milli seconds
17:26:17 WARN  : Given XMD transaction timeout value is invalid. Using default value of 60000 milli seconds
17:26:18 WARN  : Given XMD transaction timeout value is invalid. Using default value of 60000 milli seconds
17:26:18 WARN  : Given XMD transaction timeout value is invalid. Using default value of 60000 milli seconds
17:26:18 WARN  : Given XMD transaction timeout value is invalid. Using default value of 60000 milli seconds
17:26:18 WARN  : Given XMD transaction timeout value is invalid. Using default value of 60000 milli seconds
17:26:18 WARN  : Given XMD transaction timeout value is invalid. Using default value of 60000 milli seconds
17:26:18 INFO  : Processor reset is completed for ps7_cortexa9_0
17:26:18 WARN  : Given XMD transaction timeout value is invalid. Using default value of 60000 milli seconds
17:26:18 WARN  : Given XMD transaction timeout value is invalid. Using default value of 60000 milli seconds
17:26:18 WARN  : Given XMD transaction timeout value is invalid. Using default value of 60000 milli seconds
17:26:19 WARN  : Given XMD transaction timeout value is invalid. Using default value of 60000 milli seconds
17:26:19 WARN  : Given XMD transaction timeout value is invalid. Using default value of 60000 milli seconds
17:26:19 WARN  : Given XMD transaction timeout value is invalid. Using default value of 60000 milli seconds
17:26:19 WARN  : Given XMD transaction timeout value is invalid. Using default value of 60000 milli seconds
17:26:19 WARN  : Given XMD transaction timeout value is invalid. Using default value of 60000 milli seconds
17:26:19 WARN  : Given XMD transaction timeout value is invalid. Using default value of 60000 milli seconds
17:26:19 WARN  : Given XMD transaction timeout value is invalid. Using default value of 60000 milli seconds
17:26:19 WARN  : Given XMD transaction timeout value is invalid. Using default value of 60000 milli seconds
17:26:19 WARN  : Given XMD transaction timeout value is invalid. Using default value of 60000 milli seconds
17:32:12 WARN  : Given XMD transaction timeout value is invalid. Using default value of 60000 milli seconds
17:32:15 WARN  : Given XMD transaction timeout value is invalid. Using default value of 60000 milli seconds
17:32:15 WARN  : Given XMD transaction timeout value is invalid. Using default value of 60000 milli seconds
17:32:15 WARN  : Given XMD transaction timeout value is invalid. Using default value of 60000 milli seconds
17:32:16 WARN  : Given XMD transaction timeout value is invalid. Using default value of 60000 milli seconds
17:32:16 WARN  : Given XMD transaction timeout value is invalid. Using default value of 60000 milli seconds
17:32:16 WARN  : Given XMD transaction timeout value is invalid. Using default value of 60000 milli seconds
17:32:16 INFO  : Processor reset is completed for ps7_cortexa9_0
17:32:16 WARN  : Given XMD transaction timeout value is invalid. Using default value of 60000 milli seconds
17:32:16 WARN  : Given XMD transaction timeout value is invalid. Using default value of 60000 milli seconds
17:32:16 WARN  : Given XMD transaction timeout value is invalid. Using default value of 60000 milli seconds
17:32:16 WARN  : Given XMD transaction timeout value is invalid. Using default value of 60000 milli seconds
17:32:17 WARN  : Given XMD transaction timeout value is invalid. Using default value of 60000 milli seconds
17:32:17 WARN  : Given XMD transaction timeout value is invalid. Using default value of 60000 milli seconds
17:32:17 WARN  : Given XMD transaction timeout value is invalid. Using default value of 60000 milli seconds
17:32:23 WARN  : Given XMD transaction timeout value is invalid. Using default value of 60000 milli seconds
17:32:23 INFO  : ps7_cortexa9_0 Processor is in use. Please stop existing Run or Debug sessions before launching.
17:32:30 WARN  : Given XMD transaction timeout value is invalid. Using default value of 60000 milli seconds
17:32:30 INFO  : ps7_cortexa9_0 Processor is in use. Please stop existing Run or Debug sessions before launching.
17:32:32 WARN  : Given XMD transaction timeout value is invalid. Using default value of 60000 milli seconds
17:32:32 WARN  : Given XMD transaction timeout value is invalid. Using default value of 60000 milli seconds
17:32:32 WARN  : Given XMD transaction timeout value is invalid. Using default value of 60000 milli seconds
17:32:32 WARN  : Given XMD transaction timeout value is invalid. Using default value of 60000 milli seconds
17:32:32 WARN  : Given XMD transaction timeout value is invalid. Using default value of 60000 milli seconds
17:32:32 INFO  : Processor reset is completed for ps7_cortexa9_0
17:32:32 WARN  : Given XMD transaction timeout value is invalid. Using default value of 60000 milli seconds
17:32:32 WARN  : Given XMD transaction timeout value is invalid. Using default value of 60000 milli seconds
17:32:33 WARN  : Given XMD transaction timeout value is invalid. Using default value of 60000 milli seconds
17:32:33 WARN  : Given XMD transaction timeout value is invalid. Using default value of 60000 milli seconds
17:32:33 WARN  : Given XMD transaction timeout value is invalid. Using default value of 60000 milli seconds
17:32:33 WARN  : Given XMD transaction timeout value is invalid. Using default value of 60000 milli seconds
17:32:33 WARN  : Given XMD transaction timeout value is invalid. Using default value of 60000 milli seconds
17:38:20 WARN  : Given XMD transaction timeout value is invalid. Using default value of 60000 milli seconds
17:38:20 INFO  : ps7_cortexa9_0 Processor is in use. Please stop existing Run or Debug sessions before launching.
17:38:29 WARN  : Given XMD transaction timeout value is invalid. Using default value of 60000 milli seconds
17:38:29 WARN  : Given XMD transaction timeout value is invalid. Using default value of 60000 milli seconds
17:38:29 WARN  : Given XMD transaction timeout value is invalid. Using default value of 60000 milli seconds
17:38:31 WARN  : Given XMD transaction timeout value is invalid. Using default value of 60000 milli seconds
17:38:31 ERROR : Checking FPGA configuration failed..Connection to Board Failed


    Unknown Error Occured
    Cable is not connected to the host

17:38:31 ERROR : Unexpected error while launching program.
com.xilinx.sdk.targetmanager.TMException: Connection to Board Failed


    Unknown Error Occured
    Cable is not connected to the host

	at com.xilinx.sdk.targetmanager.internal.TM.isFPGAConfigured(TM.java:368)
	at com.xilinx.sdk.debug.core.XilinxAppLaunchConfigurationDelegate.isFpgaConfigured(XilinxAppLaunchConfigurationDelegate.java:409)
	at com.xilinx.sdk.debug.core.XilinxAppLaunchConfigurationDelegate.launch(XilinxAppLaunchConfigurationDelegate.java:303)
	at com.xilinx.sdk.debug.ui.XilinxAppLaunchDelegateWrapper.launch(XilinxAppLaunchDelegateWrapper.java:31)
	at org.eclipse.debug.internal.core.LaunchConfiguration.launch(LaunchConfiguration.java:885)
	at org.eclipse.debug.internal.core.LaunchConfiguration.launch(LaunchConfiguration.java:739)
	at org.eclipse.debug.internal.ui.DebugUIPlugin.buildAndLaunch(DebugUIPlugin.java:1039)
	at org.eclipse.debug.internal.ui.DebugUIPlugin$8.run(DebugUIPlugin.java:1256)
	at org.eclipse.core.internal.jobs.Worker.run(Worker.java:55)
17:38:38 INFO  : Connected to target on host '127.0.0.1' and port '3121'.
17:38:38 INFO  : 'targets -set -filter {jtag_cable_name =~ "Digilent Zybo 210279759528A" && level==0} -index 1' command is executed.
17:38:40 INFO  : FPGA configured successfully with bitstream "C:/Users/ASUS/Desktop/final_project/final_project.sdk/design_1_wrapper_hw_platform_0/design_1_wrapper.bit"
17:38:42 WARN  : Given XMD transaction timeout value is invalid. Using default value of 60000 milli seconds
17:38:42 WARN  : Given XMD transaction timeout value is invalid. Using default value of 60000 milli seconds
17:38:42 WARN  : Given XMD transaction timeout value is invalid. Using default value of 60000 milli seconds
17:38:42 WARN  : Given XMD transaction timeout value is invalid. Using default value of 60000 milli seconds
17:38:42 WARN  : Given XMD transaction timeout value is invalid. Using default value of 60000 milli seconds
17:38:42 WARN  : Given XMD transaction timeout value is invalid. Using default value of 60000 milli seconds
17:38:42 WARN  : Given XMD transaction timeout value is invalid. Using default value of 60000 milli seconds
17:38:43 INFO  : ps7_init is completed.
17:38:43 WARN  : Given XMD transaction timeout value is invalid. Using default value of 60000 milli seconds
17:38:43 INFO  : ps7_post_config is completed.
17:38:43 WARN  : Given XMD transaction timeout value is invalid. Using default value of 60000 milli seconds
17:38:43 WARN  : Given XMD transaction timeout value is invalid. Using default value of 60000 milli seconds
17:38:43 INFO  : Processor reset is completed for ps7_cortexa9_0
17:38:43 WARN  : Given XMD transaction timeout value is invalid. Using default value of 60000 milli seconds
17:38:43 WARN  : Given XMD transaction timeout value is invalid. Using default value of 60000 milli seconds
17:38:44 WARN  : Given XMD transaction timeout value is invalid. Using default value of 60000 milli seconds
17:38:44 WARN  : Given XMD transaction timeout value is invalid. Using default value of 60000 milli seconds
17:38:44 WARN  : Given XMD transaction timeout value is invalid. Using default value of 60000 milli seconds
17:38:44 WARN  : Given XMD transaction timeout value is invalid. Using default value of 60000 milli seconds
17:38:44 WARN  : Given XMD transaction timeout value is invalid. Using default value of 60000 milli seconds
17:38:45 WARN  : Given XMD transaction timeout value is invalid. Using default value of 60000 milli seconds
17:38:45 WARN  : Given XMD transaction timeout value is invalid. Using default value of 60000 milli seconds
17:38:45 WARN  : Given XMD transaction timeout value is invalid. Using default value of 60000 milli seconds
17:39:26 WARN  : Given XMD transaction timeout value is invalid. Using default value of 60000 milli seconds
17:39:26 WARN  : Given XMD transaction timeout value is invalid. Using default value of 60000 milli seconds
17:39:26 WARN  : Given XMD transaction timeout value is invalid. Using default value of 60000 milli seconds
17:39:26 WARN  : Given XMD transaction timeout value is invalid. Using default value of 60000 milli seconds
17:39:26 WARN  : Given XMD transaction timeout value is invalid. Using default value of 60000 milli seconds
17:39:26 WARN  : Given XMD transaction timeout value is invalid. Using default value of 60000 milli seconds
17:39:26 WARN  : Given XMD transaction timeout value is invalid. Using default value of 60000 milli seconds
17:39:26 INFO  : Processor reset is completed for ps7_cortexa9_0
17:39:26 WARN  : Given XMD transaction timeout value is invalid. Using default value of 60000 milli seconds
17:39:27 WARN  : Given XMD transaction timeout value is invalid. Using default value of 60000 milli seconds
17:39:27 WARN  : Given XMD transaction timeout value is invalid. Using default value of 60000 milli seconds
17:39:27 WARN  : Given XMD transaction timeout value is invalid. Using default value of 60000 milli seconds
17:39:27 WARN  : Given XMD transaction timeout value is invalid. Using default value of 60000 milli seconds
17:39:27 WARN  : Given XMD transaction timeout value is invalid. Using default value of 60000 milli seconds
17:39:27 WARN  : Given XMD transaction timeout value is invalid. Using default value of 60000 milli seconds
17:39:28 WARN  : Given XMD transaction timeout value is invalid. Using default value of 60000 milli seconds
17:39:29 WARN  : Given XMD transaction timeout value is invalid. Using default value of 60000 milli seconds
17:39:29 WARN  : Given XMD transaction timeout value is invalid. Using default value of 60000 milli seconds
17:40:01 WARN  : Given XMD transaction timeout value is invalid. Using default value of 60000 milli seconds
17:40:01 WARN  : Given XMD transaction timeout value is invalid. Using default value of 60000 milli seconds
17:40:02 WARN  : Given XMD transaction timeout value is invalid. Using default value of 60000 milli seconds
17:40:02 WARN  : Given XMD transaction timeout value is invalid. Using default value of 60000 milli seconds
17:40:02 WARN  : Given XMD transaction timeout value is invalid. Using default value of 60000 milli seconds
17:40:02 WARN  : Given XMD transaction timeout value is invalid. Using default value of 60000 milli seconds
17:40:02 WARN  : Given XMD transaction timeout value is invalid. Using default value of 60000 milli seconds
17:40:02 INFO  : Processor reset is completed for ps7_cortexa9_0
17:40:02 WARN  : Given XMD transaction timeout value is invalid. Using default value of 60000 milli seconds
17:40:02 WARN  : Given XMD transaction timeout value is invalid. Using default value of 60000 milli seconds
17:40:03 WARN  : Given XMD transaction timeout value is invalid. Using default value of 60000 milli seconds
17:40:03 WARN  : Given XMD transaction timeout value is invalid. Using default value of 60000 milli seconds
17:40:03 WARN  : Given XMD transaction timeout value is invalid. Using default value of 60000 milli seconds
17:40:03 WARN  : Given XMD transaction timeout value is invalid. Using default value of 60000 milli seconds
17:40:03 WARN  : Given XMD transaction timeout value is invalid. Using default value of 60000 milli seconds
17:42:23 WARN  : Given XMD transaction timeout value is invalid. Using default value of 60000 milli seconds
17:42:23 INFO  : ps7_cortexa9_0 Processor is in use. Please stop existing Run or Debug sessions before launching.
17:42:25 WARN  : Given XMD transaction timeout value is invalid. Using default value of 60000 milli seconds
17:42:25 WARN  : Given XMD transaction timeout value is invalid. Using default value of 60000 milli seconds
17:42:25 WARN  : Given XMD transaction timeout value is invalid. Using default value of 60000 milli seconds
17:42:25 WARN  : Given XMD transaction timeout value is invalid. Using default value of 60000 milli seconds
17:42:25 WARN  : Given XMD transaction timeout value is invalid. Using default value of 60000 milli seconds
17:42:26 INFO  : Processor reset is completed for ps7_cortexa9_0
17:42:26 WARN  : Given XMD transaction timeout value is invalid. Using default value of 60000 milli seconds
17:42:26 WARN  : Given XMD transaction timeout value is invalid. Using default value of 60000 milli seconds
17:42:26 WARN  : Given XMD transaction timeout value is invalid. Using default value of 60000 milli seconds
17:42:26 WARN  : Given XMD transaction timeout value is invalid. Using default value of 60000 milli seconds
17:42:26 WARN  : Given XMD transaction timeout value is invalid. Using default value of 60000 milli seconds
17:42:26 WARN  : Given XMD transaction timeout value is invalid. Using default value of 60000 milli seconds
17:42:27 WARN  : Given XMD transaction timeout value is invalid. Using default value of 60000 milli seconds
17:42:27 WARN  : Given XMD transaction timeout value is invalid. Using default value of 60000 milli seconds
17:42:27 WARN  : Given XMD transaction timeout value is invalid. Using default value of 60000 milli seconds
17:42:27 WARN  : Given XMD transaction timeout value is invalid. Using default value of 60000 milli seconds
17:42:27 WARN  : Given XMD transaction timeout value is invalid. Using default value of 60000 milli seconds
17:42:27 WARN  : Given XMD transaction timeout value is invalid. Using default value of 60000 milli seconds
17:43:13 WARN  : Given XMD transaction timeout value is invalid. Using default value of 60000 milli seconds
17:43:13 WARN  : Given XMD transaction timeout value is invalid. Using default value of 60000 milli seconds
17:43:13 WARN  : Given XMD transaction timeout value is invalid. Using default value of 60000 milli seconds
17:43:13 WARN  : Given XMD transaction timeout value is invalid. Using default value of 60000 milli seconds
17:43:13 WARN  : Given XMD transaction timeout value is invalid. Using default value of 60000 milli seconds
17:43:13 WARN  : Given XMD transaction timeout value is invalid. Using default value of 60000 milli seconds
17:43:13 WARN  : Given XMD transaction timeout value is invalid. Using default value of 60000 milli seconds
17:43:13 INFO  : Processor reset is completed for ps7_cortexa9_0
17:43:13 WARN  : Given XMD transaction timeout value is invalid. Using default value of 60000 milli seconds
17:43:14 WARN  : Given XMD transaction timeout value is invalid. Using default value of 60000 milli seconds
17:43:14 WARN  : Given XMD transaction timeout value is invalid. Using default value of 60000 milli seconds
17:43:14 WARN  : Given XMD transaction timeout value is invalid. Using default value of 60000 milli seconds
17:43:14 WARN  : Given XMD transaction timeout value is invalid. Using default value of 60000 milli seconds
17:43:14 WARN  : Given XMD transaction timeout value is invalid. Using default value of 60000 milli seconds
17:43:15 WARN  : Given XMD transaction timeout value is invalid. Using default value of 60000 milli seconds
17:43:15 WARN  : Given XMD transaction timeout value is invalid. Using default value of 60000 milli seconds
17:43:15 WARN  : Given XMD transaction timeout value is invalid. Using default value of 60000 milli seconds
17:43:15 WARN  : Given XMD transaction timeout value is invalid. Using default value of 60000 milli seconds
17:43:15 WARN  : Given XMD transaction timeout value is invalid. Using default value of 60000 milli seconds
17:43:15 WARN  : Given XMD transaction timeout value is invalid. Using default value of 60000 milli seconds
17:43:34 WARN  : Given XMD transaction timeout value is invalid. Using default value of 60000 milli seconds
17:43:34 WARN  : Given XMD transaction timeout value is invalid. Using default value of 60000 milli seconds
17:43:35 WARN  : Given XMD transaction timeout value is invalid. Using default value of 60000 milli seconds
17:43:35 WARN  : Given XMD transaction timeout value is invalid. Using default value of 60000 milli seconds
17:43:35 WARN  : Given XMD transaction timeout value is invalid. Using default value of 60000 milli seconds
17:43:35 WARN  : Given XMD transaction timeout value is invalid. Using default value of 60000 milli seconds
17:43:35 WARN  : Given XMD transaction timeout value is invalid. Using default value of 60000 milli seconds
17:43:35 INFO  : Processor reset is completed for ps7_cortexa9_0
17:43:35 WARN  : Given XMD transaction timeout value is invalid. Using default value of 60000 milli seconds
17:43:35 WARN  : Given XMD transaction timeout value is invalid. Using default value of 60000 milli seconds
17:43:35 WARN  : Given XMD transaction timeout value is invalid. Using default value of 60000 milli seconds
17:43:36 WARN  : Given XMD transaction timeout value is invalid. Using default value of 60000 milli seconds
17:43:36 WARN  : Given XMD transaction timeout value is invalid. Using default value of 60000 milli seconds
17:43:36 WARN  : Given XMD transaction timeout value is invalid. Using default value of 60000 milli seconds
17:43:36 WARN  : Given XMD transaction timeout value is invalid. Using default value of 60000 milli seconds
17:43:36 WARN  : Given XMD transaction timeout value is invalid. Using default value of 60000 milli seconds
17:43:36 WARN  : Given XMD transaction timeout value is invalid. Using default value of 60000 milli seconds
17:46:13 WARN  : Given XMD transaction timeout value is invalid. Using default value of 60000 milli seconds
17:46:13 INFO  : ps7_cortexa9_0 Processor is in use. Please stop existing Run or Debug sessions before launching.
17:46:14 WARN  : Given XMD transaction timeout value is invalid. Using default value of 60000 milli seconds
17:46:14 WARN  : Given XMD transaction timeout value is invalid. Using default value of 60000 milli seconds
17:46:21 ERROR : Unexpected error while launching program.
java.lang.RuntimeException: Unable to Stop Processor. System could be in unknown state.
                     Please reset the system
Unknown Error Occured
    

	at com.xilinx.sdk.targetmanager.internal.TM.stop(TM.java:767)
	at com.xilinx.sdk.targetmanager.internal.CPURunSession.terminate(CPURunSession.java:27)
	at com.xilinx.sdk.targetmanager.internal.TM.terminateCurrentLaunch(TM.java:815)
	at com.xilinx.sdk.debug.core.XilinxAppLaunchConfigurationDelegate.runApplication(XilinxAppLaunchConfigurationDelegate.java:596)
	at com.xilinx.sdk.debug.core.XilinxAppLaunchConfigurationDelegate.launch(XilinxAppLaunchConfigurationDelegate.java:309)
	at com.xilinx.sdk.debug.ui.XilinxAppLaunchDelegateWrapper.launch(XilinxAppLaunchDelegateWrapper.java:31)
	at org.eclipse.debug.internal.core.LaunchConfiguration.launch(LaunchConfiguration.java:885)
	at org.eclipse.debug.internal.core.LaunchConfiguration.launch(LaunchConfiguration.java:739)
	at org.eclipse.debug.internal.ui.DebugUIPlugin.buildAndLaunch(DebugUIPlugin.java:1039)
	at org.eclipse.debug.internal.ui.DebugUIPlugin$8.run(DebugUIPlugin.java:1256)
	at org.eclipse.core.internal.jobs.Worker.run(Worker.java:55)
17:46:21 WARN  : Given XMD transaction timeout value is invalid. Using default value of 60000 milli seconds
17:46:21 WARN  : Given XMD transaction timeout value is invalid. Using default value of 60000 milli seconds
17:46:21 WARN  : Given XMD transaction timeout value is invalid. Using default value of 60000 milli seconds
17:46:32 INFO  : Connected to target on host '127.0.0.1' and port '3121'.
17:46:33 INFO  : 'targets -set -filter {jtag_cable_name =~ "Digilent Zybo 210279759528A" && level==0} -index 1' command is executed.
17:46:35 INFO  : FPGA configured successfully with bitstream "C:/Users/ASUS/Desktop/final_project/final_project.sdk/design_1_wrapper_hw_platform_0/design_1_wrapper.bit"
17:47:01 INFO  : Connected to target on host '127.0.0.1' and port '3121'.
17:47:02 INFO  : 'targets -set -filter {jtag_cable_name =~ "Digilent Zybo 210279759528A" && level==0} -index 1' command is executed.
17:47:03 INFO  : FPGA configured successfully with bitstream "C:/Users/ASUS/Desktop/final_project/final_project.sdk/design_1_wrapper_hw_platform_0/design_1_wrapper.bit"
17:47:18 ERROR : Unexpected error while parsing XMD response ?: com.google.gson.JsonSyntaxException: com.google.gson.stream.MalformedJsonException: invalid number or unquoted string near 
17:47:39 INFO  : Registering command handlers for SDK TCF services
17:47:39 INFO  : Launching XSCT server: xsct.bat -interactive C:\Users\ASUS\Desktop\final_project\final_project.sdk\temp_xsdb_launch_script.tcl
17:47:42 INFO  : XSCT server has started successfully.
17:47:42 INFO  : Successfully done setting XSCT server connection channel  
17:47:44 INFO  : Processing command line option -hwspec C:/Users/ASUS/Desktop/final_project/final_project.sdk/design_1_wrapper.hdf.
17:47:44 INFO  : Successfully done setting SDK workspace  
17:47:44 INFO  : Checking for hwspec changes in the project design_1_wrapper_hw_platform_0.
17:47:53 INFO  : Connected to target on host '127.0.0.1' and port '3121'.
17:47:55 INFO  : 'targets -set -filter {jtag_cable_name =~ "Digilent Zybo 210279759528A" && level==0} -index 1' command is executed.
17:47:56 INFO  : FPGA configured successfully with bitstream "C:/Users/ASUS/Desktop/final_project/final_project.sdk/design_1_wrapper_hw_platform_0/design_1_wrapper.bit"
17:48:00 WARN  : Given IPC port value is invalid. Using default port 2350
17:48:00 WARN  : Given XMD timeout value is invalid. Using default value of 50000
17:48:01 WARN  : Given XMD transaction timeout value is invalid. Using default value of 60000 milli seconds
17:48:01 WARN  : Given XMD transaction timeout value is invalid. Using default value of 60000 milli seconds
17:48:04 WARN  : Given XMD transaction timeout value is invalid. Using default value of 60000 milli seconds
17:48:04 WARN  : Given XMD transaction timeout value is invalid. Using default value of 60000 milli seconds
17:48:04 WARN  : Given XMD transaction timeout value is invalid. Using default value of 60000 milli seconds
17:48:04 WARN  : Given XMD transaction timeout value is invalid. Using default value of 60000 milli seconds
17:48:05 WARN  : Given XMD transaction timeout value is invalid. Using default value of 60000 milli seconds
17:48:05 WARN  : Given XMD transaction timeout value is invalid. Using default value of 60000 milli seconds
17:48:05 WARN  : Given XMD transaction timeout value is invalid. Using default value of 60000 milli seconds
17:48:05 INFO  : ps7_init is completed.
17:48:05 WARN  : Given XMD transaction timeout value is invalid. Using default value of 60000 milli seconds
17:48:05 INFO  : ps7_post_config is completed.
17:48:05 WARN  : Given XMD transaction timeout value is invalid. Using default value of 60000 milli seconds
17:48:05 WARN  : Given XMD transaction timeout value is invalid. Using default value of 60000 milli seconds
17:48:05 INFO  : Processor reset is completed for ps7_cortexa9_0
17:48:05 WARN  : Given XMD transaction timeout value is invalid. Using default value of 60000 milli seconds
17:48:05 WARN  : Given XMD transaction timeout value is invalid. Using default value of 60000 milli seconds
17:48:05 WARN  : Given XMD transaction timeout value is invalid. Using default value of 60000 milli seconds
17:48:06 WARN  : Given XMD transaction timeout value is invalid. Using default value of 60000 milli seconds
17:48:06 WARN  : Given XMD transaction timeout value is invalid. Using default value of 60000 milli seconds
17:48:06 WARN  : Given XMD transaction timeout value is invalid. Using default value of 60000 milli seconds
17:48:06 WARN  : Given XMD transaction timeout value is invalid. Using default value of 60000 milli seconds
17:48:06 WARN  : Given XMD transaction timeout value is invalid. Using default value of 60000 milli seconds
17:48:07 WARN  : Given XMD transaction timeout value is invalid. Using default value of 60000 milli seconds
17:48:07 WARN  : Given XMD transaction timeout value is invalid. Using default value of 60000 milli seconds
17:48:07 WARN  : Given XMD transaction timeout value is invalid. Using default value of 60000 milli seconds
17:48:07 WARN  : Given XMD transaction timeout value is invalid. Using default value of 60000 milli seconds
17:50:34 WARN  : Given XMD transaction timeout value is invalid. Using default value of 60000 milli seconds
17:50:34 WARN  : Given XMD transaction timeout value is invalid. Using default value of 60000 milli seconds
17:50:34 WARN  : Given XMD transaction timeout value is invalid. Using default value of 60000 milli seconds
17:50:34 WARN  : Given XMD transaction timeout value is invalid. Using default value of 60000 milli seconds
17:50:34 WARN  : Given XMD transaction timeout value is invalid. Using default value of 60000 milli seconds
17:50:35 WARN  : Given XMD transaction timeout value is invalid. Using default value of 60000 milli seconds
17:50:35 WARN  : Given XMD transaction timeout value is invalid. Using default value of 60000 milli seconds
17:50:35 INFO  : Processor reset is completed for ps7_cortexa9_0
17:50:35 WARN  : Given XMD transaction timeout value is invalid. Using default value of 60000 milli seconds
17:50:35 WARN  : Given XMD transaction timeout value is invalid. Using default value of 60000 milli seconds
17:50:35 WARN  : Given XMD transaction timeout value is invalid. Using default value of 60000 milli seconds
17:50:35 WARN  : Given XMD transaction timeout value is invalid. Using default value of 60000 milli seconds
17:50:36 WARN  : Given XMD transaction timeout value is invalid. Using default value of 60000 milli seconds
17:50:36 WARN  : Given XMD transaction timeout value is invalid. Using default value of 60000 milli seconds
17:50:36 WARN  : Given XMD transaction timeout value is invalid. Using default value of 60000 milli seconds
17:50:36 WARN  : Given XMD transaction timeout value is invalid. Using default value of 60000 milli seconds
17:50:36 WARN  : Given XMD transaction timeout value is invalid. Using default value of 60000 milli seconds
17:50:36 WARN  : Given XMD transaction timeout value is invalid. Using default value of 60000 milli seconds
17:50:36 WARN  : Given XMD transaction timeout value is invalid. Using default value of 60000 milli seconds
17:50:36 WARN  : Given XMD transaction timeout value is invalid. Using default value of 60000 milli seconds
17:52:59 WARN  : Given XMD transaction timeout value is invalid. Using default value of 60000 milli seconds
17:52:59 WARN  : Given XMD transaction timeout value is invalid. Using default value of 60000 milli seconds
17:52:59 WARN  : Given XMD transaction timeout value is invalid. Using default value of 60000 milli seconds
17:53:00 WARN  : Given XMD transaction timeout value is invalid. Using default value of 60000 milli seconds
17:53:00 WARN  : Given XMD transaction timeout value is invalid. Using default value of 60000 milli seconds
17:53:00 WARN  : Given XMD transaction timeout value is invalid. Using default value of 60000 milli seconds
17:53:00 WARN  : Given XMD transaction timeout value is invalid. Using default value of 60000 milli seconds
17:53:00 INFO  : Processor reset is completed for ps7_cortexa9_0
17:53:00 WARN  : Given XMD transaction timeout value is invalid. Using default value of 60000 milli seconds
17:53:00 WARN  : Given XMD transaction timeout value is invalid. Using default value of 60000 milli seconds
17:53:00 WARN  : Given XMD transaction timeout value is invalid. Using default value of 60000 milli seconds
17:53:00 WARN  : Given XMD transaction timeout value is invalid. Using default value of 60000 milli seconds
17:53:01 WARN  : Given XMD transaction timeout value is invalid. Using default value of 60000 milli seconds
17:53:01 WARN  : Given XMD transaction timeout value is invalid. Using default value of 60000 milli seconds
17:53:01 WARN  : Given XMD transaction timeout value is invalid. Using default value of 60000 milli seconds
17:53:01 WARN  : Given XMD transaction timeout value is invalid. Using default value of 60000 milli seconds
17:53:01 WARN  : Given XMD transaction timeout value is invalid. Using default value of 60000 milli seconds
17:53:01 WARN  : Given XMD transaction timeout value is invalid. Using default value of 60000 milli seconds
17:53:01 WARN  : Given XMD transaction timeout value is invalid. Using default value of 60000 milli seconds
17:53:01 WARN  : Given XMD transaction timeout value is invalid. Using default value of 60000 milli seconds
17:53:59 WARN  : Given XMD transaction timeout value is invalid. Using default value of 60000 milli seconds
17:53:59 WARN  : Given XMD transaction timeout value is invalid. Using default value of 60000 milli seconds
17:53:59 WARN  : Given XMD transaction timeout value is invalid. Using default value of 60000 milli seconds
17:53:59 WARN  : Given XMD transaction timeout value is invalid. Using default value of 60000 milli seconds
17:53:59 WARN  : Given XMD transaction timeout value is invalid. Using default value of 60000 milli seconds
17:53:59 WARN  : Given XMD transaction timeout value is invalid. Using default value of 60000 milli seconds
17:54:00 WARN  : Given XMD transaction timeout value is invalid. Using default value of 60000 milli seconds
17:54:00 INFO  : Processor reset is completed for ps7_cortexa9_0
17:54:00 WARN  : Given XMD transaction timeout value is invalid. Using default value of 60000 milli seconds
17:54:00 WARN  : Given XMD transaction timeout value is invalid. Using default value of 60000 milli seconds
17:54:00 WARN  : Given XMD transaction timeout value is invalid. Using default value of 60000 milli seconds
17:54:00 WARN  : Given XMD transaction timeout value is invalid. Using default value of 60000 milli seconds
17:54:00 WARN  : Given XMD transaction timeout value is invalid. Using default value of 60000 milli seconds
17:54:00 WARN  : Given XMD transaction timeout value is invalid. Using default value of 60000 milli seconds
17:54:01 WARN  : Given XMD transaction timeout value is invalid. Using default value of 60000 milli seconds
17:54:01 WARN  : Given XMD transaction timeout value is invalid. Using default value of 60000 milli seconds
17:54:01 WARN  : Given XMD transaction timeout value is invalid. Using default value of 60000 milli seconds
17:54:01 WARN  : Given XMD transaction timeout value is invalid. Using default value of 60000 milli seconds
17:54:01 WARN  : Given XMD transaction timeout value is invalid. Using default value of 60000 milli seconds
17:54:01 WARN  : Given XMD transaction timeout value is invalid. Using default value of 60000 milli seconds
17:55:27 WARN  : Given XMD transaction timeout value is invalid. Using default value of 60000 milli seconds
17:55:27 WARN  : Given XMD transaction timeout value is invalid. Using default value of 60000 milli seconds
17:55:27 WARN  : Given XMD transaction timeout value is invalid. Using default value of 60000 milli seconds
17:55:27 WARN  : Given XMD transaction timeout value is invalid. Using default value of 60000 milli seconds
17:55:28 WARN  : Given XMD transaction timeout value is invalid. Using default value of 60000 milli seconds
17:55:28 WARN  : Given XMD transaction timeout value is invalid. Using default value of 60000 milli seconds
17:55:28 WARN  : Given XMD transaction timeout value is invalid. Using default value of 60000 milli seconds
17:55:28 INFO  : Processor reset is completed for ps7_cortexa9_0
17:55:28 WARN  : Given XMD transaction timeout value is invalid. Using default value of 60000 milli seconds
17:55:28 WARN  : Given XMD transaction timeout value is invalid. Using default value of 60000 milli seconds
17:55:28 WARN  : Given XMD transaction timeout value is invalid. Using default value of 60000 milli seconds
17:55:28 WARN  : Given XMD transaction timeout value is invalid. Using default value of 60000 milli seconds
17:55:29 WARN  : Given XMD transaction timeout value is invalid. Using default value of 60000 milli seconds
17:55:29 WARN  : Given XMD transaction timeout value is invalid. Using default value of 60000 milli seconds
17:55:29 WARN  : Given XMD transaction timeout value is invalid. Using default value of 60000 milli seconds
17:55:29 WARN  : Given XMD transaction timeout value is invalid. Using default value of 60000 milli seconds
17:55:29 WARN  : Given XMD transaction timeout value is invalid. Using default value of 60000 milli seconds
17:55:29 WARN  : Given XMD transaction timeout value is invalid. Using default value of 60000 milli seconds
17:55:29 WARN  : Given XMD transaction timeout value is invalid. Using default value of 60000 milli seconds
17:55:29 WARN  : Given XMD transaction timeout value is invalid. Using default value of 60000 milli seconds
17:56:37 WARN  : Given XMD transaction timeout value is invalid. Using default value of 60000 milli seconds
17:56:37 WARN  : Given XMD transaction timeout value is invalid. Using default value of 60000 milli seconds
17:56:37 WARN  : Given XMD transaction timeout value is invalid. Using default value of 60000 milli seconds
17:56:37 WARN  : Given XMD transaction timeout value is invalid. Using default value of 60000 milli seconds
17:56:37 WARN  : Given XMD transaction timeout value is invalid. Using default value of 60000 milli seconds
17:56:37 WARN  : Given XMD transaction timeout value is invalid. Using default value of 60000 milli seconds
17:56:37 WARN  : Given XMD transaction timeout value is invalid. Using default value of 60000 milli seconds
17:56:37 INFO  : Processor reset is completed for ps7_cortexa9_0
17:56:37 WARN  : Given XMD transaction timeout value is invalid. Using default value of 60000 milli seconds
17:56:38 WARN  : Given XMD transaction timeout value is invalid. Using default value of 60000 milli seconds
17:56:38 WARN  : Given XMD transaction timeout value is invalid. Using default value of 60000 milli seconds
17:56:38 WARN  : Given XMD transaction timeout value is invalid. Using default value of 60000 milli seconds
17:56:38 WARN  : Given XMD transaction timeout value is invalid. Using default value of 60000 milli seconds
17:56:38 WARN  : Given XMD transaction timeout value is invalid. Using default value of 60000 milli seconds
17:56:38 WARN  : Given XMD transaction timeout value is invalid. Using default value of 60000 milli seconds
17:56:38 WARN  : Given XMD transaction timeout value is invalid. Using default value of 60000 milli seconds
17:56:39 WARN  : Given XMD transaction timeout value is invalid. Using default value of 60000 milli seconds
17:56:39 WARN  : Given XMD transaction timeout value is invalid. Using default value of 60000 milli seconds
17:56:39 WARN  : Given XMD transaction timeout value is invalid. Using default value of 60000 milli seconds
17:56:39 WARN  : Given XMD transaction timeout value is invalid. Using default value of 60000 milli seconds
17:57:11 WARN  : Given XMD transaction timeout value is invalid. Using default value of 60000 milli seconds
17:57:11 WARN  : Given XMD transaction timeout value is invalid. Using default value of 60000 milli seconds
17:57:11 WARN  : Given XMD transaction timeout value is invalid. Using default value of 60000 milli seconds
17:57:12 WARN  : Given XMD transaction timeout value is invalid. Using default value of 60000 milli seconds
17:57:12 WARN  : Given XMD transaction timeout value is invalid. Using default value of 60000 milli seconds
17:57:12 WARN  : Given XMD transaction timeout value is invalid. Using default value of 60000 milli seconds
17:57:12 WARN  : Given XMD transaction timeout value is invalid. Using default value of 60000 milli seconds
17:57:12 INFO  : Processor reset is completed for ps7_cortexa9_0
17:57:12 WARN  : Given XMD transaction timeout value is invalid. Using default value of 60000 milli seconds
17:57:12 WARN  : Given XMD transaction timeout value is invalid. Using default value of 60000 milli seconds
17:57:12 WARN  : Given XMD transaction timeout value is invalid. Using default value of 60000 milli seconds
17:57:12 WARN  : Given XMD transaction timeout value is invalid. Using default value of 60000 milli seconds
17:57:13 WARN  : Given XMD transaction timeout value is invalid. Using default value of 60000 milli seconds
17:57:13 WARN  : Given XMD transaction timeout value is invalid. Using default value of 60000 milli seconds
17:57:13 WARN  : Given XMD transaction timeout value is invalid. Using default value of 60000 milli seconds
17:57:13 WARN  : Given XMD transaction timeout value is invalid. Using default value of 60000 milli seconds
17:57:13 WARN  : Given XMD transaction timeout value is invalid. Using default value of 60000 milli seconds
17:57:13 WARN  : Given XMD transaction timeout value is invalid. Using default value of 60000 milli seconds
17:57:13 WARN  : Given XMD transaction timeout value is invalid. Using default value of 60000 milli seconds
17:57:14 WARN  : Given XMD transaction timeout value is invalid. Using default value of 60000 milli seconds
17:57:27 WARN  : Given XMD transaction timeout value is invalid. Using default value of 60000 milli seconds
17:57:27 WARN  : Given XMD transaction timeout value is invalid. Using default value of 60000 milli seconds
17:57:27 WARN  : Given XMD transaction timeout value is invalid. Using default value of 60000 milli seconds
17:57:27 WARN  : Given XMD transaction timeout value is invalid. Using default value of 60000 milli seconds
17:57:27 WARN  : Given XMD transaction timeout value is invalid. Using default value of 60000 milli seconds
17:57:27 WARN  : Given XMD transaction timeout value is invalid. Using default value of 60000 milli seconds
17:57:27 WARN  : Given XMD transaction timeout value is invalid. Using default value of 60000 milli seconds
17:57:27 INFO  : Processor reset is completed for ps7_cortexa9_0
17:57:27 WARN  : Given XMD transaction timeout value is invalid. Using default value of 60000 milli seconds
17:57:27 WARN  : Given XMD transaction timeout value is invalid. Using default value of 60000 milli seconds
17:57:28 WARN  : Given XMD transaction timeout value is invalid. Using default value of 60000 milli seconds
17:57:28 WARN  : Given XMD transaction timeout value is invalid. Using default value of 60000 milli seconds
17:57:28 WARN  : Given XMD transaction timeout value is invalid. Using default value of 60000 milli seconds
17:57:28 WARN  : Given XMD transaction timeout value is invalid. Using default value of 60000 milli seconds
17:57:28 WARN  : Given XMD transaction timeout value is invalid. Using default value of 60000 milli seconds
17:57:28 WARN  : Given XMD transaction timeout value is invalid. Using default value of 60000 milli seconds
17:57:29 WARN  : Given XMD transaction timeout value is invalid. Using default value of 60000 milli seconds
17:57:29 WARN  : Given XMD transaction timeout value is invalid. Using default value of 60000 milli seconds
17:57:29 WARN  : Given XMD transaction timeout value is invalid. Using default value of 60000 milli seconds
17:57:29 WARN  : Given XMD transaction timeout value is invalid. Using default value of 60000 milli seconds
17:59:37 WARN  : Given XMD transaction timeout value is invalid. Using default value of 60000 milli seconds
17:59:37 WARN  : Given XMD transaction timeout value is invalid. Using default value of 60000 milli seconds
17:59:37 WARN  : Given XMD transaction timeout value is invalid. Using default value of 60000 milli seconds
17:59:38 WARN  : Given XMD transaction timeout value is invalid. Using default value of 60000 milli seconds
17:59:38 WARN  : Given XMD transaction timeout value is invalid. Using default value of 60000 milli seconds
17:59:38 WARN  : Given XMD transaction timeout value is invalid. Using default value of 60000 milli seconds
17:59:38 WARN  : Given XMD transaction timeout value is invalid. Using default value of 60000 milli seconds
17:59:38 INFO  : Processor reset is completed for ps7_cortexa9_0
17:59:38 WARN  : Given XMD transaction timeout value is invalid. Using default value of 60000 milli seconds
17:59:38 WARN  : Given XMD transaction timeout value is invalid. Using default value of 60000 milli seconds
17:59:38 WARN  : Given XMD transaction timeout value is invalid. Using default value of 60000 milli seconds
17:59:38 WARN  : Given XMD transaction timeout value is invalid. Using default value of 60000 milli seconds
17:59:39 WARN  : Given XMD transaction timeout value is invalid. Using default value of 60000 milli seconds
17:59:39 WARN  : Given XMD transaction timeout value is invalid. Using default value of 60000 milli seconds
17:59:39 WARN  : Given XMD transaction timeout value is invalid. Using default value of 60000 milli seconds
17:59:39 WARN  : Given XMD transaction timeout value is invalid. Using default value of 60000 milli seconds
17:59:39 WARN  : Given XMD transaction timeout value is invalid. Using default value of 60000 milli seconds
17:59:39 WARN  : Given XMD transaction timeout value is invalid. Using default value of 60000 milli seconds
17:59:39 WARN  : Given XMD transaction timeout value is invalid. Using default value of 60000 milli seconds
17:59:39 WARN  : Given XMD transaction timeout value is invalid. Using default value of 60000 milli seconds
18:00:28 WARN  : Given XMD transaction timeout value is invalid. Using default value of 60000 milli seconds
18:00:28 WARN  : Given XMD transaction timeout value is invalid. Using default value of 60000 milli seconds
18:00:29 WARN  : Given XMD transaction timeout value is invalid. Using default value of 60000 milli seconds
18:00:29 WARN  : Given XMD transaction timeout value is invalid. Using default value of 60000 milli seconds
18:00:29 WARN  : Given XMD transaction timeout value is invalid. Using default value of 60000 milli seconds
18:00:29 WARN  : Given XMD transaction timeout value is invalid. Using default value of 60000 milli seconds
18:00:29 WARN  : Given XMD transaction timeout value is invalid. Using default value of 60000 milli seconds
18:00:29 INFO  : Processor reset is completed for ps7_cortexa9_0
18:00:29 WARN  : Given XMD transaction timeout value is invalid. Using default value of 60000 milli seconds
18:00:29 WARN  : Given XMD transaction timeout value is invalid. Using default value of 60000 milli seconds
18:00:29 WARN  : Given XMD transaction timeout value is invalid. Using default value of 60000 milli seconds
18:00:30 WARN  : Given XMD transaction timeout value is invalid. Using default value of 60000 milli seconds
18:00:30 WARN  : Given XMD transaction timeout value is invalid. Using default value of 60000 milli seconds
18:00:30 WARN  : Given XMD transaction timeout value is invalid. Using default value of 60000 milli seconds
18:00:30 WARN  : Given XMD transaction timeout value is invalid. Using default value of 60000 milli seconds
18:00:30 WARN  : Given XMD transaction timeout value is invalid. Using default value of 60000 milli seconds
18:00:30 WARN  : Given XMD transaction timeout value is invalid. Using default value of 60000 milli seconds
18:00:30 WARN  : Given XMD transaction timeout value is invalid. Using default value of 60000 milli seconds
18:00:30 WARN  : Given XMD transaction timeout value is invalid. Using default value of 60000 milli seconds
18:00:31 WARN  : Given XMD transaction timeout value is invalid. Using default value of 60000 milli seconds
18:01:01 WARN  : Given XMD transaction timeout value is invalid. Using default value of 60000 milli seconds
18:01:02 WARN  : Given XMD transaction timeout value is invalid. Using default value of 60000 milli seconds
18:01:02 WARN  : Given XMD transaction timeout value is invalid. Using default value of 60000 milli seconds
18:01:02 WARN  : Given XMD transaction timeout value is invalid. Using default value of 60000 milli seconds
18:01:02 WARN  : Given XMD transaction timeout value is invalid. Using default value of 60000 milli seconds
18:01:02 WARN  : Given XMD transaction timeout value is invalid. Using default value of 60000 milli seconds
18:01:02 WARN  : Given XMD transaction timeout value is invalid. Using default value of 60000 milli seconds
18:01:02 INFO  : Processor reset is completed for ps7_cortexa9_0
18:01:02 WARN  : Given XMD transaction timeout value is invalid. Using default value of 60000 milli seconds
18:01:02 WARN  : Given XMD transaction timeout value is invalid. Using default value of 60000 milli seconds
18:01:02 WARN  : Given XMD transaction timeout value is invalid. Using default value of 60000 milli seconds
18:01:03 WARN  : Given XMD transaction timeout value is invalid. Using default value of 60000 milli seconds
18:01:03 WARN  : Given XMD transaction timeout value is invalid. Using default value of 60000 milli seconds
18:01:03 WARN  : Given XMD transaction timeout value is invalid. Using default value of 60000 milli seconds
18:01:03 WARN  : Given XMD transaction timeout value is invalid. Using default value of 60000 milli seconds
18:01:03 WARN  : Given XMD transaction timeout value is invalid. Using default value of 60000 milli seconds
18:01:03 WARN  : Given XMD transaction timeout value is invalid. Using default value of 60000 milli seconds
18:01:03 WARN  : Given XMD transaction timeout value is invalid. Using default value of 60000 milli seconds
18:01:04 WARN  : Given XMD transaction timeout value is invalid. Using default value of 60000 milli seconds
18:01:04 WARN  : Given XMD transaction timeout value is invalid. Using default value of 60000 milli seconds
18:02:19 WARN  : Given XMD transaction timeout value is invalid. Using default value of 60000 milli seconds
18:02:19 WARN  : Given XMD transaction timeout value is invalid. Using default value of 60000 milli seconds
18:02:19 WARN  : Given XMD transaction timeout value is invalid. Using default value of 60000 milli seconds
18:02:19 WARN  : Given XMD transaction timeout value is invalid. Using default value of 60000 milli seconds
18:02:19 WARN  : Given XMD transaction timeout value is invalid. Using default value of 60000 milli seconds
18:02:19 WARN  : Given XMD transaction timeout value is invalid. Using default value of 60000 milli seconds
18:02:19 WARN  : Given XMD transaction timeout value is invalid. Using default value of 60000 milli seconds
18:02:19 INFO  : Processor reset is completed for ps7_cortexa9_0
18:02:19 WARN  : Given XMD transaction timeout value is invalid. Using default value of 60000 milli seconds
18:02:19 WARN  : Given XMD transaction timeout value is invalid. Using default value of 60000 milli seconds
18:02:19 WARN  : Given XMD transaction timeout value is invalid. Using default value of 60000 milli seconds
18:02:20 WARN  : Given XMD transaction timeout value is invalid. Using default value of 60000 milli seconds
18:02:20 WARN  : Given XMD transaction timeout value is invalid. Using default value of 60000 milli seconds
18:02:20 WARN  : Given XMD transaction timeout value is invalid. Using default value of 60000 milli seconds
18:02:20 WARN  : Given XMD transaction timeout value is invalid. Using default value of 60000 milli seconds
18:02:20 WARN  : Given XMD transaction timeout value is invalid. Using default value of 60000 milli seconds
18:02:21 WARN  : Given XMD transaction timeout value is invalid. Using default value of 60000 milli seconds
18:02:21 WARN  : Given XMD transaction timeout value is invalid. Using default value of 60000 milli seconds
18:02:21 WARN  : Given XMD transaction timeout value is invalid. Using default value of 60000 milli seconds
18:02:21 WARN  : Given XMD transaction timeout value is invalid. Using default value of 60000 milli seconds
18:02:40 WARN  : Given XMD transaction timeout value is invalid. Using default value of 60000 milli seconds
18:02:40 WARN  : Given XMD transaction timeout value is invalid. Using default value of 60000 milli seconds
18:02:40 WARN  : Given XMD transaction timeout value is invalid. Using default value of 60000 milli seconds
18:02:40 WARN  : Given XMD transaction timeout value is invalid. Using default value of 60000 milli seconds
18:02:40 WARN  : Given XMD transaction timeout value is invalid. Using default value of 60000 milli seconds
18:02:41 WARN  : Given XMD transaction timeout value is invalid. Using default value of 60000 milli seconds
18:02:41 WARN  : Given XMD transaction timeout value is invalid. Using default value of 60000 milli seconds
18:02:41 INFO  : Processor reset is completed for ps7_cortexa9_0
18:02:41 WARN  : Given XMD transaction timeout value is invalid. Using default value of 60000 milli seconds
18:02:41 WARN  : Given XMD transaction timeout value is invalid. Using default value of 60000 milli seconds
18:02:41 WARN  : Given XMD transaction timeout value is invalid. Using default value of 60000 milli seconds
18:02:41 WARN  : Given XMD transaction timeout value is invalid. Using default value of 60000 milli seconds
18:02:42 WARN  : Given XMD transaction timeout value is invalid. Using default value of 60000 milli seconds
18:02:42 WARN  : Given XMD transaction timeout value is invalid. Using default value of 60000 milli seconds
18:02:42 WARN  : Given XMD transaction timeout value is invalid. Using default value of 60000 milli seconds
18:02:42 WARN  : Given XMD transaction timeout value is invalid. Using default value of 60000 milli seconds
18:02:42 WARN  : Given XMD transaction timeout value is invalid. Using default value of 60000 milli seconds
18:02:42 WARN  : Given XMD transaction timeout value is invalid. Using default value of 60000 milli seconds
18:02:42 WARN  : Given XMD transaction timeout value is invalid. Using default value of 60000 milli seconds
18:02:42 WARN  : Given XMD transaction timeout value is invalid. Using default value of 60000 milli seconds
