
*** Running vivado
    with args -log design_1_wrapper.vdi -applog -m64 -product Vivado -messageDb vivado.pb -mode batch -source design_1_wrapper.tcl -notrace


****** Vivado v2017.4.1 (64-bit)
  **** SW Build 2117270 on Tue Jan 30 15:32:00 MST 2018
  **** IP Build 2095745 on Tue Jan 30 17:13:15 MST 2018
    ** Copyright 1986-2017 Xilinx, Inc. All Rights Reserved.

source design_1_wrapper.tcl -notrace
INFO: [IP_Flow 19-234] Refreshing IP repositories
INFO: [IP_Flow 19-1700] Loaded user IP repository 'c:/Users/ASUS/Desktop/project_pl_ps/matpIP'.
INFO: [IP_Flow 19-2313] Loaded Vivado IP repository 'C:/Xilinx/Vivado/2017.4/data/ip'.
add_files: Time (s): cpu = 00:00:06 ; elapsed = 00:00:10 . Memory (MB): peak = 266.672 ; gain = 30.172
Command: link_design -top design_1_wrapper -part xc7z010clg400-1
Design is defaulting to srcset: sources_1
Design is defaulting to constrset: constrs_1
INFO: [Netlist 29-17] Analyzing 143 Unisim elements for replacement
INFO: [Netlist 29-28] Unisim Transformation completed in 0 CPU seconds
INFO: [Project 1-479] Netlist was created with Vivado 2017.4.1
INFO: [Device 21-403] Loading part xc7z010clg400-1
INFO: [Project 1-570] Preparing netlist for logic optimization
Parsing XDC File [c:/Users/ASUS/Desktop/project_pl_ps/project_pl_ps.srcs/sources_1/bd/design_1/ip/design_1_processing_system7_0_0/design_1_processing_system7_0_0.xdc] for cell 'design_1_i/processing_system7_0/inst'
Finished Parsing XDC File [c:/Users/ASUS/Desktop/project_pl_ps/project_pl_ps.srcs/sources_1/bd/design_1/ip/design_1_processing_system7_0_0/design_1_processing_system7_0_0.xdc] for cell 'design_1_i/processing_system7_0/inst'
Parsing XDC File [c:/Users/ASUS/Desktop/project_pl_ps/project_pl_ps.srcs/sources_1/bd/design_1/ip/design_1_rst_ps7_0_100M_2/design_1_rst_ps7_0_100M_2_board.xdc] for cell 'design_1_i/rst_ps7_0_100M/U0'
Finished Parsing XDC File [c:/Users/ASUS/Desktop/project_pl_ps/project_pl_ps.srcs/sources_1/bd/design_1/ip/design_1_rst_ps7_0_100M_2/design_1_rst_ps7_0_100M_2_board.xdc] for cell 'design_1_i/rst_ps7_0_100M/U0'
Parsing XDC File [c:/Users/ASUS/Desktop/project_pl_ps/project_pl_ps.srcs/sources_1/bd/design_1/ip/design_1_rst_ps7_0_100M_2/design_1_rst_ps7_0_100M_2.xdc] for cell 'design_1_i/rst_ps7_0_100M/U0'
Finished Parsing XDC File [c:/Users/ASUS/Desktop/project_pl_ps/project_pl_ps.srcs/sources_1/bd/design_1/ip/design_1_rst_ps7_0_100M_2/design_1_rst_ps7_0_100M_2.xdc] for cell 'design_1_i/rst_ps7_0_100M/U0'
Sourcing Tcl File [C:/Xilinx/Vivado/2017.4/data/ip/xpm/xpm_cdc/tcl/xpm_cdc_async_rst.tcl] for cell 'design_1_i/axi_fifo_mm_s_0/U0/COMP_IPIC2AXI_S/gtxd.COMP_TXD_FIFO/gfifo_gen.COMP_AXIS_FG_FIFO/COMP_FIFO/inst_fifo_gen/reset_gen_cc.rstblk_cc/ngwrdrst.grst.g7serrst.gnsckt_wrst.rst_wr_reg2_inst'
INFO: [Timing 38-35] Done setting XDC timing constraints. [C:/Xilinx/Vivado/2017.4/data/ip/xpm/xpm_cdc/tcl/xpm_cdc_async_rst.tcl:2]
all_registers: Time (s): cpu = 00:00:14 ; elapsed = 00:00:15 . Memory (MB): peak = 1103.457 ; gain = 493.684
Finished Sourcing Tcl File [C:/Xilinx/Vivado/2017.4/data/ip/xpm/xpm_cdc/tcl/xpm_cdc_async_rst.tcl] for cell 'design_1_i/axi_fifo_mm_s_0/U0/COMP_IPIC2AXI_S/gtxd.COMP_TXD_FIFO/gfifo_gen.COMP_AXIS_FG_FIFO/COMP_FIFO/inst_fifo_gen/reset_gen_cc.rstblk_cc/ngwrdrst.grst.g7serrst.gnsckt_wrst.rst_wr_reg2_inst'
Sourcing Tcl File [C:/Xilinx/Vivado/2017.4/data/ip/xpm/xpm_cdc/tcl/xpm_cdc_sync_rst.tcl] for cell 'design_1_i/axi_fifo_mm_s_0/U0/COMP_IPIC2AXI_S/grxd.COMP_RX_FIFO/gfifo_gen.COMP_AXIS_FG_FIFO/COMP_FIFO/inst_fifo_gen/gaxis_fifo.gaxisf.axisf/grf.rf/rstblk/ngwrdrst.grst.g7serrst.gsckt_wrst.xpm_cdc_sync_rst_inst_wrst'
Finished Sourcing Tcl File [C:/Xilinx/Vivado/2017.4/data/ip/xpm/xpm_cdc/tcl/xpm_cdc_sync_rst.tcl] for cell 'design_1_i/axi_fifo_mm_s_0/U0/COMP_IPIC2AXI_S/grxd.COMP_RX_FIFO/gfifo_gen.COMP_AXIS_FG_FIFO/COMP_FIFO/inst_fifo_gen/gaxis_fifo.gaxisf.axisf/grf.rf/rstblk/ngwrdrst.grst.g7serrst.gsckt_wrst.xpm_cdc_sync_rst_inst_wrst'
Sourcing Tcl File [C:/Xilinx/Vivado/2017.4/data/ip/xpm/xpm_cdc/tcl/xpm_cdc_sync_rst.tcl] for cell 'design_1_i/axi_fifo_mm_s_0/U0/COMP_IPIC2AXI_S/gtxd.COMP_TXD_FIFO/gfifo_gen.COMP_AXIS_FG_FIFO/COMP_FIFO/inst_fifo_gen/gaxis_fifo.gaxisf.axisf/grf.rf/rstblk/ngwrdrst.grst.g7serrst.gsckt_wrst.xpm_cdc_sync_rst_inst_wrst'
Finished Sourcing Tcl File [C:/Xilinx/Vivado/2017.4/data/ip/xpm/xpm_cdc/tcl/xpm_cdc_sync_rst.tcl] for cell 'design_1_i/axi_fifo_mm_s_0/U0/COMP_IPIC2AXI_S/gtxd.COMP_TXD_FIFO/gfifo_gen.COMP_AXIS_FG_FIFO/COMP_FIFO/inst_fifo_gen/gaxis_fifo.gaxisf.axisf/grf.rf/rstblk/ngwrdrst.grst.g7serrst.gsckt_wrst.xpm_cdc_sync_rst_inst_wrst'
INFO: [Opt 31-138] Pushed 0 inverter(s) to 0 load pin(s).
INFO: [Project 1-111] Unisim Transformation Summary:
  A total of 32 instances were transformed.
  RAM64M => RAM64M (RAMD64E, RAMD64E, RAMD64E, RAMD64E): 28 instances
  RAM64X1D => RAM64X1D (RAMD64E, RAMD64E): 4 instances

11 Infos, 2 Warnings, 0 Critical Warnings and 0 Errors encountered.
link_design completed successfully
link_design: Time (s): cpu = 00:00:30 ; elapsed = 00:00:38 . Memory (MB): peak = 1103.457 ; gain = 836.785
Command: opt_design
Attempting to get a license for feature 'Implementation' and/or device 'xc7z010'
INFO: [Common 17-349] Got license for feature 'Implementation' and/or device 'xc7z010'
Running DRC as a precondition to command opt_design

Starting DRC Task
INFO: [DRC 23-27] Running DRC with 2 threads
INFO: [Project 1-461] DRC finished with 0 Errors
INFO: [Project 1-462] Please refer to the DRC report (report_drc) for more information.

Time (s): cpu = 00:00:02 ; elapsed = 00:00:01 . Memory (MB): peak = 1103.457 ; gain = 0.000
INFO: [Timing 38-35] Done setting XDC timing constraints.

Starting Logic Optimization Task

Phase 1 Retarget
INFO: [Opt 31-138] Pushed 1 inverter(s) to 3 load pin(s).
INFO: [Opt 31-49] Retargeted 0 cell(s).
Phase 1 Retarget | Checksum: 18f081471

Time (s): cpu = 00:00:01 ; elapsed = 00:00:00.991 . Memory (MB): peak = 1117.996 ; gain = 0.000
INFO: [Opt 31-389] Phase Retarget created 3 cells and removed 30 cells

Phase 2 Constant propagation
INFO: [Opt 31-138] Pushed 0 inverter(s) to 0 load pin(s).
Phase 2 Constant propagation | Checksum: 1b5e4a737

Time (s): cpu = 00:00:01 ; elapsed = 00:00:01 . Memory (MB): peak = 1117.996 ; gain = 0.000
INFO: [Opt 31-389] Phase Constant propagation created 0 cells and removed 4 cells

Phase 3 Sweep
Phase 3 Sweep | Checksum: 218f81a1b

Time (s): cpu = 00:00:01 ; elapsed = 00:00:02 . Memory (MB): peak = 1117.996 ; gain = 0.000
INFO: [Opt 31-389] Phase Sweep created 0 cells and removed 343 cells

Phase 4 BUFG optimization
Phase 4 BUFG optimization | Checksum: 218f81a1b

Time (s): cpu = 00:00:01 ; elapsed = 00:00:02 . Memory (MB): peak = 1117.996 ; gain = 0.000
INFO: [Opt 31-389] Phase BUFG optimization created 0 cells and removed 0 cells

Phase 5 Shift Register Optimization
Phase 5 Shift Register Optimization | Checksum: 218f81a1b

Time (s): cpu = 00:00:02 ; elapsed = 00:00:02 . Memory (MB): peak = 1117.996 ; gain = 0.000
INFO: [Opt 31-389] Phase Shift Register Optimization created 0 cells and removed 0 cells

Starting Connectivity Check Task

Time (s): cpu = 00:00:00 ; elapsed = 00:00:00.016 . Memory (MB): peak = 1117.996 ; gain = 0.000
Ending Logic Optimization Task | Checksum: 1fe4280e8

Time (s): cpu = 00:00:02 ; elapsed = 00:00:02 . Memory (MB): peak = 1117.996 ; gain = 0.000

Starting Power Optimization Task
INFO: [Pwropt 34-132] Skipping clock gating for clocks with a period < 2.00 ns.
INFO: [Timing 38-35] Done setting XDC timing constraints.
INFO: [Pwropt 34-9] Applying IDT optimizations ...
INFO: [Pwropt 34-10] Applying ODC optimizations ...
INFO: [Physopt 32-619] Estimated Timing Summary | WNS=1.196 | TNS=0.000 |
Running Vector-less Activity Propagation...

Finished Running Vector-less Activity Propagation


Starting PowerOpt Patch Enables Task
INFO: [Pwropt 34-162] WRITE_MODE attribute of 4 BRAM(s) out of a total of 5 has been updated to save power. Run report_power_opt to get a complete listing of the BRAMs updated.
INFO: [Timing 38-35] Done setting XDC timing constraints.
INFO: [Pwropt 34-201] Structural ODC has moved 4 WE to EN ports
Number of BRAM Ports augmented: 0 newly gated: 4 Total Ports: 10
Ending PowerOpt Patch Enables Task | Checksum: dc7390c4

Time (s): cpu = 00:00:00 ; elapsed = 00:00:00.438 . Memory (MB): peak = 1272.492 ; gain = 0.000
Ending Power Optimization Task | Checksum: dc7390c4

Time (s): cpu = 00:00:04 ; elapsed = 00:00:05 . Memory (MB): peak = 1272.492 ; gain = 154.496
INFO: [Common 17-83] Releasing license: Implementation
33 Infos, 2 Warnings, 0 Critical Warnings and 0 Errors encountered.
opt_design completed successfully
opt_design: Time (s): cpu = 00:00:08 ; elapsed = 00:00:10 . Memory (MB): peak = 1272.492 ; gain = 169.035
Writing placer database...
Writing XDEF routing.
Writing XDEF routing logical nets.
Writing XDEF routing special nets.
Write XDEF Complete: Time (s): cpu = 00:00:00 ; elapsed = 00:00:00.182 . Memory (MB): peak = 1272.492 ; gain = 0.000
INFO: [Common 17-1381] The checkpoint 'C:/Users/ASUS/Desktop/project_pl_ps/project_pl_ps.runs/impl_1/design_1_wrapper_opt.dcp' has been generated.
INFO: [runtcl-4] Executing : report_drc -file design_1_wrapper_drc_opted.rpt -pb design_1_wrapper_drc_opted.pb -rpx design_1_wrapper_drc_opted.rpx
Command: report_drc -file design_1_wrapper_drc_opted.rpt -pb design_1_wrapper_drc_opted.pb -rpx design_1_wrapper_drc_opted.rpx
INFO: [IP_Flow 19-1839] IP Catalog is up to date.
INFO: [DRC 23-27] Running DRC with 2 threads
INFO: [Coretcl 2-168] The results of DRC are in file C:/Users/ASUS/Desktop/project_pl_ps/project_pl_ps.runs/impl_1/design_1_wrapper_drc_opted.rpt.
report_drc completed successfully
INFO: [Chipscope 16-241] No debug cores found in the current design.
Before running the implement_debug_core command, either use the Set Up Debug wizard (GUI mode)
or use the create_debug_core and connect_debug_core Tcl commands to insert debug cores into the design.
Command: place_design
Attempting to get a license for feature 'Implementation' and/or device 'xc7z010'
INFO: [Common 17-349] Got license for feature 'Implementation' and/or device 'xc7z010'
INFO: [DRC 23-27] Running DRC with 2 threads
INFO: [Vivado_Tcl 4-198] DRC finished with 0 Errors
INFO: [Vivado_Tcl 4-199] Please refer to the DRC report (report_drc) for more information.
Running DRC as a precondition to command place_design
INFO: [DRC 23-27] Running DRC with 2 threads
INFO: [Vivado_Tcl 4-198] DRC finished with 0 Errors
INFO: [Vivado_Tcl 4-199] Please refer to the DRC report (report_drc) for more information.

Starting Placer Task
INFO: [Place 30-611] Multithreading enabled for place_design using a maximum of 2 CPUs

Phase 1 Placer Initialization

Phase 1.1 Placer Initialization Netlist Sorting
Netlist sorting complete. Time (s): cpu = 00:00:00 ; elapsed = 00:00:00.009 . Memory (MB): peak = 1272.492 ; gain = 0.000
Phase 1.1 Placer Initialization Netlist Sorting | Checksum: d817f2e0

Time (s): cpu = 00:00:00 ; elapsed = 00:00:00.298 . Memory (MB): peak = 1272.492 ; gain = 0.000
INFO: [Timing 38-35] Done setting XDC timing constraints.
INFO: [Opt 31-138] Pushed 0 inverter(s) to 0 load pin(s).
Netlist sorting complete. Time (s): cpu = 00:00:00 ; elapsed = 00:00:00.010 . Memory (MB): peak = 1272.492 ; gain = 0.000

Phase 1.2 IO Placement/ Clock Placement/ Build Placer Device
INFO: [Timing 38-35] Done setting XDC timing constraints.
Phase 1.2 IO Placement/ Clock Placement/ Build Placer Device | Checksum: 18825c979

Time (s): cpu = 00:00:03 ; elapsed = 00:00:03 . Memory (MB): peak = 1272.492 ; gain = 0.000

Phase 1.3 Build Placer Netlist Model
Phase 1.3 Build Placer Netlist Model | Checksum: 2024aa18a

Time (s): cpu = 00:00:04 ; elapsed = 00:00:05 . Memory (MB): peak = 1272.492 ; gain = 0.000

Phase 1.4 Constrain Clocks/Macros
Phase 1.4 Constrain Clocks/Macros | Checksum: 2024aa18a

Time (s): cpu = 00:00:04 ; elapsed = 00:00:05 . Memory (MB): peak = 1272.492 ; gain = 0.000
Phase 1 Placer Initialization | Checksum: 2024aa18a

Time (s): cpu = 00:00:04 ; elapsed = 00:00:05 . Memory (MB): peak = 1272.492 ; gain = 0.000

Phase 2 Global Placement
Phase 2 Global Placement | Checksum: 12b9ce6b8

Time (s): cpu = 00:00:09 ; elapsed = 00:00:08 . Memory (MB): peak = 1272.492 ; gain = 0.000

Phase 3 Detail Placement

Phase 3.1 Commit Multi Column Macros
Phase 3.1 Commit Multi Column Macros | Checksum: 12b9ce6b8

Time (s): cpu = 00:00:09 ; elapsed = 00:00:08 . Memory (MB): peak = 1272.492 ; gain = 0.000

Phase 3.2 Commit Most Macros & LUTRAMs
Phase 3.2 Commit Most Macros & LUTRAMs | Checksum: 1937e4ad5

Time (s): cpu = 00:00:09 ; elapsed = 00:00:08 . Memory (MB): peak = 1272.492 ; gain = 0.000

Phase 3.3 Area Swap Optimization
Phase 3.3 Area Swap Optimization | Checksum: 13c9d7045

Time (s): cpu = 00:00:09 ; elapsed = 00:00:08 . Memory (MB): peak = 1272.492 ; gain = 0.000

Phase 3.4 Pipeline Register Optimization
Phase 3.4 Pipeline Register Optimization | Checksum: 13c9d7045

Time (s): cpu = 00:00:09 ; elapsed = 00:00:08 . Memory (MB): peak = 1272.492 ; gain = 0.000

Phase 3.5 Small Shape Detail Placement
Phase 3.5 Small Shape Detail Placement | Checksum: 1439d0613

Time (s): cpu = 00:00:10 ; elapsed = 00:00:09 . Memory (MB): peak = 1272.492 ; gain = 0.000

Phase 3.6 Re-assign LUT pins
Phase 3.6 Re-assign LUT pins | Checksum: 117a49067

Time (s): cpu = 00:00:10 ; elapsed = 00:00:09 . Memory (MB): peak = 1272.492 ; gain = 0.000

Phase 3.7 Pipeline Register Optimization
Phase 3.7 Pipeline Register Optimization | Checksum: 117a49067

Time (s): cpu = 00:00:10 ; elapsed = 00:00:09 . Memory (MB): peak = 1272.492 ; gain = 0.000
Phase 3 Detail Placement | Checksum: 117a49067

Time (s): cpu = 00:00:10 ; elapsed = 00:00:09 . Memory (MB): peak = 1272.492 ; gain = 0.000

Phase 4 Post Placement Optimization and Clean-Up

Phase 4.1 Post Commit Optimization
INFO: [Timing 38-35] Done setting XDC timing constraints.

Phase 4.1.1 Post Placement Optimization
Post Placement Optimization Initialization | Checksum: 11881dd2e

Phase 4.1.1.1 BUFG Insertion
INFO: [Physopt 32-721] Multithreading enabled for phys_opt_design using a maximum of 2 CPUs
INFO: [Place 46-31] BUFG insertion identified 0 candidate nets, 0 success, 0 skipped for placement/routing, 0 skipped for timing, 0 skipped for netlist change reason.
Phase 4.1.1.1 BUFG Insertion | Checksum: 11881dd2e

Time (s): cpu = 00:00:11 ; elapsed = 00:00:10 . Memory (MB): peak = 1272.492 ; gain = 0.000
INFO: [Place 30-746] Post Placement Timing Summary WNS=1.099. For the most accurate timing information please run report_timing.
Phase 4.1.1 Post Placement Optimization | Checksum: 8a5685f0

Time (s): cpu = 00:00:11 ; elapsed = 00:00:10 . Memory (MB): peak = 1272.492 ; gain = 0.000
Phase 4.1 Post Commit Optimization | Checksum: 8a5685f0

Time (s): cpu = 00:00:11 ; elapsed = 00:00:10 . Memory (MB): peak = 1272.492 ; gain = 0.000

Phase 4.2 Post Placement Cleanup
Phase 4.2 Post Placement Cleanup | Checksum: 8a5685f0

Time (s): cpu = 00:00:12 ; elapsed = 00:00:10 . Memory (MB): peak = 1272.492 ; gain = 0.000

Phase 4.3 Placer Reporting
Phase 4.3 Placer Reporting | Checksum: 8a5685f0

Time (s): cpu = 00:00:12 ; elapsed = 00:00:10 . Memory (MB): peak = 1272.492 ; gain = 0.000

Phase 4.4 Final Placement Cleanup
Phase 4.4 Final Placement Cleanup | Checksum: 14d916dac

Time (s): cpu = 00:00:12 ; elapsed = 00:00:10 . Memory (MB): peak = 1272.492 ; gain = 0.000
Phase 4 Post Placement Optimization and Clean-Up | Checksum: 14d916dac

Time (s): cpu = 00:00:12 ; elapsed = 00:00:10 . Memory (MB): peak = 1272.492 ; gain = 0.000
Ending Placer Task | Checksum: 14bbebbdf

Time (s): cpu = 00:00:12 ; elapsed = 00:00:10 . Memory (MB): peak = 1272.492 ; gain = 0.000
INFO: [Common 17-83] Releasing license: Implementation
55 Infos, 2 Warnings, 0 Critical Warnings and 0 Errors encountered.
place_design completed successfully
place_design: Time (s): cpu = 00:00:14 ; elapsed = 00:00:12 . Memory (MB): peak = 1272.492 ; gain = 0.000
Writing placer database...
Writing XDEF routing.
Writing XDEF routing logical nets.
Writing XDEF routing special nets.
Write XDEF Complete: Time (s): cpu = 00:00:01 ; elapsed = 00:00:00.278 . Memory (MB): peak = 1272.492 ; gain = 0.000
INFO: [Common 17-1381] The checkpoint 'C:/Users/ASUS/Desktop/project_pl_ps/project_pl_ps.runs/impl_1/design_1_wrapper_placed.dcp' has been generated.
INFO: [runtcl-4] Executing : report_io -file design_1_wrapper_io_placed.rpt
report_io: Time (s): cpu = 00:00:00 ; elapsed = 00:00:00.179 . Memory (MB): peak = 1272.492 ; gain = 0.000
INFO: [runtcl-4] Executing : report_utilization -file design_1_wrapper_utilization_placed.rpt -pb design_1_wrapper_utilization_placed.pb
report_utilization: Time (s): cpu = 00:00:00 ; elapsed = 00:00:00.073 . Memory (MB): peak = 1272.492 ; gain = 0.000
INFO: [runtcl-4] Executing : report_control_sets -verbose -file design_1_wrapper_control_sets_placed.rpt
report_control_sets: Time (s): cpu = 00:00:00 ; elapsed = 00:00:00.030 . Memory (MB): peak = 1272.492 ; gain = 0.000
Command: route_design
Attempting to get a license for feature 'Implementation' and/or device 'xc7z010'
INFO: [Common 17-349] Got license for feature 'Implementation' and/or device 'xc7z010'
Running DRC as a precondition to command route_design
INFO: [DRC 23-27] Running DRC with 2 threads
INFO: [Vivado_Tcl 4-198] DRC finished with 0 Errors
INFO: [Vivado_Tcl 4-199] Please refer to the DRC report (report_drc) for more information.


Starting Routing Task
INFO: [Route 35-254] Multithreading enabled for route_design using a maximum of 2 CPUs
Checksum: PlaceDB: 62933783 ConstDB: 0 ShapeSum: e92b845c RouteDB: 0

Phase 1 Build RT Design
Phase 1 Build RT Design | Checksum: ff55b505

Time (s): cpu = 00:00:15 ; elapsed = 00:00:13 . Memory (MB): peak = 1272.492 ; gain = 0.000
Post Restoration Checksum: NetGraph: 443fcafd NumContArr: bb15ea08 Constraints: 0 Timing: 0

Phase 2 Router Initialization

Phase 2.1 Create Timer
Phase 2.1 Create Timer | Checksum: ff55b505

Time (s): cpu = 00:00:15 ; elapsed = 00:00:13 . Memory (MB): peak = 1272.492 ; gain = 0.000

Phase 2.2 Fix Topology Constraints
Phase 2.2 Fix Topology Constraints | Checksum: ff55b505

Time (s): cpu = 00:00:15 ; elapsed = 00:00:14 . Memory (MB): peak = 1272.492 ; gain = 0.000

Phase 2.3 Pre Route Cleanup
Phase 2.3 Pre Route Cleanup | Checksum: ff55b505

Time (s): cpu = 00:00:15 ; elapsed = 00:00:14 . Memory (MB): peak = 1272.492 ; gain = 0.000
 Number of Nodes with overlaps = 0

Phase 2.4 Update Timing
Phase 2.4 Update Timing | Checksum: 177140688

Time (s): cpu = 00:00:16 ; elapsed = 00:00:14 . Memory (MB): peak = 1272.492 ; gain = 0.000
INFO: [Route 35-416] Intermediate Timing Summary | WNS=0.916  | TNS=0.000  | WHS=-0.331 | THS=-24.126|

Phase 2 Router Initialization | Checksum: 1fd096c85

Time (s): cpu = 00:00:17 ; elapsed = 00:00:15 . Memory (MB): peak = 1272.492 ; gain = 0.000

Phase 3 Initial Routing
Phase 3 Initial Routing | Checksum: 2afefcafa

Time (s): cpu = 00:00:18 ; elapsed = 00:00:15 . Memory (MB): peak = 1272.492 ; gain = 0.000

Phase 4 Rip-up And Reroute

Phase 4.1 Global Iteration 0
 Number of Nodes with overlaps = 145
 Number of Nodes with overlaps = 5
 Number of Nodes with overlaps = 0
INFO: [Route 35-416] Intermediate Timing Summary | WNS=0.244  | TNS=0.000  | WHS=N/A    | THS=N/A    |

Phase 4.1 Global Iteration 0 | Checksum: 18236ba3b

Time (s): cpu = 00:00:19 ; elapsed = 00:00:16 . Memory (MB): peak = 1272.492 ; gain = 0.000

Phase 4.2 Global Iteration 1
 Number of Nodes with overlaps = 0
INFO: [Route 35-416] Intermediate Timing Summary | WNS=0.244  | TNS=0.000  | WHS=N/A    | THS=N/A    |

Phase 4.2 Global Iteration 1 | Checksum: 14db5c406

Time (s): cpu = 00:00:19 ; elapsed = 00:00:16 . Memory (MB): peak = 1272.492 ; gain = 0.000
Phase 4 Rip-up And Reroute | Checksum: 14db5c406

Time (s): cpu = 00:00:19 ; elapsed = 00:00:16 . Memory (MB): peak = 1272.492 ; gain = 0.000

Phase 5 Delay and Skew Optimization

Phase 5.1 Delay CleanUp
Phase 5.1 Delay CleanUp | Checksum: 14db5c406

Time (s): cpu = 00:00:19 ; elapsed = 00:00:16 . Memory (MB): peak = 1272.492 ; gain = 0.000

Phase 5.2 Clock Skew Optimization
Phase 5.2 Clock Skew Optimization | Checksum: 14db5c406

Time (s): cpu = 00:00:19 ; elapsed = 00:00:16 . Memory (MB): peak = 1272.492 ; gain = 0.000
Phase 5 Delay and Skew Optimization | Checksum: 14db5c406

Time (s): cpu = 00:00:20 ; elapsed = 00:00:16 . Memory (MB): peak = 1272.492 ; gain = 0.000

Phase 6 Post Hold Fix

Phase 6.1 Hold Fix Iter

Phase 6.1.1 Update Timing
Phase 6.1.1 Update Timing | Checksum: 191857424

Time (s): cpu = 00:00:20 ; elapsed = 00:00:16 . Memory (MB): peak = 1272.492 ; gain = 0.000
INFO: [Route 35-416] Intermediate Timing Summary | WNS=0.244  | TNS=0.000  | WHS=-1.707 | THS=-93.061|


Phase 6.1.2 Lut RouteThru Assignment for hold
Phase 6.1.2 Lut RouteThru Assignment for hold | Checksum: 10dff34a7

Time (s): cpu = 00:00:29 ; elapsed = 00:00:23 . Memory (MB): peak = 1472.754 ; gain = 200.262
Phase 6.1 Hold Fix Iter | Checksum: 10dff34a7

Time (s): cpu = 00:00:29 ; elapsed = 00:00:23 . Memory (MB): peak = 1472.754 ; gain = 200.262

Phase 6.2 Additional Hold Fix
INFO: [Route 35-416] Intermediate Timing Summary | WNS=0.244  | TNS=0.000  | WHS=-0.220 | THS=-0.220 |

Phase 6.2 Additional Hold Fix | Checksum: 1e3368af1

Time (s): cpu = 00:00:33 ; elapsed = 00:00:27 . Memory (MB): peak = 1472.754 ; gain = 200.262
Phase 6 Post Hold Fix | Checksum: 14a950db9

Time (s): cpu = 00:00:33 ; elapsed = 00:00:27 . Memory (MB): peak = 1472.754 ; gain = 200.262

Phase 7 Route finalize

Router Utilization Summary
  Global Vertical Routing Utilization    = 3.31926 %
  Global Horizontal Routing Utilization  = 3.38603 %
  Routable Net Status*
  *Does not include unroutable nets such as driverless and loadless.
  Run report_route_status for detailed report.
  Number of Failed Nets               = 0
  Number of Unrouted Nets             = 0
  Number of Partially Routed Nets     = 0
  Number of Node Overlaps             = 0

Phase 7 Route finalize | Checksum: 14347503c

Time (s): cpu = 00:00:34 ; elapsed = 00:00:27 . Memory (MB): peak = 1472.754 ; gain = 200.262

Phase 8 Verifying routed nets

 Verification completed successfully
Phase 8 Verifying routed nets | Checksum: 14347503c

Time (s): cpu = 00:00:34 ; elapsed = 00:00:27 . Memory (MB): peak = 1472.754 ; gain = 200.262

Phase 9 Depositing Routes
Phase 9 Depositing Routes | Checksum: 22b66c32b

Time (s): cpu = 00:00:34 ; elapsed = 00:00:28 . Memory (MB): peak = 1472.754 ; gain = 200.262

Phase 10 Post Router Timing

Phase 10.1 Update Timing
Phase 10.1 Update Timing | Checksum: 2785ea44e

Time (s): cpu = 00:00:34 ; elapsed = 00:00:28 . Memory (MB): peak = 1472.754 ; gain = 200.262
INFO: [Route 35-57] Estimated Timing Summary | WNS=0.244  | TNS=0.000  | WHS=0.050  | THS=0.000  |

INFO: [Route 35-327] The final timing numbers are based on the router estimated timing analysis. For a complete and accurate timing signoff, please run report_timing_summary.
Phase 10 Post Router Timing | Checksum: 2785ea44e

Time (s): cpu = 00:00:34 ; elapsed = 00:00:28 . Memory (MB): peak = 1472.754 ; gain = 200.262
INFO: [Route 35-16] Router Completed Successfully

Time (s): cpu = 00:00:34 ; elapsed = 00:00:28 . Memory (MB): peak = 1472.754 ; gain = 200.262

Routing Is Done.
INFO: [Common 17-83] Releasing license: Implementation
73 Infos, 2 Warnings, 0 Critical Warnings and 0 Errors encountered.
route_design completed successfully
route_design: Time (s): cpu = 00:00:37 ; elapsed = 00:00:30 . Memory (MB): peak = 1472.754 ; gain = 200.262
Writing placer database...
Writing XDEF routing.
Writing XDEF routing logical nets.
Writing XDEF routing special nets.
Write XDEF Complete: Time (s): cpu = 00:00:01 ; elapsed = 00:00:00.398 . Memory (MB): peak = 1472.754 ; gain = 0.000
INFO: [Common 17-1381] The checkpoint 'C:/Users/ASUS/Desktop/project_pl_ps/project_pl_ps.runs/impl_1/design_1_wrapper_routed.dcp' has been generated.
INFO: [runtcl-4] Executing : report_drc -file design_1_wrapper_drc_routed.rpt -pb design_1_wrapper_drc_routed.pb -rpx design_1_wrapper_drc_routed.rpx
Command: report_drc -file design_1_wrapper_drc_routed.rpt -pb design_1_wrapper_drc_routed.pb -rpx design_1_wrapper_drc_routed.rpx
INFO: [IP_Flow 19-1839] IP Catalog is up to date.
INFO: [DRC 23-27] Running DRC with 2 threads
INFO: [Coretcl 2-168] The results of DRC are in file C:/Users/ASUS/Desktop/project_pl_ps/project_pl_ps.runs/impl_1/design_1_wrapper_drc_routed.rpt.
report_drc completed successfully
INFO: [runtcl-4] Executing : report_methodology -file design_1_wrapper_methodology_drc_routed.rpt -pb design_1_wrapper_methodology_drc_routed.pb -rpx design_1_wrapper_methodology_drc_routed.rpx
Command: report_methodology -file design_1_wrapper_methodology_drc_routed.rpt -pb design_1_wrapper_methodology_drc_routed.pb -rpx design_1_wrapper_methodology_drc_routed.rpx
INFO: [Timing 38-35] Done setting XDC timing constraints.
INFO: [Timing 38-35] Done setting XDC timing constraints.
INFO: [DRC 23-133] Running Methodology with 2 threads
INFO: [Coretcl 2-1520] The results of Report Methodology are in file C:/Users/ASUS/Desktop/project_pl_ps/project_pl_ps.runs/impl_1/design_1_wrapper_methodology_drc_routed.rpt.
report_methodology completed successfully
INFO: [runtcl-4] Executing : report_power -file design_1_wrapper_power_routed.rpt -pb design_1_wrapper_power_summary_routed.pb -rpx design_1_wrapper_power_routed.rpx
Command: report_power -file design_1_wrapper_power_routed.rpt -pb design_1_wrapper_power_summary_routed.pb -rpx design_1_wrapper_power_routed.rpx
INFO: [Timing 38-35] Done setting XDC timing constraints.
Running Vector-less Activity Propagation...

Finished Running Vector-less Activity Propagation
85 Infos, 2 Warnings, 0 Critical Warnings and 0 Errors encountered.
report_power completed successfully
INFO: [runtcl-4] Executing : report_route_status -file design_1_wrapper_route_status.rpt -pb design_1_wrapper_route_status.pb
INFO: [runtcl-4] Executing : report_timing_summary -max_paths 10 -file design_1_wrapper_timing_summary_routed.rpt -rpx design_1_wrapper_timing_summary_routed.rpx -warn_on_violation 
INFO: [Timing 38-91] UpdateTimingParams: Speed grade: -1, Delay Type: min_max.
INFO: [Timing 38-191] Multithreading enabled for timing update using a maximum of 2 CPUs
INFO: [runtcl-4] Executing : report_incremental_reuse -file design_1_wrapper_incremental_reuse_routed.rpt
INFO: [Vivado_Tcl 4-545] No incremental reuse to report, no incremental placement and routing data was found.
INFO: [runtcl-4] Executing : report_clock_utilization -file design_1_wrapper_clock_utilization_routed.rpt
INFO: [Common 17-206] Exiting Vivado at Wed Apr 11 11:23:54 2018...

*** Running vivado
    with args -log design_1_wrapper.vdi -applog -m64 -product Vivado -messageDb vivado.pb -mode batch -source design_1_wrapper.tcl -notrace


****** Vivado v2017.4.1 (64-bit)
  **** SW Build 2117270 on Tue Jan 30 15:32:00 MST 2018
  **** IP Build 2095745 on Tue Jan 30 17:13:15 MST 2018
    ** Copyright 1986-2017 Xilinx, Inc. All Rights Reserved.

source design_1_wrapper.tcl -notrace
Command: open_checkpoint design_1_wrapper_routed.dcp

Starting open_checkpoint Task

Time (s): cpu = 00:00:00 ; elapsed = 00:00:00.056 . Memory (MB): peak = 227.863 ; gain = 0.000
INFO: [Netlist 29-17] Analyzing 137 Unisim elements for replacement
INFO: [Netlist 29-28] Unisim Transformation completed in 0 CPU seconds
INFO: [Project 1-479] Netlist was created with Vivado 2017.4.1
INFO: [Device 21-403] Loading part xc7z010clg400-1
INFO: [Project 1-570] Preparing netlist for logic optimization
Parsing XDC File [C:/Users/ASUS/Desktop/project_pl_ps/project_pl_ps.runs/impl_1/.Xil/Vivado-3736-ASUS/dcp1/design_1_wrapper_board.xdc]
Finished Parsing XDC File [C:/Users/ASUS/Desktop/project_pl_ps/project_pl_ps.runs/impl_1/.Xil/Vivado-3736-ASUS/dcp1/design_1_wrapper_board.xdc]
Parsing XDC File [C:/Users/ASUS/Desktop/project_pl_ps/project_pl_ps.runs/impl_1/.Xil/Vivado-3736-ASUS/dcp1/design_1_wrapper_early.xdc]
Finished Parsing XDC File [C:/Users/ASUS/Desktop/project_pl_ps/project_pl_ps.runs/impl_1/.Xil/Vivado-3736-ASUS/dcp1/design_1_wrapper_early.xdc]
Parsing XDC File [C:/Users/ASUS/Desktop/project_pl_ps/project_pl_ps.runs/impl_1/.Xil/Vivado-3736-ASUS/dcp1/design_1_wrapper_late.xdc]
Finished Parsing XDC File [C:/Users/ASUS/Desktop/project_pl_ps/project_pl_ps.runs/impl_1/.Xil/Vivado-3736-ASUS/dcp1/design_1_wrapper_late.xdc]
Reading XDEF placement.
Reading placer database...
Reading XDEF routing.
Read XDEF File: Time (s): cpu = 00:00:01 ; elapsed = 00:00:00.617 . Memory (MB): peak = 577.625 ; gain = 2.195
Restored from archive | CPU: 1.000000 secs | Memory: 0.000000 MB |
Finished XDEF File Restore: Time (s): cpu = 00:00:01 ; elapsed = 00:00:00.618 . Memory (MB): peak = 577.625 ; gain = 2.195
INFO: [Project 1-111] Unisim Transformation Summary:
  A total of 32 instances were transformed.
  RAM64M => RAM64M (RAMD64E, RAMD64E, RAMD64E, RAMD64E): 28 instances
  RAM64X1D => RAM64X1D (RAMD64E, RAMD64E): 4 instances

INFO: [Project 1-604] Checkpoint was created with Vivado v2017.4.1 (64-bit) build 2117270
open_checkpoint: Time (s): cpu = 00:00:10 ; elapsed = 00:00:13 . Memory (MB): peak = 577.891 ; gain = 351.223
Command: write_bitstream -force design_1_wrapper.bit
Attempting to get a license for feature 'Implementation' and/or device 'xc7z010'
INFO: [Common 17-349] Got license for feature 'Implementation' and/or device 'xc7z010'
Running DRC as a precondition to command write_bitstream
INFO: [IP_Flow 19-234] Refreshing IP repositories
INFO: [IP_Flow 19-1704] No user IP repositories specified
INFO: [IP_Flow 19-2313] Loaded Vivado IP repository 'C:/Xilinx/Vivado/2017.4/data/ip'.
INFO: [DRC 23-27] Running DRC with 2 threads
WARNING: [DRC DPIP-1] Input pipelining: DSP design_1_i/my_axis_int_matp_cnt_0/U0/dp_inst/mult_out input design_1_i/my_axis_int_matp_cnt_0/U0/dp_inst/mult_out/A[29:0] is not pipelined. Pipelining DSP48 input will improve performance.
WARNING: [DRC DPIP-1] Input pipelining: DSP design_1_i/my_axis_int_matp_cnt_0/U0/dp_inst/mult_out__0 input design_1_i/my_axis_int_matp_cnt_0/U0/dp_inst/mult_out__0/B[17:0] is not pipelined. Pipelining DSP48 input will improve performance.
WARNING: [DRC DPIP-1] Input pipelining: DSP design_1_i/my_axis_int_matp_cnt_0/U0/dp_inst/regM_reg__0 input design_1_i/my_axis_int_matp_cnt_0/U0/dp_inst/regM_reg__0/B[17:0] is not pipelined. Pipelining DSP48 input will improve performance.
WARNING: [DRC DPOP-1] PREG Output pipelining: DSP design_1_i/my_axis_int_matp_cnt_0/U0/dp_inst/mult_out__0 output design_1_i/my_axis_int_matp_cnt_0/U0/dp_inst/mult_out__0/P[47:0] is not pipelined (PREG=0). Pipelining the DSP48 output will improve performance and often saves power so it is suggested whenever possible to fully pipeline this function.  If this DSP48 function was inferred, it is suggested to describe an additional register stage after this function.  If the DSP48 was instantiated in the design, it is suggested to set the PREG attribute to 1.
WARNING: [DRC DPOP-2] MREG Output pipelining: DSP design_1_i/my_axis_int_matp_cnt_0/U0/dp_inst/mult_out multiplier stage design_1_i/my_axis_int_matp_cnt_0/U0/dp_inst/mult_out/P[47:0] is not pipelined (MREG=0). Pipelining the multiplier function will improve performance and will save significant power so it is suggested whenever possible to fully pipeline this function.  If this multiplier was inferred, it is suggested to describe an additional register stage after this function.  If there is no registered adder/accumulator following the multiply function, two pipeline stages are suggested to allow both the MREG and PREG registers to be used.  If the DSP48 was instantiated in the design, it is suggested to set both the MREG and PREG attributes to 1 when performing multiply functions.
WARNING: [DRC DPOP-2] MREG Output pipelining: DSP design_1_i/my_axis_int_matp_cnt_0/U0/dp_inst/mult_out__0 multiplier stage design_1_i/my_axis_int_matp_cnt_0/U0/dp_inst/mult_out__0/P[47:0] is not pipelined (MREG=0). Pipelining the multiplier function will improve performance and will save significant power so it is suggested whenever possible to fully pipeline this function.  If this multiplier was inferred, it is suggested to describe an additional register stage after this function.  If there is no registered adder/accumulator following the multiply function, two pipeline stages are suggested to allow both the MREG and PREG registers to be used.  If the DSP48 was instantiated in the design, it is suggested to set both the MREG and PREG attributes to 1 when performing multiply functions.
WARNING: [DRC DPOP-2] MREG Output pipelining: DSP design_1_i/my_axis_int_matp_cnt_0/U0/dp_inst/regM_reg__0 multiplier stage design_1_i/my_axis_int_matp_cnt_0/U0/dp_inst/regM_reg__0/P[47:0] is not pipelined (MREG=0). Pipelining the multiplier function will improve performance and will save significant power so it is suggested whenever possible to fully pipeline this function.  If this multiplier was inferred, it is suggested to describe an additional register stage after this function.  If there is no registered adder/accumulator following the multiply function, two pipeline stages are suggested to allow both the MREG and PREG registers to be used.  If the DSP48 was instantiated in the design, it is suggested to set both the MREG and PREG attributes to 1 when performing multiply functions.
WARNING: [DRC RTSTAT-10] No routable loads: 17 net(s) have no routable loads. The problem bus(es) and/or net(s) are design_1_i/axi_fifo_mm_s_0/U0/COMP_IPIC2AXI_S/grxd.COMP_RX_FIFO/gfifo_gen.COMP_AXIS_FG_FIFO/COMP_FIFO/inst_fifo_gen/gaxis_fifo.gaxisf.axisf/grf.rf/gntv_or_sync_fifo.gl0.wr/gwss.wsts/ENA_I, design_1_i/axi_fifo_mm_s_0/U0/COMP_IPIC2AXI_S/gtxd.COMP_TXD_FIFO/gfifo_gen.COMP_AXIS_FG_FIFO/COMP_FIFO/inst_fifo_gen/gaxis_fifo.gaxisf.axisf/grf.rf/gntv_or_sync_fifo.gl0.rd/gr1.gr1_int.rfwft/aempty_fwft_i, design_1_i/axi_fifo_mm_s_0/U0/COMP_IPIC2AXI_S/grxd.COMP_RX_FIFO/gfifo_gen.COMP_AXIS_FG_FIFO/COMP_FIFO/inst_fifo_gen/gaxis_fifo.gaxisf.axisf/grf.rf/gntv_or_sync_fifo.gl0.rd/gr1.gr1_int.rfwft/aempty_fwft_i, design_1_i/axi_fifo_mm_s_0/U0/COMP_IPIC2AXI_S/grxd.COMP_rx_len_fifo/legacy_fifo_instance.FAMILY_SUPPORTED.I_SYNC_FIFO_BRAM/inst_fifo_gen/gconvfifo.rf/grf.rf/gntv_or_sync_fifo.gl0.rd/gr1.gr1_int.rfwft/aempty_fwft_i, design_1_i/axi_fifo_mm_s_0/U0/COMP_IPIC2AXI_S/grxd.COMP_RX_FIFO/gfifo_gen.COMP_AXIS_FG_FIFO/COMP_FIFO/inst_fifo_gen/gaxis_fifo.gaxisf.axisf/grf.rf/gntv_or_sync_fifo.gl0.rd/gr1.gr1_int.rfwft/empty_fwft_i, design_1_i/axi_fifo_mm_s_0/U0/COMP_IPIC2AXI_S/gtxd.COMP_TXD_FIFO/gfifo_gen.COMP_AXIS_FG_FIFO/COMP_FIFO/inst_fifo_gen/gaxis_fifo.gaxisf.axisf/grf.rf/gntv_or_sync_fifo.gl0.wr/gwss.wsts/ram_afull_fb, design_1_i/axi_fifo_mm_s_0/U0/COMP_IPIC2AXI_S/grxd.COMP_RX_FIFO/gfifo_gen.COMP_AXIS_FG_FIFO/COMP_FIFO/inst_fifo_gen/gaxis_fifo.gaxisf.axisf/grf.rf/gntv_or_sync_fifo.gl0.wr/gwss.wsts/ram_afull_fb, design_1_i/axi_fifo_mm_s_0/U0/COMP_IPIC2AXI_S/grxd.COMP_rx_len_fifo/legacy_fifo_instance.FAMILY_SUPPORTED.I_SYNC_FIFO_BRAM/inst_fifo_gen/gconvfifo.rf/grf.rf/gntv_or_sync_fifo.gl0.wr/gwss.wsts/ram_afull_fb, design_1_i/axi_fifo_mm_s_0/U0/COMP_IPIC2AXI_S/grxd.COMP_RX_FIFO/gfifo_gen.COMP_AXIS_FG_FIFO/COMP_FIFO/inst_fifo_gen/gaxis_fifo.gaxisf.axisf/grf.rf/gntv_or_sync_fifo.gl0.wr/gwss.wsts/ram_afull_i, design_1_i/axi_fifo_mm_s_0/U0/COMP_IPIC2AXI_S/grxd.COMP_rx_len_fifo/legacy_fifo_instance.FAMILY_SUPPORTED.I_SYNC_FIFO_BRAM/inst_fifo_gen/gconvfifo.rf/grf.rf/gntv_or_sync_fifo.gl0.wr/gwss.wsts/ram_afull_i, design_1_i/axi_fifo_mm_s_0/U0/COMP_IPIC2AXI_S/gtxd.COMP_TXD_FIFO/gfifo_gen.COMP_AXIS_FG_FIFO/COMP_FIFO/inst_fifo_gen/gaxis_fifo.gaxisf.axisf/grf.rf/gntv_or_sync_fifo.gl0.rd/grss.rsts/ram_empty_i, design_1_i/axi_fifo_mm_s_0/U0/COMP_IPIC2AXI_S/grxd.COMP_RX_FIFO/gfifo_gen.COMP_AXIS_FG_FIFO/COMP_FIFO/inst_fifo_gen/gaxis_fifo.gaxisf.axisf/grf.rf/gntv_or_sync_fifo.gl0.rd/grss.rsts/ram_empty_i, design_1_i/axi_fifo_mm_s_0/U0/COMP_IPIC2AXI_S/grxd.COMP_rx_len_fifo/legacy_fifo_instance.FAMILY_SUPPORTED.I_SYNC_FIFO_BRAM/inst_fifo_gen/gconvfifo.rf/grf.rf/gntv_or_sync_fifo.gl0.rd/grss.rsts/ram_empty_i, design_1_i/axi_fifo_mm_s_0/U0/COMP_IPIC2AXI_S/gtxd.COMP_TXD_FIFO/gfifo_gen.COMP_AXIS_FG_FIFO/COMP_FIFO/inst_fifo_gen/gaxis_fifo.gaxisf.axisf/grf.rf/gntv_or_sync_fifo.gl0.wr/gwss.wsts/ram_full_i, design_1_i/axi_fifo_mm_s_0/U0/COMP_IPIC2AXI_S/grxd.COMP_rx_len_fifo/legacy_fifo_instance.FAMILY_SUPPORTED.I_SYNC_FIFO_BRAM/inst_fifo_gen/gconvfifo.rf/grf.rf/gntv_or_sync_fifo.gl0.wr/gwss.wsts/ram_full_i... and (the first 15 of 17 listed).
INFO: [Vivado 12-3199] DRC finished with 0 Errors, 8 Warnings
INFO: [Vivado 12-3200] Please refer to the DRC report (report_drc) for more information.
INFO: [Project 1-821] Please set project.enableDesignId to be 'true'.
INFO: [Designutils 20-2272] Running write_bitstream with 2 threads.
Loading data files...
Loading site data...
Loading route data...
Processing options...
Creating bitmap...
Creating bitstream...
Writing bitstream ./design_1_wrapper.bit...
INFO: [Vivado 12-1842] Bitgen Completed Successfully.
INFO: [Project 1-120] WebTalk data collection is mandatory when using a WebPACK part without a full Vivado license. To see the specific WebTalk data collected for your design, open the usage_statistics_webtalk.html or usage_statistics_webtalk.xml file in the implementation directory.
INFO: [Common 17-186] 'C:/Users/ASUS/Desktop/project_pl_ps/project_pl_ps.runs/impl_1/usage_statistics_webtalk.xml' has been successfully sent to Xilinx on Wed Apr 11 11:25:07 2018. For additional details about this file, please refer to the WebTalk help file at C:/Xilinx/Vivado/2017.4/doc/webtalk_introduction.html.
INFO: [Common 17-83] Releasing license: Implementation
20 Infos, 8 Warnings, 0 Critical Warnings and 0 Errors encountered.
write_bitstream completed successfully
write_bitstream: Time (s): cpu = 00:00:20 ; elapsed = 00:00:21 . Memory (MB): peak = 1033.680 ; gain = 455.789
INFO: [Common 17-206] Exiting Vivado at Wed Apr 11 11:25:08 2018...
