Vivado Simulator 2017.4
Copyright 1986-1999, 2001-2016 Xilinx, Inc. All Rights Reserved.
Running: D:/Xilinx/Vivado/2017.4/bin/unwrapped/win64.o/xelab.exe -wto ea28e54f35d84307851feca92d9e7562 --incr --debug typical --relax --mt 2 -L blk_mem_gen_v8_4_1 -L xil_defaultlib -L xbip_utils_v3_0_8 -L axi_utils_v2_0_4 -L xbip_pipe_v3_0_4 -L xbip_dsp48_wrapper_v3_0_4 -L xbip_dsp48_addsub_v3_0_4 -L xbip_dsp48_multadd_v3_0_4 -L xbip_bram18k_v3_0_4 -L mult_gen_v12_0_13 -L floating_point_v7_1_5 -L unisims_ver -L unimacro_ver -L secureip -L xpm --snapshot tb_float_mats_behav xil_defaultlib.tb_float_mats xil_defaultlib.glbl -log elaborate.log 
Using 2 slave threads.
Starting static elaboration
WARNING: [VRFC 10-1783] select index 62 into current_contents is out of bounds [/wrk/2017.4/nightly/2017_12_15_2086221/packages/customer/vivado/data/ip/xilinx/blk_mem_gen_v8_4/simulation/blk_mem_gen_v8_4.v:2420]
Completed static elaboration
Starting simulation data flow analysis
Completed simulation data flow analysis
Time Resolution for simulation is 1ps
Compiling package std.standard
Compiling package std.textio
Compiling package ieee.std_logic_1164
Compiling package ieee.numeric_std
Compiling package ieee_proposed.fixed_float_types
Compiling package ieee_proposed.fixed_pkg
Compiling package ieee.math_real
Compiling package ieee_proposed.float_pkg
Compiling package floating_point_v7_1_5.floating_point_v7_1_5_viv_comp
Compiling package xbip_utils_v3_0_8.xbip_utils_v3_0_8_pkg
Compiling package axi_utils_v2_0_4.axi_utils_v2_0_4_pkg
Compiling package floating_point_v7_1_5.floating_point_v7_1_5_consts
Compiling package floating_point_v7_1_5.floating_point_v7_1_5_exp_table_...
Compiling package mult_gen_v12_0_13.mult_gen_v12_0_13_pkg
Compiling package ieee.std_logic_arith
Compiling package ieee.std_logic_signed
Compiling package floating_point_v7_1_5.floating_point_v7_1_5_pkg
Compiling package floating_point_v7_1_5.flt_utils
Compiling package xbip_pipe_v3_0_4.xbip_pipe_v3_0_4_viv_comp
Compiling package unisim.vcomponents
Compiling package mult_gen_v12_0_13.dsp_pkg
Compiling package ieee.vital_timing
Compiling package ieee.vital_primitives
Compiling package unisim.vpkg
Compiling package vl.vl_types
Compiling module xil_defaultlib.glbl
Compiling architecture synth of entity xbip_pipe_v3_0_4.xbip_pipe_v3_0_4_viv [\xbip_pipe_v3_0_4_viv(c_latency=...]
Compiling architecture rtl of entity floating_point_v7_1_5.delay [\delay(length=2)\]
Compiling architecture synth of entity xbip_pipe_v3_0_4.xbip_pipe_v3_0_4_viv [\xbip_pipe_v3_0_4_viv(c_has_ce=1...]
Compiling architecture rtl of entity floating_point_v7_1_5.delay [\delay(width=26,length=0,fast_in...]
Compiling architecture synth of entity xbip_pipe_v3_0_4.xbip_pipe_v3_0_4_viv [\xbip_pipe_v3_0_4_viv(c_has_ce=1...]
Compiling architecture rtl of entity floating_point_v7_1_5.delay [\delay(width=2,length=0,fast_inp...]
Compiling architecture xilinx of entity mult_gen_v12_0_13.delay_line [\delay_line(c_xdevicefamily="zyn...]
Compiling architecture xilinx of entity mult_gen_v12_0_13.delay_line [\delay_line(c_xdevicefamily="zyn...]
Compiling architecture xilinx of entity mult_gen_v12_0_13.delay_line [\delay_line(c_xdevicefamily="zyn...]
Compiling architecture xilinx of entity mult_gen_v12_0_13.delay_line [\delay_line(c_xdevicefamily="zyn...]
Compiling architecture dsp48e1_v of entity unisim.DSP48E1 [\DSP48E1(acascreg=0,alumodereg=0...]
Compiling architecture xilinx of entity mult_gen_v12_0_13.delay_line [\delay_line(c_xdevicefamily="zyn...]
Compiling architecture dsp48e1_v of entity unisim.DSP48E1 [\DSP48E1(acascreg=0,alumodereg=0...]
Compiling architecture xilinx of entity mult_gen_v12_0_13.delay_line [\delay_line(c_xdevicefamily="zyn...]
Compiling architecture xilinx of entity mult_gen_v12_0_13.delay_line [\delay_line(c_xdevicefamily="zyn...]
Compiling architecture xilinx of entity mult_gen_v12_0_13.op_resize [\op_resize(ai_width=24,bi_width=...]
Compiling architecture xilinx of entity mult_gen_v12_0_13.dsp [\dsp(c_xdevicefamily="zynq",c_a_...]
Compiling architecture xilinx of entity mult_gen_v12_0_13.mult_gen_v12_0_13_viv [\mult_gen_v12_0_13_viv(c_verbosi...]
Compiling architecture rtl of entity floating_point_v7_1_5.fix_mult_xx [\fix_mult_xx(c_xdevicefamily="zy...]
Compiling architecture rtl of entity floating_point_v7_1_5.fix_mult [\fix_mult(c_xdevicefamily="zynq"...]
Compiling architecture muxcy_v of entity unisim.MUXCY [muxcy_default]
Compiling architecture xorcy_v of entity unisim.XORCY [xorcy_default]
Compiling architecture synth of entity xbip_pipe_v3_0_4.xbip_pipe_v3_0_4_viv [\xbip_pipe_v3_0_4_viv(c_has_ce=1...]
Compiling architecture rtl of entity floating_point_v7_1_5.delay [\delay(width=8,length=0,fast_inp...]
Compiling architecture struct of entity floating_point_v7_1_5.carry_chain [\carry_chain(c_xdevicefamily="zy...]
Compiling architecture synth of entity xbip_pipe_v3_0_4.xbip_pipe_v3_0_4_viv [\xbip_pipe_v3_0_4_viv(c_has_ce=1...]
Compiling architecture rtl of entity floating_point_v7_1_5.delay [\delay(width=32,length=0)\]
Compiling architecture synth of entity xbip_pipe_v3_0_4.xbip_pipe_v3_0_4_viv [\xbip_pipe_v3_0_4_viv(c_has_ce=1...]
Compiling architecture rtl of entity floating_point_v7_1_5.delay [\delay(width=4,length=0)\]
Compiling architecture struct of entity floating_point_v7_1_5.carry_chain [\carry_chain(c_xdevicefamily="zy...]
Compiling architecture synth of entity floating_point_v7_1_5.compare_eq_im [\compare_eq_im(c_xdevicefamily="...]
Compiling architecture synth of entity xbip_pipe_v3_0_4.xbip_pipe_v3_0_4_viv [\xbip_pipe_v3_0_4_viv(c_has_ce=1...]
Compiling architecture rtl of entity floating_point_v7_1_5.delay [\delay(length=0,fast_input=true)...]
Compiling architecture rtl of entity floating_point_v7_1_5.special_detect [\special_detect(c_xdevicefamily=...]
Compiling architecture synth of entity xbip_pipe_v3_0_4.xbip_pipe_v3_0_4_viv [\xbip_pipe_v3_0_4_viv(c_has_ce=1...]
Compiling architecture rtl of entity floating_point_v7_1_5.delay [\delay(length=0)\]
Compiling architecture synth of entity xbip_pipe_v3_0_4.xbip_pipe_v3_0_4_viv [\xbip_pipe_v3_0_4_viv(c_latency=...]
Compiling architecture rtl of entity floating_point_v7_1_5.delay [delay_default]
Compiling architecture synth of entity xbip_pipe_v3_0_4.xbip_pipe_v3_0_4_viv [\xbip_pipe_v3_0_4_viv(c_latency=...]
Compiling architecture rtl of entity floating_point_v7_1_5.delay [\delay(width=2,fast_input=true)\]
Compiling architecture synth of entity xbip_pipe_v3_0_4.xbip_pipe_v3_0_4_viv [\xbip_pipe_v3_0_4_viv(c_latency=...]
Compiling architecture rtl of entity floating_point_v7_1_5.delay [\delay(fast_input=true)\]
Compiling architecture synth of entity xbip_pipe_v3_0_4.xbip_pipe_v3_0_4_viv [\xbip_pipe_v3_0_4_viv(c_latency=...]
Compiling architecture rtl of entity floating_point_v7_1_5.delay [\delay(width=4,fast_input=true)\]
Compiling architecture synth of entity xbip_pipe_v3_0_4.xbip_pipe_v3_0_4_viv [\xbip_pipe_v3_0_4_viv(c_latency=...]
Compiling architecture rtl of entity floating_point_v7_1_5.delay [\delay(width=8)\]
Compiling architecture synth of entity xbip_pipe_v3_0_4.xbip_pipe_v3_0_4_viv [\xbip_pipe_v3_0_4_viv(c_has_ce=1...]
Compiling architecture rtl of entity floating_point_v7_1_5.delay [\delay(width=3,length=0,fast_inp...]
Compiling architecture synth of entity xbip_pipe_v3_0_4.xbip_pipe_v3_0_4_viv [\xbip_pipe_v3_0_4_viv(c_has_ce=1...]
Compiling architecture rtl of entity floating_point_v7_1_5.delay [\delay(width=4,length=0,fast_inp...]
Compiling architecture synth of entity xbip_pipe_v3_0_4.xbip_pipe_v3_0_4_viv [\xbip_pipe_v3_0_4_viv(c_has_ce=1...]
Compiling architecture rtl of entity floating_point_v7_1_5.delay [\delay(width=14,length=0)\]
Compiling architecture rtl of entity floating_point_v7_1_5.flt_mult_exp [\flt_mult_exp(c_xdevicefamily="z...]
Compiling architecture synth of entity xbip_pipe_v3_0_4.xbip_pipe_v3_0_4_viv [\xbip_pipe_v3_0_4_viv(c_has_ce=1...]
Compiling architecture rtl of entity floating_point_v7_1_5.delay [\delay(width=8,length=0)\]
Compiling architecture synth of entity xbip_pipe_v3_0_4.xbip_pipe_v3_0_4_viv [\xbip_pipe_v3_0_4_viv(c_has_ce=1...]
Compiling architecture rtl of entity floating_point_v7_1_5.delay [\delay(width=12,length=0,fast_in...]
Compiling architecture struct of entity floating_point_v7_1_5.carry_chain [\carry_chain(c_xdevicefamily="zy...]
Compiling architecture struct of entity floating_point_v7_1_5.carry_chain [\carry_chain(c_xdevicefamily="zy...]
Compiling architecture synth of entity xbip_pipe_v3_0_4.xbip_pipe_v3_0_4_viv [\xbip_pipe_v3_0_4_viv(c_has_ce=1...]
Compiling architecture rtl of entity floating_point_v7_1_5.delay [\delay(width=25,length=0,fast_in...]
Compiling architecture synth of entity xbip_pipe_v3_0_4.xbip_pipe_v3_0_4_viv [\xbip_pipe_v3_0_4_viv(c_has_ce=1...]
Compiling architecture rtl of entity floating_point_v7_1_5.delay [\delay(width=3,length=0)\]
Compiling architecture synth of entity xbip_pipe_v3_0_4.xbip_pipe_v3_0_4_viv [\xbip_pipe_v3_0_4_viv(c_has_ce=1...]
Compiling architecture rtl of entity floating_point_v7_1_5.delay [\delay(width=2,length=0)\]
Compiling architecture struct of entity floating_point_v7_1_5.carry_chain [\carry_chain(c_xdevicefamily="zy...]
Compiling architecture rtl of entity floating_point_v7_1_5.flt_round_bit [\flt_round_bit(c_xdevicefamily="...]
Compiling architecture rtl of entity floating_point_v7_1_5.renorm_and_round_logic [\renorm_and_round_logic(c_xdevic...]
Compiling architecture rtl of entity floating_point_v7_1_5.flt_mult_round [\flt_mult_round(c_xdevicefamily=...]
Compiling architecture synth of entity floating_point_v7_1_5.flt_dec_op_lat [\flt_dec_op_lat(c_xdevicefamily=...]
Compiling architecture rtl of entity floating_point_v7_1_5.flt_mult [\flt_mult(c_xdevicefamily="zynq"...]
Compiling architecture synth of entity xbip_pipe_v3_0_4.xbip_pipe_v3_0_4_viv [\xbip_pipe_v3_0_4_viv(c_latency=...]
Compiling architecture xilinx of entity floating_point_v7_1_5.floating_point_v7_1_5_viv [\floating_point_v7_1_5_viv(c_xde...]
Compiling architecture xilinx of entity floating_point_v7_1_5.floating_point_v7_1_5 [\floating_point_v7_1_5(c_xdevice...]
Compiling architecture floating_point_mult_0_arch of entity xil_defaultlib.floating_point_mult_0 [floating_point_mult_0_default]
Compiling architecture synth of entity xbip_pipe_v3_0_4.xbip_pipe_v3_0_4_viv [\xbip_pipe_v3_0_4_viv(c_latency=...]
Compiling architecture rtl of entity floating_point_v7_1_5.delay [\delay(length=5)\]
Compiling architecture synth of entity xbip_pipe_v3_0_4.xbip_pipe_v3_0_4_viv [\xbip_pipe_v3_0_4_viv(c_has_ce=1...]
Compiling architecture rtl of entity floating_point_v7_1_5.delay [\delay(width=48,length=0)\]
Compiling architecture synth of entity xbip_pipe_v3_0_4.xbip_pipe_v3_0_4_viv [\xbip_pipe_v3_0_4_viv(c_has_ce=1...]
Compiling architecture rtl of entity floating_point_v7_1_5.delay [\delay(width=7,length=0)\]
Compiling architecture synth of entity xbip_pipe_v3_0_4.xbip_pipe_v3_0_4_viv [\xbip_pipe_v3_0_4_viv(c_has_ce=1...]
Compiling architecture rtl of entity floating_point_v7_1_5.delay [\delay(width=30,length=0)\]
Compiling architecture synth of entity xbip_pipe_v3_0_4.xbip_pipe_v3_0_4_viv [\xbip_pipe_v3_0_4_viv(c_has_ce=1...]
Compiling architecture rtl of entity floating_point_v7_1_5.delay [\delay(width=18,length=0)\]
Compiling architecture dsp48e1_v of entity unisim.DSP48E1 [\DSP48E1(adreg=0,alumodereg=0,ca...]
Compiling architecture rtl of entity floating_point_v7_1_5.dsp48e1_wrapper [\dsp48e1_wrapper(a_width=30,b_wi...]
Compiling architecture fdre_v of entity unisim.FDRE [fdre_default]
Compiling architecture fde_v of entity unisim.FDE [fde_default]
Compiling architecture struct of entity floating_point_v7_1_5.carry_chain [\carry_chain(c_xdevicefamily="zy...]
Compiling architecture synth of entity floating_point_v7_1_5.compare_eq_im [\compare_eq_im(c_xdevicefamily="...]
Compiling architecture struct of entity floating_point_v7_1_5.carry_chain [\carry_chain(c_xdevicefamily="zy...]
Compiling architecture struct of entity floating_point_v7_1_5.carry_chain [\carry_chain(c_xdevicefamily="zy...]
Compiling architecture synth of entity xbip_pipe_v3_0_4.xbip_pipe_v3_0_4_viv [\xbip_pipe_v3_0_4_viv(c_has_ce=1...]
Compiling architecture rtl of entity floating_point_v7_1_5.delay [\delay(width=6,length=0)\]
Compiling architecture synth of entity xbip_pipe_v3_0_4.xbip_pipe_v3_0_4_viv [\xbip_pipe_v3_0_4_viv(c_has_ce=1...]
Compiling architecture rtl of entity floating_point_v7_1_5.delay [\delay(width=12,length=0)\]
Compiling architecture rtl of entity floating_point_v7_1_5.flt_accum_bit_encode [\flt_accum_bit_encode(c_xdevicef...]
Compiling architecture struct of entity floating_point_v7_1_5.carry_chain [\carry_chain(c_xdevicefamily="zy...]
Compiling architecture struct of entity floating_point_v7_1_5.carry_chain [\carry_chain(c_xdevicefamily="zy...]
Compiling architecture struct of entity floating_point_v7_1_5.carry_chain [\carry_chain(c_xdevicefamily="zy...]
Compiling architecture synth of entity xbip_pipe_v3_0_4.xbip_pipe_v3_0_4_viv [\xbip_pipe_v3_0_4_viv(c_latency=...]
Compiling architecture rtl of entity floating_point_v7_1_5.delay [\delay(width=2)\]
Compiling architecture rtl of entity floating_point_v7_1_5.flt_accum_bit_encode [\flt_accum_bit_encode(c_xdevicef...]
Compiling architecture synth of entity xbip_pipe_v3_0_4.xbip_pipe_v3_0_4_viv [\xbip_pipe_v3_0_4_viv(c_latency=...]
Compiling architecture rtl of entity floating_point_v7_1_5.delay [\delay(width=48)\]
Compiling architecture synth of entity xbip_pipe_v3_0_4.xbip_pipe_v3_0_4_viv [\xbip_pipe_v3_0_4_viv(c_has_ce=1...]
Compiling architecture rtl of entity floating_point_v7_1_5.delay [\delay(width=16,length=0)\]
Compiling architecture dsp48e1_v of entity unisim.DSP48E1 [\DSP48E1(acascreg=0,adreg=0,alum...]
Compiling architecture rtl of entity floating_point_v7_1_5.dsp48e1_wrapper [\dsp48e1_wrapper(a_width=30,b_wi...]
Compiling architecture synth of entity floating_point_v7_1_5.compare_eq_im [\compare_eq_im(c_xdevicefamily="...]
Compiling architecture synth of entity xbip_pipe_v3_0_4.xbip_pipe_v3_0_4_viv [\xbip_pipe_v3_0_4_viv(c_latency=...]
Compiling architecture rtl of entity floating_point_v7_1_5.delay [\delay(width=4)\]
Compiling architecture struct of entity floating_point_v7_1_5.carry_chain [\carry_chain(c_xdevicefamily="zy...]
Compiling architecture synth of entity floating_point_v7_1_5.compare_eq [\compare_eq(c_xdevicefamily="zyn...]
Compiling architecture struct of entity floating_point_v7_1_5.carry_chain [\carry_chain(c_xdevicefamily="zy...]
Compiling architecture synth of entity floating_point_v7_1_5.compare_gt [\compare_gt(c_xdevicefamily="zyn...]
Compiling architecture synth of entity xbip_pipe_v3_0_4.xbip_pipe_v3_0_4_viv [\xbip_pipe_v3_0_4_viv(c_latency=...]
Compiling architecture rtl of entity floating_point_v7_1_5.delay [\delay(length=4,fast_input=true)...]
Compiling architecture rtl of entity floating_point_v7_1_5.special_detect [\special_detect(c_xdevicefamily=...]
Compiling architecture synth of entity xbip_pipe_v3_0_4.xbip_pipe_v3_0_4_viv [\xbip_pipe_v3_0_4_viv(c_latency=...]
Compiling architecture rtl of entity floating_point_v7_1_5.delay [\delay(length=4)\]
Compiling architecture synth of entity xbip_pipe_v3_0_4.xbip_pipe_v3_0_4_viv [\xbip_pipe_v3_0_4_viv(c_has_ce=1...]
Compiling architecture rtl of entity floating_point_v7_1_5.delay [\delay(width=23,length=0)\]
Compiling architecture struct of entity floating_point_v7_1_5.carry_chain [\carry_chain(c_xdevicefamily="ki...]
Compiling architecture synth of entity floating_point_v7_1_5.compare_eq_im [\compare_eq_im(c_xdevicefamily="...]
Compiling architecture rtl of entity floating_point_v7_1_5.special_detect [\special_detect(a_fw=24,op_delay...]
Compiling architecture synth of entity xbip_pipe_v3_0_4.xbip_pipe_v3_0_4_viv [\xbip_pipe_v3_0_4_viv(c_has_ce=1...]
Compiling architecture rtl of entity floating_point_v7_1_5.delay [\delay(width=10,length=0)\]
Compiling architecture rtl of entity floating_point_v7_1_5.delay_s [\delay_s(width=10,length=0)\]
Compiling architecture synth of entity xbip_pipe_v3_0_4.xbip_pipe_v3_0_4_viv [\xbip_pipe_v3_0_4_viv(c_has_ce=1...]
Compiling architecture rtl of entity floating_point_v7_1_5.delay [\delay(width=64,length=0)\]
Compiling architecture synth of entity xbip_pipe_v3_0_4.xbip_pipe_v3_0_4_viv [\xbip_pipe_v3_0_4_viv(c_latency=...]
Compiling architecture rtl of entity floating_point_v7_1_5.delay [\delay(width=64)\]
Compiling architecture rtl of entity floating_point_v7_1_5.shift_msb_first [\shift_msb_first(a_width=24,resu...]
Compiling architecture synth of entity floating_point_v7_1_5.flt_accum_flt_to_fix [\flt_accum_flt_to_fix(c_xdevicef...]
Compiling architecture synth of entity xbip_pipe_v3_0_4.xbip_pipe_v3_0_4_viv [\xbip_pipe_v3_0_4_viv(c_latency=...]
Compiling architecture rtl of entity floating_point_v7_1_5.delay [\delay(length=3)\]
Compiling architecture synth of entity xbip_pipe_v3_0_4.xbip_pipe_v3_0_4_viv [\xbip_pipe_v3_0_4_viv(c_latency=...]
Compiling architecture rtl of entity floating_point_v7_1_5.delay [\delay(width=3)\]
Compiling architecture struct of entity floating_point_v7_1_5.carry_chain [\carry_chain(c_xdevicefamily="zy...]
Compiling architecture synth of entity xbip_pipe_v3_0_4.xbip_pipe_v3_0_4_viv [\xbip_pipe_v3_0_4_viv(c_has_ce=1...]
Compiling architecture rtl of entity floating_point_v7_1_5.delay [\delay(width=5,length=0,fast_inp...]
Compiling architecture struct of entity floating_point_v7_1_5.carry_chain [\carry_chain(c_xdevicefamily="zy...]
Compiling architecture synth of entity xbip_pipe_v3_0_4.xbip_pipe_v3_0_4_viv [\xbip_pipe_v3_0_4_viv(c_has_ce=1...]
Compiling architecture rtl of entity floating_point_v7_1_5.delay [\delay(width=5,length=0)\]
Compiling architecture rtl of entity floating_point_v7_1_5.flt_accum_bit_encode [\flt_accum_bit_encode(c_xdevicef...]
Compiling architecture struct of entity floating_point_v7_1_5.carry_chain [\carry_chain(c_xdevicefamily="zy...]
Compiling architecture struct of entity floating_point_v7_1_5.carry_chain [\carry_chain(c_xdevicefamily="zy...]
Compiling architecture rtl of entity floating_point_v7_1_5.flt_accum_bit_encode [\flt_accum_bit_encode(c_xdevicef...]
Compiling architecture synth of entity xbip_pipe_v3_0_4.xbip_pipe_v3_0_4_viv [\xbip_pipe_v3_0_4_viv(c_latency=...]
Compiling architecture rtl of entity floating_point_v7_1_5.delay [\delay(width=65)\]
Compiling architecture synth of entity xbip_pipe_v3_0_4.xbip_pipe_v3_0_4_viv [\xbip_pipe_v3_0_4_viv(c_has_ce=1...]
Compiling architecture rtl of entity floating_point_v7_1_5.delay [\delay(width=65,length=0)\]
Compiling architecture rtl of entity floating_point_v7_1_5.shift_msb_first [\shift_msb_first(a_width=65,resu...]
Compiling architecture lut4_v of entity unisim.LUT4 [\LUT4(init="1100110010010110")(0...]
Compiling architecture lut4_v of entity unisim.LUT4 [\LUT4(init="1100110000111100")(0...]
Compiling architecture synth of entity floating_point_v7_1_5.flt_log_addsub [\flt_log_addsub(c_xdevicefamily=...]
Compiling architecture synth of entity xbip_pipe_v3_0_4.xbip_pipe_v3_0_4_viv [\xbip_pipe_v3_0_4_viv(c_has_ce=1...]
Compiling architecture rtl of entity floating_point_v7_1_5.delay [\delay(width=9,length=0,fast_inp...]
Compiling architecture synth of entity floating_point_v7_1_5.flt_log_addsub [\flt_log_addsub(c_xdevicefamily=...]
Compiling architecture synth of entity xbip_pipe_v3_0_4.xbip_pipe_v3_0_4_viv [\xbip_pipe_v3_0_4_viv(c_has_ce=1...]
Compiling architecture rtl of entity floating_point_v7_1_5.delay [\delay(width=9,length=0)\]
Compiling architecture struct of entity floating_point_v7_1_5.carry_chain [\carry_chain(c_xdevicefamily="zy...]
Compiling architecture synth of entity floating_point_v7_1_5.compare_eq_im [\compare_eq_im(c_xdevicefamily="...]
Compiling architecture synth of entity xbip_pipe_v3_0_4.xbip_pipe_v3_0_4_viv [\xbip_pipe_v3_0_4_viv(c_has_ce=1...]
Compiling architecture rtl of entity floating_point_v7_1_5.delay [\delay(width=25,length=0)\]
Compiling architecture synth of entity xbip_pipe_v3_0_4.xbip_pipe_v3_0_4_viv [\xbip_pipe_v3_0_4_viv(c_latency=...]
Compiling architecture rtl of entity floating_point_v7_1_5.delay [\delay(width=32)\]
Compiling architecture synth of entity xbip_pipe_v3_0_4.xbip_pipe_v3_0_4_viv [\xbip_pipe_v3_0_4_viv(c_latency=...]
Compiling architecture rtl of entity floating_point_v7_1_5.delay [\delay(width=5)\]
Compiling architecture synth of entity floating_point_v7_1_5.flt_accum [\flt_accum(c_xdevicefamily="zynq...]
Compiling architecture synth of entity xbip_pipe_v3_0_4.xbip_pipe_v3_0_4_viv [\xbip_pipe_v3_0_4_viv(c_latency=...]
Compiling architecture xilinx of entity floating_point_v7_1_5.floating_point_v7_1_5_viv [\floating_point_v7_1_5_viv(c_xde...]
Compiling architecture xilinx of entity floating_point_v7_1_5.floating_point_v7_1_5 [\floating_point_v7_1_5(c_xdevice...]
Compiling architecture floating_point_acc_0_arch of entity xil_defaultlib.floating_point_acc_0 [floating_point_acc_0_default]
Compiling architecture behavioral of entity xil_defaultlib.fp_vect_prod_dp [fp_vect_prod_dp_default]
Compiling module blk_mem_gen_v8_4_1.blk_mem_gen_v8_4_1_output_stage(...
Compiling module blk_mem_gen_v8_4_1.blk_mem_gen_v8_4_1_softecc_outpu...
Compiling module blk_mem_gen_v8_4_1.blk_mem_gen_v8_4_1_mem_module(C_...
Compiling module blk_mem_gen_v8_4_1.blk_mem_gen_v8_4_1(C_FAMILY="zyn...
Compiling module xil_defaultlib.blk_mem_gen_0
Compiling architecture arch_imp of entity xil_defaultlib.my_axis_float_matp [my_axis_float_matp_default]
Compiling architecture behavioral of entity xil_defaultlib.tb_float_mats
Built simulation snapshot tb_float_mats_behav
