INFO: [VRFC 10-2263] Analyzing Verilog file "C:/Users/ASUS/Desktop/project_pl_ps/project_pl_ps.sim/sim_1/synth/timing/xsim/tb_stream_mats_time_synth.v" into library xil_defaultlib
INFO: [VRFC 10-311] analyzing module RAM64M_UNIQ_BASE_
INFO: [VRFC 10-311] analyzing module RAM64M_HD1
INFO: [VRFC 10-311] analyzing module RAM64M_HD10
INFO: [VRFC 10-311] analyzing module RAM64M_HD12
INFO: [VRFC 10-311] analyzing module RAM64M_HD13
INFO: [VRFC 10-311] analyzing module RAM64M_HD14
INFO: [VRFC 10-311] analyzing module RAM64M_HD15
INFO: [VRFC 10-311] analyzing module RAM64M_HD16
INFO: [VRFC 10-311] analyzing module RAM64M_HD17
INFO: [VRFC 10-311] analyzing module RAM64M_HD18
INFO: [VRFC 10-311] analyzing module RAM64M_HD2
INFO: [VRFC 10-311] analyzing module RAM64M_HD20
INFO: [VRFC 10-311] analyzing module RAM64M_HD21
INFO: [VRFC 10-311] analyzing module RAM64M_HD22
INFO: [VRFC 10-311] analyzing module RAM64M_HD23
INFO: [VRFC 10-311] analyzing module RAM64M_HD24
INFO: [VRFC 10-311] analyzing module RAM64M_HD25
INFO: [VRFC 10-311] analyzing module RAM64M_HD26
INFO: [VRFC 10-311] analyzing module RAM64M_HD28
INFO: [VRFC 10-311] analyzing module RAM64M_HD29
INFO: [VRFC 10-311] analyzing module RAM64M_HD3
INFO: [VRFC 10-311] analyzing module RAM64M_HD30
INFO: [VRFC 10-311] analyzing module RAM64M_HD4
INFO: [VRFC 10-311] analyzing module RAM64M_HD5
INFO: [VRFC 10-311] analyzing module RAM64M_HD6
INFO: [VRFC 10-311] analyzing module RAM64M_HD7
INFO: [VRFC 10-311] analyzing module RAM64M_HD8
INFO: [VRFC 10-311] analyzing module RAM64M_HD9
INFO: [VRFC 10-311] analyzing module RAM64X1D_UNIQ_BASE_
INFO: [VRFC 10-311] analyzing module RAM64X1D_HD11
INFO: [VRFC 10-311] analyzing module RAM64X1D_HD19
INFO: [VRFC 10-311] analyzing module RAM64X1D_HD27
INFO: [VRFC 10-311] analyzing module address_decoder
INFO: [VRFC 10-311] analyzing module axi_fifo_mm_s
INFO: [VRFC 10-311] analyzing module axi_lite_ipif
INFO: [VRFC 10-311] analyzing module axi_protocol_converter_v2_1_15_axi_protocol_converter
INFO: [VRFC 10-311] analyzing module axi_protocol_converter_v2_1_15_b2s
INFO: [VRFC 10-311] analyzing module axi_protocol_converter_v2_1_15_b2s_ar_channel
INFO: [VRFC 10-311] analyzing module axi_protocol_converter_v2_1_15_b2s_aw_channel
INFO: [VRFC 10-311] analyzing module axi_protocol_converter_v2_1_15_b2s_b_channel
INFO: [VRFC 10-311] analyzing module axi_protocol_converter_v2_1_15_b2s_cmd_translator
INFO: [VRFC 10-311] analyzing module axi_protocol_converter_v2_1_15_b2s_cmd_translator_2
INFO: [VRFC 10-311] analyzing module axi_protocol_converter_v2_1_15_b2s_incr_cmd
INFO: [VRFC 10-311] analyzing module axi_protocol_converter_v2_1_15_b2s_incr_cmd_3
INFO: [VRFC 10-311] analyzing module axi_protocol_converter_v2_1_15_b2s_r_channel
INFO: [VRFC 10-311] analyzing module axi_protocol_converter_v2_1_15_b2s_rd_cmd_fsm
INFO: [VRFC 10-311] analyzing module axi_protocol_converter_v2_1_15_b2s_simple_fifo
INFO: [VRFC 10-311] analyzing module axi_protocol_converter_v2_1_15_b2s_simple_fifo__parameterized0
INFO: [VRFC 10-311] analyzing module axi_protocol_converter_v2_1_15_b2s_simple_fifo__parameterized1
INFO: [VRFC 10-311] analyzing module axi_protocol_converter_v2_1_15_b2s_simple_fifo__parameterized2
INFO: [VRFC 10-311] analyzing module axi_protocol_converter_v2_1_15_b2s_wr_cmd_fsm
INFO: [VRFC 10-311] analyzing module axi_protocol_converter_v2_1_15_b2s_wrap_cmd
INFO: [VRFC 10-311] analyzing module axi_protocol_converter_v2_1_15_b2s_wrap_cmd_4
INFO: [VRFC 10-311] analyzing module axi_register_slice_v2_1_15_axi_register_slice
INFO: [VRFC 10-311] analyzing module axi_register_slice_v2_1_15_axic_register_slice
INFO: [VRFC 10-311] analyzing module axi_register_slice_v2_1_15_axic_register_slice_1
INFO: [VRFC 10-311] analyzing module axi_register_slice_v2_1_15_axic_register_slice__parameterized1
INFO: [VRFC 10-311] analyzing module axi_register_slice_v2_1_15_axic_register_slice__parameterized2
INFO: [VRFC 10-311] analyzing module axis_fg
INFO: [VRFC 10-311] analyzing module axis_fg__parameterized0
INFO: [VRFC 10-311] analyzing module blk_mem_gen_0
INFO: [VRFC 10-311] analyzing module cdc_sync
INFO: [VRFC 10-311] analyzing module cdc_sync_0
INFO: [VRFC 10-311] analyzing module design_1
INFO: [VRFC 10-311] analyzing module design_1_auto_pc_0
INFO: [VRFC 10-311] analyzing module design_1_axi_fifo_mm_s_0_1
INFO: [VRFC 10-311] analyzing module design_1_my_axis_int_matp_cnt_0_1
INFO: [VRFC 10-311] analyzing module design_1_processing_system7_0_0
INFO: [VRFC 10-311] analyzing module design_1_ps7_0_axi_periph_2
INFO: [VRFC 10-311] analyzing module design_1_rst_ps7_0_100M_2
INFO: [VRFC 10-311] analyzing module design_1_wrapper
INFO: [VRFC 10-311] analyzing module fifo
INFO: [VRFC 10-311] analyzing module fifo__parameterized0
INFO: [VRFC 10-311] analyzing module ipic2axi_s
INFO: [VRFC 10-311] analyzing module lpf
INFO: [VRFC 10-311] analyzing module my_axis_int_matp_cnt
INFO: [VRFC 10-311] analyzing module proc_sys_reset
INFO: [VRFC 10-311] analyzing module processing_system7_v5_5_processing_system7
INFO: [VRFC 10-311] analyzing module pselect_f
INFO: [VRFC 10-311] analyzing module pselect_f__parameterized0
INFO: [VRFC 10-311] analyzing module pselect_f__parameterized1
INFO: [VRFC 10-311] analyzing module pselect_f__parameterized10
INFO: [VRFC 10-311] analyzing module pselect_f__parameterized11
INFO: [VRFC 10-311] analyzing module pselect_f__parameterized3
INFO: [VRFC 10-311] analyzing module pselect_f__parameterized4
INFO: [VRFC 10-311] analyzing module pselect_f__parameterized5
INFO: [VRFC 10-311] analyzing module pselect_f__parameterized6
INFO: [VRFC 10-311] analyzing module pselect_f__parameterized7
INFO: [VRFC 10-311] analyzing module pselect_f__parameterized8
INFO: [VRFC 10-311] analyzing module pselect_f__parameterized9
INFO: [VRFC 10-311] analyzing module s00_couplers_imp_UYSKKA
INFO: [VRFC 10-311] analyzing module sequence_psr
INFO: [VRFC 10-311] analyzing module slave_attachment
INFO: [VRFC 10-311] analyzing module sync_fifo_fg
INFO: [VRFC 10-311] analyzing module upcnt_n
INFO: [VRFC 10-311] analyzing module vect_prod_dpv
INFO: [VRFC 10-311] analyzing module xpm_cdc_async_rst
INFO: [VRFC 10-311] analyzing module xpm_cdc_sync_rst
INFO: [VRFC 10-311] analyzing module xpm_cdc_sync_rst__2
INFO: [VRFC 10-311] analyzing module blk_mem_gen_generic_cstr
INFO: [VRFC 10-311] analyzing module blk_mem_gen_generic_cstr_15
INFO: [VRFC 10-311] analyzing module blk_mem_gen_generic_cstr__parameterized0
INFO: [VRFC 10-311] analyzing module blk_mem_gen_prim_width
INFO: [VRFC 10-311] analyzing module blk_mem_gen_prim_width_16
INFO: [VRFC 10-311] analyzing module blk_mem_gen_prim_width__parameterized0
INFO: [VRFC 10-311] analyzing module blk_mem_gen_prim_width__parameterized0_17
INFO: [VRFC 10-311] analyzing module blk_mem_gen_prim_width__parameterized1
INFO: [VRFC 10-311] analyzing module blk_mem_gen_prim_wrapper
INFO: [VRFC 10-311] analyzing module blk_mem_gen_prim_wrapper_19
INFO: [VRFC 10-311] analyzing module blk_mem_gen_prim_wrapper__parameterized0
INFO: [VRFC 10-311] analyzing module blk_mem_gen_prim_wrapper__parameterized0_18
INFO: [VRFC 10-311] analyzing module blk_mem_gen_prim_wrapper__parameterized1
INFO: [VRFC 10-311] analyzing module blk_mem_gen_top
INFO: [VRFC 10-311] analyzing module blk_mem_gen_top_14
INFO: [VRFC 10-311] analyzing module blk_mem_gen_top__parameterized0
INFO: [VRFC 10-311] analyzing module blk_mem_gen_v8_4_1
INFO: [VRFC 10-311] analyzing module blk_mem_gen_v8_4_1_12
INFO: [VRFC 10-311] analyzing module blk_mem_gen_v8_4_1__parameterized1
INFO: [VRFC 10-311] analyzing module blk_mem_gen_v8_4_1_synth
INFO: [VRFC 10-311] analyzing module blk_mem_gen_v8_4_1_synth_13
INFO: [VRFC 10-311] analyzing module blk_mem_gen_v8_4_1_synth__parameterized0
INFO: [VRFC 10-311] analyzing module compare
INFO: [VRFC 10-311] analyzing module compare_21
INFO: [VRFC 10-311] analyzing module compare_22
INFO: [VRFC 10-311] analyzing module compare_27
INFO: [VRFC 10-311] analyzing module compare_28
INFO: [VRFC 10-311] analyzing module compare_5
INFO: [VRFC 10-311] analyzing module compare_6
INFO: [VRFC 10-311] analyzing module compare_7
INFO: [VRFC 10-311] analyzing module compare_8
INFO: [VRFC 10-311] analyzing module dc_ss_fwft
INFO: [VRFC 10-311] analyzing module dmem
INFO: [VRFC 10-311] analyzing module fifo_generator_ramfifo
INFO: [VRFC 10-311] analyzing module fifo_generator_ramfifo__parameterized0
INFO: [VRFC 10-311] analyzing module fifo_generator_ramfifo__parameterized1
INFO: [VRFC 10-311] analyzing module fifo_generator_top
INFO: [VRFC 10-311] analyzing module fifo_generator_top__parameterized0
INFO: [VRFC 10-311] analyzing module fifo_generator_top__parameterized1
INFO: [VRFC 10-311] analyzing module fifo_generator_v13_2_1
INFO: [VRFC 10-311] analyzing module fifo_generator_v13_2_1__parameterized0
INFO: [VRFC 10-311] analyzing module fifo_generator_v13_2_1__parameterized1
INFO: [VRFC 10-311] analyzing module fifo_generator_v13_2_1_synth
INFO: [VRFC 10-311] analyzing module fifo_generator_v13_2_1_synth__parameterized0
INFO: [VRFC 10-311] analyzing module fifo_generator_v13_2_1_synth__parameterized1
INFO: [VRFC 10-311] analyzing module memory
INFO: [VRFC 10-311] analyzing module memory_11
INFO: [VRFC 10-311] analyzing module memory__parameterized0
INFO: [VRFC 10-311] analyzing module rd_bin_cntr
INFO: [VRFC 10-311] analyzing module rd_bin_cntr_26
INFO: [VRFC 10-311] analyzing module rd_bin_cntr__parameterized0
INFO: [VRFC 10-311] analyzing module rd_fwft
INFO: [VRFC 10-311] analyzing module rd_fwft_23
INFO: [VRFC 10-311] analyzing module rd_fwft_9
INFO: [VRFC 10-311] analyzing module rd_logic
INFO: [VRFC 10-311] analyzing module rd_logic_10
INFO: [VRFC 10-311] analyzing module rd_logic__parameterized0
INFO: [VRFC 10-311] analyzing module rd_pe_ss
INFO: [VRFC 10-311] analyzing module rd_pe_ss_24
INFO: [VRFC 10-311] analyzing module rd_status_flags_ss
INFO: [VRFC 10-311] analyzing module rd_status_flags_ss_25
INFO: [VRFC 10-311] analyzing module rd_status_flags_ss__parameterized0
INFO: [VRFC 10-311] analyzing module reset_blk_ramfifo
INFO: [VRFC 10-311] analyzing module reset_blk_ramfifo__parameterized0
INFO: [VRFC 10-311] analyzing module reset_blk_ramfifo__parameterized0__xdcDup__1
INFO: [VRFC 10-311] analyzing module updn_cntr
INFO: [VRFC 10-311] analyzing module wr_bin_cntr
INFO: [VRFC 10-311] analyzing module wr_bin_cntr__parameterized0
INFO: [VRFC 10-311] analyzing module wr_bin_cntr__parameterized1
INFO: [VRFC 10-311] analyzing module wr_logic
INFO: [VRFC 10-311] analyzing module wr_logic__parameterized0
INFO: [VRFC 10-311] analyzing module wr_logic__parameterized1
INFO: [VRFC 10-311] analyzing module wr_pf_ss
INFO: [VRFC 10-311] analyzing module wr_pf_ss_20
INFO: [VRFC 10-311] analyzing module wr_status_flags_ss
INFO: [VRFC 10-311] analyzing module wr_status_flags_ss__parameterized0
INFO: [VRFC 10-311] analyzing module wr_status_flags_ss__parameterized1
INFO: [VRFC 10-311] analyzing module glbl
INFO: [VRFC 10-163] Analyzing VHDL file "C:/Users/ASUS/Desktop/project_pl_ps/matpIP/src/my_axis_int_matp_cnt.vhd" into library xil_defaultlib
INFO: [VRFC 10-307] analyzing entity my_axis_int_matp_cnt
INFO: [VRFC 10-163] Analyzing VHDL file "C:/Users/ASUS/Desktop/project_pl_ps/matpIP/src/vect_prod_dpv.vhd" into library xil_defaultlib
INFO: [VRFC 10-307] analyzing entity vect_prod_dpv
INFO: [VRFC 10-163] Analyzing VHDL file "C:/Users/ASUS/Desktop/project_pl_ps/matpIP/src/tb_stream_mats.vhd" into library xil_defaultlib
INFO: [VRFC 10-307] analyzing entity tb_stream_mats
