13:28:36 **** Auto Build of configuration Debug for project final_proj ****
make pre-build main-build 
a9-linaro-pre-build-step
' '
'Building file: ../src/gauss_jacobi.c'
'Invoking: ARM v7 gcc compiler'
arm-none-eabi-gcc -Wall -O0 -g3 -c -fmessage-length=0 -MT"src/gauss_jacobi.o" -mcpu=cortex-a9 -mfpu=vfpv3 -mfloat-abi=hard -I../../standalone_bsp_0/ps7_cortexa9_0/include -MMD -MP -MF"src/gauss_jacobi.d" -MT"src/gauss_jacobi.o" -o "src/gauss_jacobi.o" "../src/gauss_jacobi.c"
'Finished building: ../src/gauss_jacobi.c'
' '
'Building target: final_proj.elf'
'Invoking: ARM v7 gcc linker'
arm-none-eabi-gcc -mcpu=cortex-a9 -mfpu=vfpv3 -mfloat-abi=hard -Wl,-build-id=none -specs=Xilinx.spec -Wl,-T -Wl,../src/lscript.ld -L../../standalone_bsp_0/ps7_cortexa9_0/lib -o "final_proj.elf"  ./src/auxiliar_functions.o ./src/gauss_jacobi.o   -Wl,--start-group,-lxil,-lgcc,-lc,--end-group
'Finished building target: final_proj.elf'
' '
'Invoking: ARM v7 Print Size'
arm-none-eabi-size final_proj.elf  |tee "final_proj.elf.size"
   text	   data	    bss	    dec	    hex	filename
  86604	   2716	  25232	 114552	  1bf78	final_proj.elf
'Finished building: final_proj.elf.size'
' '

13:29:17 Build Finished (took 41s.255ms)

